2021-08-19 12:22:24.917  INFO [PensionDisburesmentService,,] 9620 --- [restartedMain] nsionDisbursementMicroserviceApplication : Starting PensionDisbursementMicroserviceApplication using Java 16.0.1 on DESKTOP-UBQ4MP1 with PID 9620 (C:\Users\Sanyam\Desktop\CTS-final-viva\PensionManagement\pension-disbursement-microservice\target\classes started by Sanyam in C:\Users\Sanyam\Desktop\CTS-final-viva\PensionManagement\pension-disbursement-microservice)
2021-08-19 12:22:24.921  INFO [PensionDisburesmentService,,] 9620 --- [restartedMain] nsionDisbursementMicroserviceApplication : No active profile set, falling back to default profiles: default
2021-08-19 12:22:25.026  INFO [PensionDisburesmentService,,] 9620 --- [restartedMain] .e.DevToolsPropertyDefaultsPostProcessor : Devtools property defaults active! Set 'spring.devtools.add-properties' to 'false' to disable
2021-08-19 12:22:25.026  INFO [PensionDisburesmentService,,] 9620 --- [restartedMain] .e.DevToolsPropertyDefaultsPostProcessor : For additional web related logging consider setting the 'logging.level.web' property to 'DEBUG'
2021-08-19 12:22:26.642  INFO [PensionDisburesmentService,,] 9620 --- [restartedMain] .s.d.r.c.RepositoryConfigurationDelegate : Bootstrapping Spring Data JPA repositories in DEFAULT mode.
2021-08-19 12:22:26.663  INFO [PensionDisburesmentService,,] 9620 --- [restartedMain] .s.d.r.c.RepositoryConfigurationDelegate : Finished Spring Data repository scanning in 10 ms. Found 0 JPA repository interfaces.
2021-08-19 12:22:27.212  INFO [PensionDisburesmentService,,] 9620 --- [restartedMain] o.s.cloud.context.scope.GenericScope     : BeanFactory id=de0ab27a-967f-3f99-93ef-47463521ea75
2021-08-19 12:22:28.537  INFO [PensionDisburesmentService,,] 9620 --- [restartedMain] o.s.b.w.embedded.tomcat.TomcatWebServer  : Tomcat initialized with port(s): 9083 (http)
2021-08-19 12:22:28.555  INFO [PensionDisburesmentService,,] 9620 --- [restartedMain] o.apache.catalina.core.StandardService   : Starting service [Tomcat]
2021-08-19 12:22:28.555  INFO [PensionDisburesmentService,,] 9620 --- [restartedMain] org.apache.catalina.core.StandardEngine  : Starting Servlet engine: [Apache Tomcat/9.0.50]
2021-08-19 12:22:28.717  INFO [PensionDisburesmentService,,] 9620 --- [restartedMain] o.a.c.c.C.[Tomcat].[localhost].[/]       : Initializing Spring embedded WebApplicationContext
2021-08-19 12:22:28.718  INFO [PensionDisburesmentService,,] 9620 --- [restartedMain] w.s.c.ServletWebServerApplicationContext : Root WebApplicationContext: initialization completed in 3690 ms
2021-08-19 12:22:28.863  INFO [PensionDisburesmentService,,] 9620 --- [restartedMain] com.zaxxer.hikari.HikariDataSource       : HikariPool-1 - Starting...
2021-08-19 12:22:29.189  INFO [PensionDisburesmentService,,] 9620 --- [restartedMain] com.zaxxer.hikari.HikariDataSource       : HikariPool-1 - Start completed.
2021-08-19 12:22:29.203  INFO [PensionDisburesmentService,,] 9620 --- [restartedMain] o.s.b.a.h2.H2ConsoleAutoConfiguration    : H2 console available at '/h2-console'. Database available at 'jdbc:h2:mem:bec18ce5-423c-4203-b439-cf109db51a06'
2021-08-19 12:22:29.731  WARN [PensionDisburesmentService,,] 9620 --- [restartedMain] o.s.c.s.a.z.ZipkinAutoConfiguration      : Check result of the [RestTemplateSender{http://localhost:9411/api/v2/spans}] contains an error [CheckResult{ok=false, error=org.springframework.web.client.ResourceAccessException: I/O error on POST request for "http://localhost:9411/api/v2/spans": Connection refused: no further information; nested exception is java.net.ConnectException: Connection refused: no further information}]
2021-08-19 12:22:30.184  INFO [PensionDisburesmentService,,] 9620 --- [restartedMain] o.hibernate.jpa.internal.util.LogHelper  : HHH000204: Processing PersistenceUnitInfo [name: default]
2021-08-19 12:22:30.291  INFO [PensionDisburesmentService,,] 9620 --- [restartedMain] org.hibernate.Version                    : HHH000412: Hibernate ORM core version 5.4.32.Final
2021-08-19 12:22:30.593  INFO [PensionDisburesmentService,,] 9620 --- [restartedMain] o.hibernate.annotations.common.Version   : HCANN000001: Hibernate Commons Annotations {5.1.2.Final}
2021-08-19 12:22:30.825  INFO [PensionDisburesmentService,,] 9620 --- [restartedMain] org.hibernate.dialect.Dialect            : HHH000400: Using dialect: org.hibernate.dialect.H2Dialect
2021-08-19 12:22:31.212  INFO [PensionDisburesmentService,,] 9620 --- [restartedMain] o.h.e.t.j.p.i.JtaPlatformInitiator       : HHH000490: Using JtaPlatform implementation: [org.hibernate.engine.transaction.jta.platform.internal.NoJtaPlatform]
2021-08-19 12:22:31.225  INFO [PensionDisburesmentService,,] 9620 --- [restartedMain] j.LocalContainerEntityManagerFactoryBean : Initialized JPA EntityManagerFactory for persistence unit 'default'
2021-08-19 12:22:31.372  WARN [PensionDisburesmentService,,] 9620 --- [restartedMain] o.s.b.d.a.OptionalLiveReloadServer       : Unable to start LiveReload server
2021-08-19 12:22:31.608  WARN [PensionDisburesmentService,,] 9620 --- [restartedMain] JpaBaseConfiguration$JpaWebConfiguration : spring.jpa.open-in-view is enabled by default. Therefore, database queries may be performed during view rendering. Explicitly configure spring.jpa.open-in-view to disable this warning
2021-08-19 12:22:33.891  INFO [PensionDisburesmentService,,] 9620 --- [restartedMain] o.s.b.w.embedded.tomcat.TomcatWebServer  : Tomcat started on port(s): 9083 (http) with context path ''
2021-08-19 12:22:34.051  INFO [PensionDisburesmentService,,] 9620 --- [restartedMain] d.s.w.p.DocumentationPluginsBootstrapper : Context refreshed
2021-08-19 12:22:34.079  INFO [PensionDisburesmentService,,] 9620 --- [restartedMain] d.s.w.p.DocumentationPluginsBootstrapper : Found 1 custom documentation plugin(s)
2021-08-19 12:22:34.093  INFO [PensionDisburesmentService,,] 9620 --- [restartedMain] s.d.s.w.s.ApiListingReferenceScanner     : Scanning for api listing references
2021-08-19 12:22:34.331  INFO [PensionDisburesmentService,,] 9620 --- [restartedMain] nsionDisbursementMicroserviceApplication : Started PensionDisbursementMicroserviceApplication in 10.231 seconds (JVM running for 11.759)
2021-08-19 12:35:05.343  INFO [PensionDisburesmentService,,] 9620 --- [RMI TCP Connection(21)-127.0.0.1] inMXBeanRegistrar$SpringApplicationAdmin : Application shutdown requested.
2021-08-19 12:35:10.861  INFO [PensionDisburesmentService,,] 9620 --- [RMI TCP Connection(21)-127.0.0.1] j.LocalContainerEntityManagerFactoryBean : Closing JPA EntityManagerFactory for persistence unit 'default'
2021-08-19 12:35:11.128  INFO [PensionDisburesmentService,,] 9620 --- [RMI TCP Connection(21)-127.0.0.1] .SchemaDropperImpl$DelayedDropActionImpl : HHH000477: Starting delayed evictData of schema as part of SessionFactory shut-down'
2021-08-19 12:35:11.707  WARN [PensionDisburesmentService,,] 9620 --- [RMI TCP Connection(21)-127.0.0.1] o.s.b.f.support.DisposableBeanAdapter    : Invocation of destroy method failed on bean with name 'inMemoryDatabaseShutdownExecutor': org.h2.jdbc.JdbcSQLNonTransientConnectionException: Database is already closed (to disable automatic closing at VM shutdown, add ";DB_CLOSE_ON_EXIT=FALSE" to the db URL) [90121-200]
2021-08-19 12:35:12.718  INFO [PensionDisburesmentService,,] 9620 --- [RMI TCP Connection(21)-127.0.0.1] com.zaxxer.hikari.HikariDataSource       : HikariPool-1 - Shutdown initiated...
2021-08-19 12:35:12.787  INFO [PensionDisburesmentService,,] 9620 --- [RMI TCP Connection(21)-127.0.0.1] com.zaxxer.hikari.HikariDataSource       : HikariPool-1 - Shutdown completed.
2021-08-19 12:36:34.935  INFO [PensionDisburesmentService,,] 11740 --- [restartedMain] nsionDisbursementMicroserviceApplication : Starting PensionDisbursementMicroserviceApplication using Java 16.0.1 on DESKTOP-UBQ4MP1 with PID 11740 (C:\Users\Sanyam\Desktop\CTS-final-viva\PensionManagement\pension-disbursement-microservice\target\classes started by Sanyam in C:\Users\Sanyam\Desktop\CTS-final-viva\PensionManagement\pension-disbursement-microservice)
2021-08-19 12:36:34.939  INFO [PensionDisburesmentService,,] 11740 --- [restartedMain] nsionDisbursementMicroserviceApplication : No active profile set, falling back to default profiles: default
2021-08-19 12:36:35.015  INFO [PensionDisburesmentService,,] 11740 --- [restartedMain] .e.DevToolsPropertyDefaultsPostProcessor : Devtools property defaults active! Set 'spring.devtools.add-properties' to 'false' to disable
2021-08-19 12:36:35.015  INFO [PensionDisburesmentService,,] 11740 --- [restartedMain] .e.DevToolsPropertyDefaultsPostProcessor : For additional web related logging consider setting the 'logging.level.web' property to 'DEBUG'
2021-08-19 12:36:36.400  INFO [PensionDisburesmentService,,] 11740 --- [restartedMain] .s.d.r.c.RepositoryConfigurationDelegate : Bootstrapping Spring Data JPA repositories in DEFAULT mode.
2021-08-19 12:36:36.419  INFO [PensionDisburesmentService,,] 11740 --- [restartedMain] .s.d.r.c.RepositoryConfigurationDelegate : Finished Spring Data repository scanning in 8 ms. Found 0 JPA repository interfaces.
2021-08-19 12:36:36.831  INFO [PensionDisburesmentService,,] 11740 --- [restartedMain] o.s.cloud.context.scope.GenericScope     : BeanFactory id=de0ab27a-967f-3f99-93ef-47463521ea75
2021-08-19 12:36:37.964  INFO [PensionDisburesmentService,,] 11740 --- [restartedMain] o.s.b.w.embedded.tomcat.TomcatWebServer  : Tomcat initialized with port(s): 9083 (http)
2021-08-19 12:36:37.982  INFO [PensionDisburesmentService,,] 11740 --- [restartedMain] o.apache.catalina.core.StandardService   : Starting service [Tomcat]
2021-08-19 12:36:37.983  INFO [PensionDisburesmentService,,] 11740 --- [restartedMain] org.apache.catalina.core.StandardEngine  : Starting Servlet engine: [Apache Tomcat/9.0.50]
2021-08-19 12:36:38.166  INFO [PensionDisburesmentService,,] 11740 --- [restartedMain] o.a.c.c.C.[Tomcat].[localhost].[/]       : Initializing Spring embedded WebApplicationContext
2021-08-19 12:36:38.166  INFO [PensionDisburesmentService,,] 11740 --- [restartedMain] w.s.c.ServletWebServerApplicationContext : Root WebApplicationContext: initialization completed in 3150 ms
2021-08-19 12:36:38.283  INFO [PensionDisburesmentService,,] 11740 --- [restartedMain] com.zaxxer.hikari.HikariDataSource       : HikariPool-1 - Starting...
2021-08-19 12:36:38.525  INFO [PensionDisburesmentService,,] 11740 --- [restartedMain] com.zaxxer.hikari.HikariDataSource       : HikariPool-1 - Start completed.
2021-08-19 12:36:38.534  INFO [PensionDisburesmentService,,] 11740 --- [restartedMain] o.s.b.a.h2.H2ConsoleAutoConfiguration    : H2 console available at '/h2-console'. Database available at 'jdbc:h2:mem:5abc85ec-e7fd-4fb2-bc74-d34c45059355'
2021-08-19 12:36:38.957  WARN [PensionDisburesmentService,,] 11740 --- [restartedMain] o.s.c.s.a.z.ZipkinAutoConfiguration      : Check result of the [RestTemplateSender{http://localhost:9411/api/v2/spans}] contains an error [CheckResult{ok=false, error=org.springframework.web.client.ResourceAccessException: I/O error on POST request for "http://localhost:9411/api/v2/spans": Connection refused: no further information; nested exception is java.net.ConnectException: Connection refused: no further information}]
2021-08-19 12:36:39.347  INFO [PensionDisburesmentService,,] 11740 --- [restartedMain] o.hibernate.jpa.internal.util.LogHelper  : HHH000204: Processing PersistenceUnitInfo [name: default]
2021-08-19 12:36:39.434  INFO [PensionDisburesmentService,,] 11740 --- [restartedMain] org.hibernate.Version                    : HHH000412: Hibernate ORM core version 5.4.32.Final
2021-08-19 12:36:39.653  INFO [PensionDisburesmentService,,] 11740 --- [restartedMain] o.hibernate.annotations.common.Version   : HCANN000001: Hibernate Commons Annotations {5.1.2.Final}
2021-08-19 12:36:39.896  INFO [PensionDisburesmentService,,] 11740 --- [restartedMain] org.hibernate.dialect.Dialect            : HHH000400: Using dialect: org.hibernate.dialect.H2Dialect
2021-08-19 12:36:40.306  INFO [PensionDisburesmentService,,] 11740 --- [restartedMain] o.h.e.t.j.p.i.JtaPlatformInitiator       : HHH000490: Using JtaPlatform implementation: [org.hibernate.engine.transaction.jta.platform.internal.NoJtaPlatform]
2021-08-19 12:36:40.322  INFO [PensionDisburesmentService,,] 11740 --- [restartedMain] j.LocalContainerEntityManagerFactoryBean : Initialized JPA EntityManagerFactory for persistence unit 'default'
2021-08-19 12:36:40.491  WARN [PensionDisburesmentService,,] 11740 --- [restartedMain] o.s.b.d.a.OptionalLiveReloadServer       : Unable to start LiveReload server
2021-08-19 12:36:40.768  WARN [PensionDisburesmentService,,] 11740 --- [restartedMain] JpaBaseConfiguration$JpaWebConfiguration : spring.jpa.open-in-view is enabled by default. Therefore, database queries may be performed during view rendering. Explicitly configure spring.jpa.open-in-view to disable this warning
2021-08-19 12:36:42.716  INFO [PensionDisburesmentService,,] 11740 --- [restartedMain] o.s.b.w.embedded.tomcat.TomcatWebServer  : Tomcat started on port(s): 9083 (http) with context path ''
2021-08-19 12:36:42.863  INFO [PensionDisburesmentService,,] 11740 --- [restartedMain] d.s.w.p.DocumentationPluginsBootstrapper : Context refreshed
2021-08-19 12:36:42.902  INFO [PensionDisburesmentService,,] 11740 --- [restartedMain] d.s.w.p.DocumentationPluginsBootstrapper : Found 1 custom documentation plugin(s)
2021-08-19 12:36:42.914  INFO [PensionDisburesmentService,,] 11740 --- [restartedMain] s.d.s.w.s.ApiListingReferenceScanner     : Scanning for api listing references
2021-08-19 12:36:43.132  INFO [PensionDisburesmentService,,] 11740 --- [restartedMain] nsionDisbursementMicroserviceApplication : Started PensionDisbursementMicroserviceApplication in 8.948 seconds (JVM running for 10.389)
2021-08-19 12:41:26.258  INFO [PensionDisburesmentService,,] 11740 --- [http-nio-9083-exec-1] o.a.c.c.C.[Tomcat].[localhost].[/]       : Initializing Spring DispatcherServlet 'dispatcherServlet'
2021-08-19 12:41:26.259  INFO [PensionDisburesmentService,,] 11740 --- [http-nio-9083-exec-1] o.s.web.servlet.DispatcherServlet        : Initializing Servlet 'dispatcherServlet'
2021-08-19 12:41:26.261  INFO [PensionDisburesmentService,,] 11740 --- [http-nio-9083-exec-1] o.s.web.servlet.DispatcherServlet        : Completed initialization in 2 ms
2021-08-19 12:41:26.709  INFO [PensionDisburesmentService,15455f131e97a272,f1a3f1b051697aff] 11740 --- [http-nio-9083-exec-1] c.c.c.PensionerDisbrusmentConroller      : STARTED - getPensionDisbursement
2021-08-19 12:41:26.757  INFO [PensionDisburesmentService,15455f131e97a272,f1a3f1b051697aff] 11740 --- [http-nio-9083-exec-1] c.c.service.PensionDisbrusmentService    : STARTED - statusCode
2021-08-19 12:41:26.758  INFO [PensionDisburesmentService,15455f131e97a272,f1a3f1b051697aff] 11740 --- [http-nio-9083-exec-1] c.c.service.PensionDisbrusmentService    : STARTED - inputBankCharge
2021-08-19 12:41:26.758  INFO [PensionDisburesmentService,15455f131e97a272,f1a3f1b051697aff] 11740 --- [http-nio-9083-exec-1] c.c.service.PensionDisbrusmentService    : END - inputBankCharge - public - true
2021-08-19 12:41:26.758  INFO [PensionDisburesmentService,15455f131e97a272,f1a3f1b051697aff] 11740 --- [http-nio-9083-exec-1] c.c.service.PensionDisbrusmentService    : STARTED - calculatePension
2021-08-19 12:41:26.758  INFO [PensionDisburesmentService,15455f131e97a272,f1a3f1b051697aff] 11740 --- [http-nio-9083-exec-1] c.c.service.PensionDisbrusmentService    : END - calculatePension
2021-08-19 12:41:26.759  INFO [PensionDisburesmentService,15455f131e97a272,f1a3f1b051697aff] 11740 --- [http-nio-9083-exec-1] c.c.service.PensionDisbrusmentService    : END - statusCode - sucess
2021-08-19 12:41:26.759  INFO [PensionDisburesmentService,15455f131e97a272,f1a3f1b051697aff] 11740 --- [http-nio-9083-exec-1] c.c.c.PensionerDisbrusmentConroller      : END - getPensionDisbursement
2021-08-19 12:41:42.186  INFO [PensionDisburesmentService,fc4b3e859fdfffb1,8ab860b25d54f85f] 11740 --- [http-nio-9083-exec-2] c.c.c.PensionerDisbrusmentConroller      : STARTED - getPensionDisbursement
2021-08-19 12:41:42.217  INFO [PensionDisburesmentService,fc4b3e859fdfffb1,8ab860b25d54f85f] 11740 --- [http-nio-9083-exec-2] c.c.service.PensionDisbrusmentService    : STARTED - statusCode
2021-08-19 12:41:42.217  INFO [PensionDisburesmentService,fc4b3e859fdfffb1,8ab860b25d54f85f] 11740 --- [http-nio-9083-exec-2] c.c.service.PensionDisbrusmentService    : STARTED - inputBankCharge
2021-08-19 12:41:42.217  INFO [PensionDisburesmentService,fc4b3e859fdfffb1,8ab860b25d54f85f] 11740 --- [http-nio-9083-exec-2] c.c.service.PensionDisbrusmentService    : END - inputBankCharge - public - false
2021-08-19 12:41:42.217  INFO [PensionDisburesmentService,fc4b3e859fdfffb1,8ab860b25d54f85f] 11740 --- [http-nio-9083-exec-2] c.c.service.PensionDisbrusmentService    : END - statusCode - fail
2021-08-19 12:41:42.218  INFO [PensionDisburesmentService,fc4b3e859fdfffb1,8ab860b25d54f85f] 11740 --- [http-nio-9083-exec-2] c.c.c.PensionerDisbrusmentConroller      : END - getPensionDisbursement
2021-08-19 12:59:54.159  INFO [PensionDisburesmentService,,] 11740 --- [RMI TCP Connection(32)-127.0.0.1] inMXBeanRegistrar$SpringApplicationAdmin : Application shutdown requested.
2021-08-19 12:59:55.816  INFO [PensionDisburesmentService,,] 11740 --- [RMI TCP Connection(32)-127.0.0.1] j.LocalContainerEntityManagerFactoryBean : Closing JPA EntityManagerFactory for persistence unit 'default'
2021-08-19 12:59:56.018  INFO [PensionDisburesmentService,,] 11740 --- [RMI TCP Connection(32)-127.0.0.1] .SchemaDropperImpl$DelayedDropActionImpl : HHH000477: Starting delayed evictData of schema as part of SessionFactory shut-down'
2021-08-19 12:59:56.450  WARN [PensionDisburesmentService,,] 11740 --- [RMI TCP Connection(32)-127.0.0.1] o.s.b.f.support.DisposableBeanAdapter    : Invocation of destroy method failed on bean with name 'inMemoryDatabaseShutdownExecutor': org.h2.jdbc.JdbcSQLNonTransientConnectionException: Database is already closed (to disable automatic closing at VM shutdown, add ";DB_CLOSE_ON_EXIT=FALSE" to the db URL) [90121-200]
2021-08-19 12:59:57.462  INFO [PensionDisburesmentService,,] 11740 --- [RMI TCP Connection(32)-127.0.0.1] com.zaxxer.hikari.HikariDataSource       : HikariPool-1 - Shutdown initiated...
2021-08-19 12:59:57.466  INFO [PensionDisburesmentService,,] 11740 --- [RMI TCP Connection(32)-127.0.0.1] com.zaxxer.hikari.HikariDataSource       : HikariPool-1 - Shutdown completed.
2022-05-18 11:13:29.160  INFO [PensionDisburesmentService,,] 1456 --- [restartedMain] nsionDisbursementMicroserviceApplication : Starting PensionDisbursementMicroserviceApplication using Java 17.0.2 on LAPTOP-3BOKUJ1Q with PID 1456 (C:\Users\hp\git\PensionManagementSystem\pension-disbursement-microservice\target\classes started by hp in C:\Users\hp\git\PensionManagementSystem\pension-disbursement-microservice)
2022-05-18 11:13:29.185  INFO [PensionDisburesmentService,,] 1456 --- [restartedMain] nsionDisbursementMicroserviceApplication : No active profile set, falling back to default profiles: default
2022-05-18 11:13:29.264  INFO [PensionDisburesmentService,,] 1456 --- [restartedMain] .e.DevToolsPropertyDefaultsPostProcessor : Devtools property defaults active! Set 'spring.devtools.add-properties' to 'false' to disable
2022-05-18 11:13:29.264  INFO [PensionDisburesmentService,,] 1456 --- [restartedMain] .e.DevToolsPropertyDefaultsPostProcessor : For additional web related logging consider setting the 'logging.level.web' property to 'DEBUG'
2022-05-18 11:13:31.284  INFO [PensionDisburesmentService,,] 1456 --- [restartedMain] .s.d.r.c.RepositoryConfigurationDelegate : Bootstrapping Spring Data JPA repositories in DEFAULT mode.
2022-05-18 11:13:31.302  INFO [PensionDisburesmentService,,] 1456 --- [restartedMain] .s.d.r.c.RepositoryConfigurationDelegate : Finished Spring Data repository scanning in 9 ms. Found 0 JPA repository interfaces.
2022-05-18 11:13:31.959  INFO [PensionDisburesmentService,,] 1456 --- [restartedMain] o.s.cloud.context.scope.GenericScope     : BeanFactory id=de0ab27a-967f-3f99-93ef-47463521ea75
2022-05-18 11:13:33.699  INFO [PensionDisburesmentService,,] 1456 --- [restartedMain] o.s.b.w.embedded.tomcat.TomcatWebServer  : Tomcat initialized with port(s): 9083 (http)
2022-05-18 11:13:33.718  INFO [PensionDisburesmentService,,] 1456 --- [restartedMain] o.apache.catalina.core.StandardService   : Starting service [Tomcat]
2022-05-18 11:13:33.719  INFO [PensionDisburesmentService,,] 1456 --- [restartedMain] org.apache.catalina.core.StandardEngine  : Starting Servlet engine: [Apache Tomcat/9.0.50]
2022-05-18 11:13:34.272  INFO [PensionDisburesmentService,,] 1456 --- [restartedMain] o.a.c.c.C.[Tomcat].[localhost].[/]       : Initializing Spring embedded WebApplicationContext
2022-05-18 11:13:34.275  INFO [PensionDisburesmentService,,] 1456 --- [restartedMain] w.s.c.ServletWebServerApplicationContext : Root WebApplicationContext: initialization completed in 5010 ms
2022-05-18 11:13:34.520  INFO [PensionDisburesmentService,,] 1456 --- [restartedMain] com.zaxxer.hikari.HikariDataSource       : HikariPool-1 - Starting...
2022-05-18 11:13:34.884  INFO [PensionDisburesmentService,,] 1456 --- [restartedMain] com.zaxxer.hikari.HikariDataSource       : HikariPool-1 - Start completed.
2022-05-18 11:13:34.893  INFO [PensionDisburesmentService,,] 1456 --- [restartedMain] o.s.b.a.h2.H2ConsoleAutoConfiguration    : H2 console available at '/h2-console'. Database available at 'jdbc:h2:mem:1a7cda2d-de62-4b69-8450-459631d226c9'
2022-05-18 11:13:35.685  WARN [PensionDisburesmentService,,] 1456 --- [restartedMain] o.s.c.s.a.z.ZipkinAutoConfiguration      : Check result of the [RestTemplateSender{http://localhost:9411/api/v2/spans}] contains an error [CheckResult{ok=false, error=org.springframework.web.client.ResourceAccessException: I/O error on POST request for "http://localhost:9411/api/v2/spans": Connection refused: no further information; nested exception is java.net.ConnectException: Connection refused: no further information}]
2022-05-18 11:13:36.274  INFO [PensionDisburesmentService,,] 1456 --- [restartedMain] o.hibernate.jpa.internal.util.LogHelper  : HHH000204: Processing PersistenceUnitInfo [name: default]
2022-05-18 11:13:36.383  INFO [PensionDisburesmentService,,] 1456 --- [restartedMain] org.hibernate.Version                    : HHH000412: Hibernate ORM core version 5.4.32.Final
2022-05-18 11:13:36.651  INFO [PensionDisburesmentService,,] 1456 --- [restartedMain] o.hibernate.annotations.common.Version   : HCANN000001: Hibernate Commons Annotations {5.1.2.Final}
2022-05-18 11:13:36.985  INFO [PensionDisburesmentService,,] 1456 --- [restartedMain] org.hibernate.dialect.Dialect            : HHH000400: Using dialect: org.hibernate.dialect.H2Dialect
2022-05-18 11:13:37.533  INFO [PensionDisburesmentService,,] 1456 --- [restartedMain] o.h.e.t.j.p.i.JtaPlatformInitiator       : HHH000490: Using JtaPlatform implementation: [org.hibernate.engine.transaction.jta.platform.internal.NoJtaPlatform]
2022-05-18 11:13:37.559  INFO [PensionDisburesmentService,,] 1456 --- [restartedMain] j.LocalContainerEntityManagerFactoryBean : Initialized JPA EntityManagerFactory for persistence unit 'default'
2022-05-18 11:13:37.768  WARN [PensionDisburesmentService,,] 1456 --- [restartedMain] o.s.b.d.a.OptionalLiveReloadServer       : Unable to start LiveReload server
2022-05-18 11:13:38.260  WARN [PensionDisburesmentService,,] 1456 --- [restartedMain] JpaBaseConfiguration$JpaWebConfiguration : spring.jpa.open-in-view is enabled by default. Therefore, database queries may be performed during view rendering. Explicitly configure spring.jpa.open-in-view to disable this warning
2022-05-18 11:13:41.677  INFO [PensionDisburesmentService,,] 1456 --- [restartedMain] o.s.b.w.embedded.tomcat.TomcatWebServer  : Tomcat started on port(s): 9083 (http) with context path ''
2022-05-18 11:13:42.036  INFO [PensionDisburesmentService,,] 1456 --- [restartedMain] d.s.w.p.DocumentationPluginsBootstrapper : Context refreshed
2022-05-18 11:13:42.062  INFO [PensionDisburesmentService,,] 1456 --- [restartedMain] d.s.w.p.DocumentationPluginsBootstrapper : Found 1 custom documentation plugin(s)
2022-05-18 11:13:42.077  INFO [PensionDisburesmentService,,] 1456 --- [restartedMain] s.d.s.w.s.ApiListingReferenceScanner     : Scanning for api listing references
2022-05-18 11:13:42.381  INFO [PensionDisburesmentService,,] 1456 --- [restartedMain] nsionDisbursementMicroserviceApplication : Started PensionDisbursementMicroserviceApplication in 14.069 seconds (JVM running for 15.452)
2022-05-18 11:31:45.262  INFO [PensionDisburesmentService,,] 1456 --- [http-nio-9083-exec-1] o.a.c.c.C.[Tomcat].[localhost].[/]       : Initializing Spring DispatcherServlet 'dispatcherServlet'
2022-05-18 11:31:45.292  INFO [PensionDisburesmentService,,] 1456 --- [http-nio-9083-exec-1] o.s.web.servlet.DispatcherServlet        : Initializing Servlet 'dispatcherServlet'
2022-05-18 11:31:45.295  INFO [PensionDisburesmentService,,] 1456 --- [http-nio-9083-exec-1] o.s.web.servlet.DispatcherServlet        : Completed initialization in 3 ms
2022-05-18 11:31:47.342  INFO [PensionDisburesmentService,8151494443251644,ea6f9d0509297440] 1456 --- [http-nio-9083-exec-1] c.c.c.PensionerDisbrusmentConroller      : STARTED - getPensionDisbursement
2022-05-18 11:31:47.383  INFO [PensionDisburesmentService,8151494443251644,ea6f9d0509297440] 1456 --- [http-nio-9083-exec-1] c.c.service.PensionDisbrusmentService    : STARTED - statusCode
2022-05-18 11:31:47.384  INFO [PensionDisburesmentService,8151494443251644,ea6f9d0509297440] 1456 --- [http-nio-9083-exec-1] c.c.service.PensionDisbrusmentService    : STARTED - inputBankCharge
2022-05-18 11:31:47.384  INFO [PensionDisburesmentService,8151494443251644,ea6f9d0509297440] 1456 --- [http-nio-9083-exec-1] c.c.service.PensionDisbrusmentService    : END - inputBankCharge - public - false
2022-05-18 11:31:47.384  INFO [PensionDisburesmentService,8151494443251644,ea6f9d0509297440] 1456 --- [http-nio-9083-exec-1] c.c.service.PensionDisbrusmentService    : END - statusCode - fail
2022-05-18 11:31:47.385  INFO [PensionDisburesmentService,8151494443251644,ea6f9d0509297440] 1456 --- [http-nio-9083-exec-1] c.c.c.PensionerDisbrusmentConroller      : END - getPensionDisbursement
2022-05-18 13:09:57.111  INFO [PensionDisburesmentService,c4c4ac198e27a75d,784b075f3e369454] 1456 --- [http-nio-9083-exec-2] c.c.c.PensionerDisbrusmentConroller      : STARTED - getPensionDisbursement
2022-05-18 13:09:57.332  INFO [PensionDisburesmentService,c4c4ac198e27a75d,784b075f3e369454] 1456 --- [http-nio-9083-exec-2] c.c.service.PensionDisbrusmentService    : STARTED - statusCode
2022-05-18 13:09:57.333  INFO [PensionDisburesmentService,c4c4ac198e27a75d,784b075f3e369454] 1456 --- [http-nio-9083-exec-2] c.c.service.PensionDisbrusmentService    : STARTED - inputBankCharge
2022-05-18 13:09:57.333  INFO [PensionDisburesmentService,c4c4ac198e27a75d,784b075f3e369454] 1456 --- [http-nio-9083-exec-2] c.c.service.PensionDisbrusmentService    : END - inputBankCharge - public - false
2022-05-18 13:09:57.333  INFO [PensionDisburesmentService,c4c4ac198e27a75d,784b075f3e369454] 1456 --- [http-nio-9083-exec-2] c.c.service.PensionDisbrusmentService    : END - statusCode - fail
2022-05-18 13:09:57.333  INFO [PensionDisburesmentService,c4c4ac198e27a75d,784b075f3e369454] 1456 --- [http-nio-9083-exec-2] c.c.c.PensionerDisbrusmentConroller      : END - getPensionDisbursement
2022-05-18 13:11:34.674  INFO [PensionDisburesmentService,,] 1456 --- [RMI TCP Connection(126)-127.0.0.1] inMXBeanRegistrar$SpringApplicationAdmin : Application shutdown requested.
2022-05-18 13:11:36.087  INFO [PensionDisburesmentService,,] 1456 --- [RMI TCP Connection(126)-127.0.0.1] j.LocalContainerEntityManagerFactoryBean : Closing JPA EntityManagerFactory for persistence unit 'default'
2022-05-18 13:11:36.101  INFO [PensionDisburesmentService,,] 1456 --- [RMI TCP Connection(126)-127.0.0.1] .SchemaDropperImpl$DelayedDropActionImpl : HHH000477: Starting delayed evictData of schema as part of SessionFactory shut-down'
2022-05-18 13:11:36.504  WARN [PensionDisburesmentService,,] 1456 --- [RMI TCP Connection(126)-127.0.0.1] o.s.b.f.support.DisposableBeanAdapter    : Invocation of destroy method failed on bean with name 'inMemoryDatabaseShutdownExecutor': org.h2.jdbc.JdbcSQLNonTransientConnectionException: Database is already closed (to disable automatic closing at VM shutdown, add ";DB_CLOSE_ON_EXIT=FALSE" to the db URL) [90121-200]
2022-05-18 13:11:37.507  INFO [PensionDisburesmentService,,] 1456 --- [RMI TCP Connection(126)-127.0.0.1] com.zaxxer.hikari.HikariDataSource       : HikariPool-1 - Shutdown initiated...
2022-05-18 13:11:37.510  INFO [PensionDisburesmentService,,] 1456 --- [RMI TCP Connection(126)-127.0.0.1] com.zaxxer.hikari.HikariDataSource       : HikariPool-1 - Shutdown completed.
2022-05-18 16:43:37.870  INFO [PensionDisburesmentService,,] 17504 --- [restartedMain] nsionDisbursementMicroserviceApplication : Starting PensionDisbursementMicroserviceApplication using Java 17.0.2 on LAPTOP-3BOKUJ1Q with PID 17504 (C:\Users\hp\git\PensionManagementSystem\pension-disbursement-microservice\target\classes started by hp in C:\Users\hp\git\PensionManagementSystem\pension-disbursement-microservice)
2022-05-18 16:43:37.894  INFO [PensionDisburesmentService,,] 17504 --- [restartedMain] nsionDisbursementMicroserviceApplication : No active profile set, falling back to default profiles: default
2022-05-18 16:43:38.292  INFO [PensionDisburesmentService,,] 17504 --- [restartedMain] .e.DevToolsPropertyDefaultsPostProcessor : Devtools property defaults active! Set 'spring.devtools.add-properties' to 'false' to disable
2022-05-18 16:43:38.293  INFO [PensionDisburesmentService,,] 17504 --- [restartedMain] .e.DevToolsPropertyDefaultsPostProcessor : For additional web related logging consider setting the 'logging.level.web' property to 'DEBUG'
2022-05-18 16:43:42.591  INFO [PensionDisburesmentService,,] 17504 --- [restartedMain] .s.d.r.c.RepositoryConfigurationDelegate : Bootstrapping Spring Data JPA repositories in DEFAULT mode.
2022-05-18 16:43:42.745  INFO [PensionDisburesmentService,,] 17504 --- [restartedMain] .s.d.r.c.RepositoryConfigurationDelegate : Finished Spring Data repository scanning in 132 ms. Found 0 JPA repository interfaces.
2022-05-18 16:43:44.397  INFO [PensionDisburesmentService,,] 17504 --- [restartedMain] o.s.cloud.context.scope.GenericScope     : BeanFactory id=de0ab27a-967f-3f99-93ef-47463521ea75
2022-05-18 16:43:47.754  INFO [PensionDisburesmentService,,] 17504 --- [restartedMain] o.s.b.w.embedded.tomcat.TomcatWebServer  : Tomcat initialized with port(s): 9083 (http)
2022-05-18 16:43:47.808  INFO [PensionDisburesmentService,,] 17504 --- [restartedMain] o.apache.catalina.core.StandardService   : Starting service [Tomcat]
2022-05-18 16:43:47.811  INFO [PensionDisburesmentService,,] 17504 --- [restartedMain] org.apache.catalina.core.StandardEngine  : Starting Servlet engine: [Apache Tomcat/9.0.50]
2022-05-18 16:43:48.328  INFO [PensionDisburesmentService,,] 17504 --- [restartedMain] o.a.c.c.C.[Tomcat].[localhost].[/]       : Initializing Spring embedded WebApplicationContext
2022-05-18 16:43:48.329  INFO [PensionDisburesmentService,,] 17504 --- [restartedMain] w.s.c.ServletWebServerApplicationContext : Root WebApplicationContext: initialization completed in 10034 ms
2022-05-18 16:43:48.538  INFO [PensionDisburesmentService,,] 17504 --- [restartedMain] com.zaxxer.hikari.HikariDataSource       : HikariPool-1 - Starting...
2022-05-18 16:43:49.015  INFO [PensionDisburesmentService,,] 17504 --- [restartedMain] com.zaxxer.hikari.HikariDataSource       : HikariPool-1 - Start completed.
2022-05-18 16:43:49.046  INFO [PensionDisburesmentService,,] 17504 --- [restartedMain] o.s.b.a.h2.H2ConsoleAutoConfiguration    : H2 console available at '/h2-console'. Database available at 'jdbc:h2:mem:35a7d181-d496-4ab1-9a3e-0a9b183fecce'
2022-05-18 16:43:50.378  WARN [PensionDisburesmentService,,] 17504 --- [restartedMain] o.s.c.s.a.z.ZipkinAutoConfiguration      : Check result of the [RestTemplateSender{http://localhost:9411/api/v2/spans}] contains an error [CheckResult{ok=false, error=org.springframework.web.client.ResourceAccessException: I/O error on POST request for "http://localhost:9411/api/v2/spans": Connection refused: no further information; nested exception is java.net.ConnectException: Connection refused: no further information}]
2022-05-18 16:43:51.111  INFO [PensionDisburesmentService,,] 17504 --- [restartedMain] o.hibernate.jpa.internal.util.LogHelper  : HHH000204: Processing PersistenceUnitInfo [name: default]
2022-05-18 16:43:51.440  INFO [PensionDisburesmentService,,] 17504 --- [restartedMain] org.hibernate.Version                    : HHH000412: Hibernate ORM core version 5.4.32.Final
2022-05-18 16:43:53.699  INFO [PensionDisburesmentService,,] 17504 --- [restartedMain] o.hibernate.annotations.common.Version   : HCANN000001: Hibernate Commons Annotations {5.1.2.Final}
2022-05-18 16:43:54.460  INFO [PensionDisburesmentService,,] 17504 --- [restartedMain] org.hibernate.dialect.Dialect            : HHH000400: Using dialect: org.hibernate.dialect.H2Dialect
2022-05-18 16:43:55.645  INFO [PensionDisburesmentService,,] 17504 --- [restartedMain] o.h.e.t.j.p.i.JtaPlatformInitiator       : HHH000490: Using JtaPlatform implementation: [org.hibernate.engine.transaction.jta.platform.internal.NoJtaPlatform]
2022-05-18 16:43:55.711  INFO [PensionDisburesmentService,,] 17504 --- [restartedMain] j.LocalContainerEntityManagerFactoryBean : Initialized JPA EntityManagerFactory for persistence unit 'default'
2022-05-18 16:43:56.026  INFO [PensionDisburesmentService,,] 17504 --- [restartedMain] o.s.b.d.a.OptionalLiveReloadServer       : LiveReload server is running on port 35729
2022-05-18 16:43:56.591  WARN [PensionDisburesmentService,,] 17504 --- [restartedMain] JpaBaseConfiguration$JpaWebConfiguration : spring.jpa.open-in-view is enabled by default. Therefore, database queries may be performed during view rendering. Explicitly configure spring.jpa.open-in-view to disable this warning
2022-05-18 16:44:05.265  INFO [PensionDisburesmentService,,] 17504 --- [restartedMain] o.s.b.w.embedded.tomcat.TomcatWebServer  : Tomcat started on port(s): 9083 (http) with context path ''
2022-05-18 16:44:05.935  INFO [PensionDisburesmentService,,] 17504 --- [restartedMain] d.s.w.p.DocumentationPluginsBootstrapper : Context refreshed
2022-05-18 16:44:06.034  INFO [PensionDisburesmentService,,] 17504 --- [restartedMain] d.s.w.p.DocumentationPluginsBootstrapper : Found 1 custom documentation plugin(s)
2022-05-18 16:44:06.083  INFO [PensionDisburesmentService,,] 17504 --- [restartedMain] s.d.s.w.s.ApiListingReferenceScanner     : Scanning for api listing references
2022-05-18 16:44:07.465  INFO [PensionDisburesmentService,,] 17504 --- [restartedMain] nsionDisbursementMicroserviceApplication : Started PensionDisbursementMicroserviceApplication in 32.252 seconds (JVM running for 35.475)
2022-05-18 16:47:48.837  INFO [PensionDisburesmentService,,] 17504 --- [Thread-5] j.LocalContainerEntityManagerFactoryBean : Closing JPA EntityManagerFactory for persistence unit 'default'
2022-05-18 16:47:48.838  INFO [PensionDisburesmentService,,] 17504 --- [Thread-5] .SchemaDropperImpl$DelayedDropActionImpl : HHH000477: Starting delayed evictData of schema as part of SessionFactory shut-down'
2022-05-18 16:47:49.052  WARN [PensionDisburesmentService,,] 17504 --- [Thread-5] o.s.b.f.support.DisposableBeanAdapter    : Invocation of destroy method failed on bean with name 'inMemoryDatabaseShutdownExecutor': org.h2.jdbc.JdbcSQLNonTransientConnectionException: Database is already closed (to disable automatic closing at VM shutdown, add ";DB_CLOSE_ON_EXIT=FALSE" to the db URL) [90121-200]
2022-05-18 16:47:50.056  INFO [PensionDisburesmentService,,] 17504 --- [Thread-5] com.zaxxer.hikari.HikariDataSource       : HikariPool-1 - Shutdown initiated...
2022-05-18 16:47:50.065  INFO [PensionDisburesmentService,,] 17504 --- [Thread-5] com.zaxxer.hikari.HikariDataSource       : HikariPool-1 - Shutdown completed.
2022-05-18 16:47:50.438  INFO [PensionDisburesmentService,,] 17504 --- [restartedMain] nsionDisbursementMicroserviceApplication : Starting PensionDisbursementMicroserviceApplication using Java 17.0.2 on LAPTOP-3BOKUJ1Q with PID 17504 (C:\Users\hp\git\PensionManagementSystem\pension-disbursement-microservice\target\classes started by hp in C:\Users\hp\git\PensionManagementSystem\pension-disbursement-microservice)
2022-05-18 16:47:50.438  INFO [PensionDisburesmentService,,] 17504 --- [restartedMain] nsionDisbursementMicroserviceApplication : No active profile set, falling back to default profiles: default
2022-05-18 16:47:50.955  INFO [PensionDisburesmentService,,] 17504 --- [restartedMain] .s.d.r.c.RepositoryConfigurationDelegate : Bootstrapping Spring Data JPA repositories in DEFAULT mode.
2022-05-18 16:47:50.959  INFO [PensionDisburesmentService,,] 17504 --- [restartedMain] .s.d.r.c.RepositoryConfigurationDelegate : Finished Spring Data repository scanning in 4 ms. Found 0 JPA repository interfaces.
2022-05-18 16:47:51.050  INFO [PensionDisburesmentService,,] 17504 --- [restartedMain] o.s.cloud.context.scope.GenericScope     : BeanFactory id=de0ab27a-967f-3f99-93ef-47463521ea75
2022-05-18 16:47:51.231  INFO [PensionDisburesmentService,,] 17504 --- [restartedMain] o.s.b.w.embedded.tomcat.TomcatWebServer  : Tomcat initialized with port(s): 9083 (http)
2022-05-18 16:47:51.232  INFO [PensionDisburesmentService,,] 17504 --- [restartedMain] o.apache.catalina.core.StandardService   : Starting service [Tomcat]
2022-05-18 16:47:51.232  INFO [PensionDisburesmentService,,] 17504 --- [restartedMain] org.apache.catalina.core.StandardEngine  : Starting Servlet engine: [Apache Tomcat/9.0.50]
2022-05-18 16:47:51.275  INFO [PensionDisburesmentService,,] 17504 --- [restartedMain] o.a.c.c.C.[Tomcat].[localhost].[/]       : Initializing Spring embedded WebApplicationContext
2022-05-18 16:47:51.275  INFO [PensionDisburesmentService,,] 17504 --- [restartedMain] w.s.c.ServletWebServerApplicationContext : Root WebApplicationContext: initialization completed in 833 ms
2022-05-18 16:47:51.335  INFO [PensionDisburesmentService,,] 17504 --- [restartedMain] com.zaxxer.hikari.HikariDataSource       : HikariPool-2 - Starting...
2022-05-18 16:47:51.338  INFO [PensionDisburesmentService,,] 17504 --- [restartedMain] com.zaxxer.hikari.HikariDataSource       : HikariPool-2 - Start completed.
2022-05-18 16:47:51.338  INFO [PensionDisburesmentService,,] 17504 --- [restartedMain] o.s.b.a.h2.H2ConsoleAutoConfiguration    : H2 console available at '/h2-console'. Database available at 'jdbc:h2:mem:276731e9-389e-4455-a200-93a2f77e33a9'
2022-05-18 16:47:51.550  WARN [PensionDisburesmentService,,] 17504 --- [restartedMain] o.s.c.s.a.z.ZipkinAutoConfiguration      : Check result of the [RestTemplateSender{http://localhost:9411/api/v2/spans}] contains an error [CheckResult{ok=false, error=org.springframework.web.client.ResourceAccessException: I/O error on POST request for "http://localhost:9411/api/v2/spans": Connection refused: no further information; nested exception is java.net.ConnectException: Connection refused: no further information}]
2022-05-18 16:47:51.658  INFO [PensionDisburesmentService,,] 17504 --- [restartedMain] o.hibernate.jpa.internal.util.LogHelper  : HHH000204: Processing PersistenceUnitInfo [name: default]
2022-05-18 16:47:51.667  INFO [PensionDisburesmentService,,] 17504 --- [restartedMain] org.hibernate.dialect.Dialect            : HHH000400: Using dialect: org.hibernate.dialect.H2Dialect
2022-05-18 16:47:51.681  INFO [PensionDisburesmentService,,] 17504 --- [restartedMain] o.h.e.t.j.p.i.JtaPlatformInitiator       : HHH000490: Using JtaPlatform implementation: [org.hibernate.engine.transaction.jta.platform.internal.NoJtaPlatform]
2022-05-18 16:47:51.682  INFO [PensionDisburesmentService,,] 17504 --- [restartedMain] j.LocalContainerEntityManagerFactoryBean : Initialized JPA EntityManagerFactory for persistence unit 'default'
2022-05-18 16:47:51.749  INFO [PensionDisburesmentService,,] 17504 --- [restartedMain] o.s.b.d.a.OptionalLiveReloadServer       : LiveReload server is running on port 35729
2022-05-18 16:47:51.850  WARN [PensionDisburesmentService,,] 17504 --- [restartedMain] JpaBaseConfiguration$JpaWebConfiguration : spring.jpa.open-in-view is enabled by default. Therefore, database queries may be performed during view rendering. Explicitly configure spring.jpa.open-in-view to disable this warning
2022-05-18 16:47:53.164  INFO [PensionDisburesmentService,,] 17504 --- [restartedMain] o.s.b.w.embedded.tomcat.TomcatWebServer  : Tomcat started on port(s): 9083 (http) with context path ''
2022-05-18 16:47:53.372  INFO [PensionDisburesmentService,,] 17504 --- [restartedMain] d.s.w.p.DocumentationPluginsBootstrapper : Context refreshed
2022-05-18 16:47:53.373  INFO [PensionDisburesmentService,,] 17504 --- [restartedMain] d.s.w.p.DocumentationPluginsBootstrapper : Found 1 custom documentation plugin(s)
2022-05-18 16:47:53.378  INFO [PensionDisburesmentService,,] 17504 --- [restartedMain] s.d.s.w.s.ApiListingReferenceScanner     : Scanning for api listing references
2022-05-18 16:47:53.416  INFO [PensionDisburesmentService,,] 17504 --- [restartedMain] nsionDisbursementMicroserviceApplication : Started PensionDisbursementMicroserviceApplication in 3.236 seconds (JVM running for 261.427)
2022-05-18 16:47:53.419  INFO [PensionDisburesmentService,,] 17504 --- [restartedMain] .ConditionEvaluationDeltaLoggingListener : Condition evaluation unchanged
2022-05-18 16:49:20.250  INFO [PensionDisburesmentService,,] 17504 --- [http-nio-9083-exec-1] o.a.c.c.C.[Tomcat].[localhost].[/]       : Initializing Spring DispatcherServlet 'dispatcherServlet'
2022-05-18 16:49:20.250  INFO [PensionDisburesmentService,,] 17504 --- [http-nio-9083-exec-1] o.s.web.servlet.DispatcherServlet        : Initializing Servlet 'dispatcherServlet'
2022-05-18 16:49:20.253  INFO [PensionDisburesmentService,,] 17504 --- [http-nio-9083-exec-1] o.s.web.servlet.DispatcherServlet        : Completed initialization in 3 ms
2022-05-18 16:49:20.459  INFO [PensionDisburesmentService,dc4ff6148c049521,b73d0ca9745e28b0] 17504 --- [http-nio-9083-exec-1] c.c.c.PensionerDisbrusmentConroller      : STARTED - getPensionDisbursement
2022-05-18 16:49:20.506  INFO [PensionDisburesmentService,dc4ff6148c049521,b73d0ca9745e28b0] 17504 --- [http-nio-9083-exec-1] c.c.service.PensionDisbrusmentService    : STARTED - statusCode
2022-05-18 16:49:20.507  INFO [PensionDisburesmentService,dc4ff6148c049521,b73d0ca9745e28b0] 17504 --- [http-nio-9083-exec-1] c.c.service.PensionDisbrusmentService    : STARTED - inputBankCharge
2022-05-18 16:49:20.507  INFO [PensionDisburesmentService,dc4ff6148c049521,b73d0ca9745e28b0] 17504 --- [http-nio-9083-exec-1] c.c.service.PensionDisbrusmentService    : END - inputBankCharge - private - false
2022-05-18 16:49:20.507  INFO [PensionDisburesmentService,dc4ff6148c049521,b73d0ca9745e28b0] 17504 --- [http-nio-9083-exec-1] c.c.service.PensionDisbrusmentService    : END - statusCode - fail
2022-05-18 16:49:20.507  INFO [PensionDisburesmentService,dc4ff6148c049521,b73d0ca9745e28b0] 17504 --- [http-nio-9083-exec-1] c.c.c.PensionerDisbrusmentConroller      : END - getPensionDisbursement
2022-05-18 16:49:30.578  INFO [PensionDisburesmentService,069a2e2d4357a171,842b75c449c99236] 17504 --- [http-nio-9083-exec-2] c.c.c.PensionerDisbrusmentConroller      : STARTED - getPensionDisbursement
2022-05-18 16:49:30.594  INFO [PensionDisburesmentService,069a2e2d4357a171,842b75c449c99236] 17504 --- [http-nio-9083-exec-2] c.c.service.PensionDisbrusmentService    : STARTED - statusCode
2022-05-18 16:49:30.595  INFO [PensionDisburesmentService,069a2e2d4357a171,842b75c449c99236] 17504 --- [http-nio-9083-exec-2] c.c.service.PensionDisbrusmentService    : STARTED - inputBankCharge
2022-05-18 16:49:30.595  INFO [PensionDisburesmentService,069a2e2d4357a171,842b75c449c99236] 17504 --- [http-nio-9083-exec-2] c.c.service.PensionDisbrusmentService    : END - inputBankCharge - private - true
2022-05-18 16:49:30.595  INFO [PensionDisburesmentService,069a2e2d4357a171,842b75c449c99236] 17504 --- [http-nio-9083-exec-2] c.c.service.PensionDisbrusmentService    : STARTED - calculatePension
2022-05-18 16:49:30.595  INFO [PensionDisburesmentService,069a2e2d4357a171,842b75c449c99236] 17504 --- [http-nio-9083-exec-2] c.c.service.PensionDisbrusmentService    : END - calculatePension
2022-05-18 16:49:30.595  INFO [PensionDisburesmentService,069a2e2d4357a171,842b75c449c99236] 17504 --- [http-nio-9083-exec-2] c.c.service.PensionDisbrusmentService    : END - statusCode - fail
2022-05-18 16:49:30.595  INFO [PensionDisburesmentService,069a2e2d4357a171,842b75c449c99236] 17504 --- [http-nio-9083-exec-2] c.c.c.PensionerDisbrusmentConroller      : END - getPensionDisbursement
2022-05-18 16:55:15.758  INFO [PensionDisburesmentService,5a082b77aa9f2655,14c7a8a31a5596e1] 17504 --- [http-nio-9083-exec-3] c.c.c.PensionerDisbrusmentConroller      : STARTED - getPensionDisbursement
2022-05-18 16:55:15.778  INFO [PensionDisburesmentService,5a082b77aa9f2655,14c7a8a31a5596e1] 17504 --- [http-nio-9083-exec-3] c.c.service.PensionDisbrusmentService    : STARTED - statusCode
2022-05-18 16:55:15.778  INFO [PensionDisburesmentService,5a082b77aa9f2655,14c7a8a31a5596e1] 17504 --- [http-nio-9083-exec-3] c.c.service.PensionDisbrusmentService    : STARTED - inputBankCharge
2022-05-18 16:55:15.778  INFO [PensionDisburesmentService,5a082b77aa9f2655,14c7a8a31a5596e1] 17504 --- [http-nio-9083-exec-3] c.c.service.PensionDisbrusmentService    : END - inputBankCharge - private - false
2022-05-18 16:55:15.778  INFO [PensionDisburesmentService,5a082b77aa9f2655,14c7a8a31a5596e1] 17504 --- [http-nio-9083-exec-3] c.c.service.PensionDisbrusmentService    : END - statusCode - fail
2022-05-18 16:55:15.778  INFO [PensionDisburesmentService,5a082b77aa9f2655,14c7a8a31a5596e1] 17504 --- [http-nio-9083-exec-3] c.c.c.PensionerDisbrusmentConroller      : END - getPensionDisbursement
2022-05-18 16:55:33.155  INFO [PensionDisburesmentService,f0a1a9643a462be1,c06dd07d51eec170] 17504 --- [http-nio-9083-exec-4] c.c.c.PensionerDisbrusmentConroller      : STARTED - getPensionDisbursement
2022-05-18 16:55:33.172  INFO [PensionDisburesmentService,f0a1a9643a462be1,c06dd07d51eec170] 17504 --- [http-nio-9083-exec-4] c.c.service.PensionDisbrusmentService    : STARTED - statusCode
2022-05-18 16:55:33.172  INFO [PensionDisburesmentService,f0a1a9643a462be1,c06dd07d51eec170] 17504 --- [http-nio-9083-exec-4] c.c.service.PensionDisbrusmentService    : STARTED - inputBankCharge
2022-05-18 16:55:33.173  INFO [PensionDisburesmentService,f0a1a9643a462be1,c06dd07d51eec170] 17504 --- [http-nio-9083-exec-4] c.c.service.PensionDisbrusmentService    : END - inputBankCharge - private - false
2022-05-18 16:55:33.173  INFO [PensionDisburesmentService,f0a1a9643a462be1,c06dd07d51eec170] 17504 --- [http-nio-9083-exec-4] c.c.service.PensionDisbrusmentService    : END - statusCode - fail
2022-05-18 16:55:33.173  INFO [PensionDisburesmentService,f0a1a9643a462be1,c06dd07d51eec170] 17504 --- [http-nio-9083-exec-4] c.c.c.PensionerDisbrusmentConroller      : END - getPensionDisbursement
2022-05-18 17:02:11.091  INFO [PensionDisburesmentService,4cf94c6dac559964,33f1de850747e766] 17504 --- [http-nio-9083-exec-5] c.c.c.PensionerDisbrusmentConroller      : STARTED - getPensionDisbursement
2022-05-18 17:02:11.109  INFO [PensionDisburesmentService,4cf94c6dac559964,33f1de850747e766] 17504 --- [http-nio-9083-exec-5] c.c.service.PensionDisbrusmentService    : STARTED - statusCode
2022-05-18 17:02:11.109  INFO [PensionDisburesmentService,4cf94c6dac559964,33f1de850747e766] 17504 --- [http-nio-9083-exec-5] c.c.service.PensionDisbrusmentService    : STARTED - inputBankCharge
2022-05-18 17:02:11.109  INFO [PensionDisburesmentService,4cf94c6dac559964,33f1de850747e766] 17504 --- [http-nio-9083-exec-5] c.c.service.PensionDisbrusmentService    : END - inputBankCharge - private - true
2022-05-18 17:02:11.109  INFO [PensionDisburesmentService,4cf94c6dac559964,33f1de850747e766] 17504 --- [http-nio-9083-exec-5] c.c.service.PensionDisbrusmentService    : STARTED - calculatePension
2022-05-18 17:02:11.109  INFO [PensionDisburesmentService,4cf94c6dac559964,33f1de850747e766] 17504 --- [http-nio-9083-exec-5] c.c.service.PensionDisbrusmentService    : END - calculatePension
2022-05-18 17:02:11.109  INFO [PensionDisburesmentService,4cf94c6dac559964,33f1de850747e766] 17504 --- [http-nio-9083-exec-5] c.c.service.PensionDisbrusmentService    : END - statusCode - fail
2022-05-18 17:02:11.109  INFO [PensionDisburesmentService,4cf94c6dac559964,33f1de850747e766] 17504 --- [http-nio-9083-exec-5] c.c.c.PensionerDisbrusmentConroller      : END - getPensionDisbursement
2022-05-18 17:02:23.325  INFO [PensionDisburesmentService,63551df852fc72c7,51315bc9c6fd2a83] 17504 --- [http-nio-9083-exec-6] c.c.c.PensionerDisbrusmentConroller      : STARTED - getPensionDisbursement
2022-05-18 17:02:23.344  INFO [PensionDisburesmentService,63551df852fc72c7,51315bc9c6fd2a83] 17504 --- [http-nio-9083-exec-6] c.c.service.PensionDisbrusmentService    : STARTED - statusCode
2022-05-18 17:02:23.344  INFO [PensionDisburesmentService,63551df852fc72c7,51315bc9c6fd2a83] 17504 --- [http-nio-9083-exec-6] c.c.service.PensionDisbrusmentService    : STARTED - inputBankCharge
2022-05-18 17:02:23.344  INFO [PensionDisburesmentService,63551df852fc72c7,51315bc9c6fd2a83] 17504 --- [http-nio-9083-exec-6] c.c.service.PensionDisbrusmentService    : END - inputBankCharge - private - false
2022-05-18 17:02:23.344  INFO [PensionDisburesmentService,63551df852fc72c7,51315bc9c6fd2a83] 17504 --- [http-nio-9083-exec-6] c.c.service.PensionDisbrusmentService    : END - statusCode - fail
2022-05-18 17:02:23.344  INFO [PensionDisburesmentService,63551df852fc72c7,51315bc9c6fd2a83] 17504 --- [http-nio-9083-exec-6] c.c.c.PensionerDisbrusmentConroller      : END - getPensionDisbursement
2022-05-18 17:03:37.284  INFO [PensionDisburesmentService,b06d85364dcab82d,7cf45165fc881168] 17504 --- [http-nio-9083-exec-8] c.c.c.PensionerDisbrusmentConroller      : STARTED - getPensionDisbursement
2022-05-18 17:03:37.303  INFO [PensionDisburesmentService,b06d85364dcab82d,7cf45165fc881168] 17504 --- [http-nio-9083-exec-8] c.c.service.PensionDisbrusmentService    : STARTED - statusCode
2022-05-18 17:03:37.303  INFO [PensionDisburesmentService,b06d85364dcab82d,7cf45165fc881168] 17504 --- [http-nio-9083-exec-8] c.c.service.PensionDisbrusmentService    : STARTED - inputBankCharge
2022-05-18 17:03:37.304  INFO [PensionDisburesmentService,b06d85364dcab82d,7cf45165fc881168] 17504 --- [http-nio-9083-exec-8] c.c.service.PensionDisbrusmentService    : END - inputBankCharge - private - false
2022-05-18 17:03:37.304  INFO [PensionDisburesmentService,b06d85364dcab82d,7cf45165fc881168] 17504 --- [http-nio-9083-exec-8] c.c.service.PensionDisbrusmentService    : END - statusCode - fail
2022-05-18 17:03:37.304  INFO [PensionDisburesmentService,b06d85364dcab82d,7cf45165fc881168] 17504 --- [http-nio-9083-exec-8] c.c.c.PensionerDisbrusmentConroller      : END - getPensionDisbursement
2022-05-18 17:04:15.470  INFO [PensionDisburesmentService,ba0ae76fd408ab33,8d6c3566643de988] 17504 --- [http-nio-9083-exec-9] c.c.c.PensionerDisbrusmentConroller      : STARTED - getPensionDisbursement
2022-05-18 17:04:15.483  INFO [PensionDisburesmentService,ba0ae76fd408ab33,8d6c3566643de988] 17504 --- [http-nio-9083-exec-9] c.c.service.PensionDisbrusmentService    : STARTED - statusCode
2022-05-18 17:04:15.484  INFO [PensionDisburesmentService,ba0ae76fd408ab33,8d6c3566643de988] 17504 --- [http-nio-9083-exec-9] c.c.service.PensionDisbrusmentService    : STARTED - inputBankCharge
2022-05-18 17:04:15.484  INFO [PensionDisburesmentService,ba0ae76fd408ab33,8d6c3566643de988] 17504 --- [http-nio-9083-exec-9] c.c.service.PensionDisbrusmentService    : END - inputBankCharge - private - true
2022-05-18 17:04:15.484  INFO [PensionDisburesmentService,ba0ae76fd408ab33,8d6c3566643de988] 17504 --- [http-nio-9083-exec-9] c.c.service.PensionDisbrusmentService    : STARTED - calculatePension
2022-05-18 17:04:15.484  INFO [PensionDisburesmentService,ba0ae76fd408ab33,8d6c3566643de988] 17504 --- [http-nio-9083-exec-9] c.c.service.PensionDisbrusmentService    : END - calculatePension
2022-05-18 17:04:15.484  INFO [PensionDisburesmentService,ba0ae76fd408ab33,8d6c3566643de988] 17504 --- [http-nio-9083-exec-9] c.c.service.PensionDisbrusmentService    : END - statusCode - fail
2022-05-18 17:04:15.484  INFO [PensionDisburesmentService,ba0ae76fd408ab33,8d6c3566643de988] 17504 --- [http-nio-9083-exec-9] c.c.c.PensionerDisbrusmentConroller      : END - getPensionDisbursement
2022-05-18 17:09:17.139  INFO [PensionDisburesmentService,6c89df8fa9f7685e,2b723f050b4df505] 17504 --- [http-nio-9083-exec-10] c.c.c.PensionerDisbrusmentConroller      : STARTED - getPensionDisbursement
2022-05-18 17:09:17.159  INFO [PensionDisburesmentService,6c89df8fa9f7685e,2b723f050b4df505] 17504 --- [http-nio-9083-exec-10] c.c.service.PensionDisbrusmentService    : STARTED - statusCode
2022-05-18 17:09:17.159  INFO [PensionDisburesmentService,6c89df8fa9f7685e,2b723f050b4df505] 17504 --- [http-nio-9083-exec-10] c.c.service.PensionDisbrusmentService    : STARTED - inputBankCharge
2022-05-18 17:09:17.160  INFO [PensionDisburesmentService,6c89df8fa9f7685e,2b723f050b4df505] 17504 --- [http-nio-9083-exec-10] c.c.service.PensionDisbrusmentService    : END - inputBankCharge - private - true
2022-05-18 17:09:17.160  INFO [PensionDisburesmentService,6c89df8fa9f7685e,2b723f050b4df505] 17504 --- [http-nio-9083-exec-10] c.c.service.PensionDisbrusmentService    : STARTED - calculatePension
2022-05-18 17:09:17.160  INFO [PensionDisburesmentService,6c89df8fa9f7685e,2b723f050b4df505] 17504 --- [http-nio-9083-exec-10] c.c.service.PensionDisbrusmentService    : END - calculatePension
2022-05-18 17:09:17.160  INFO [PensionDisburesmentService,6c89df8fa9f7685e,2b723f050b4df505] 17504 --- [http-nio-9083-exec-10] c.c.service.PensionDisbrusmentService    : END - statusCode - fail
2022-05-18 17:09:17.160  INFO [PensionDisburesmentService,6c89df8fa9f7685e,2b723f050b4df505] 17504 --- [http-nio-9083-exec-10] c.c.c.PensionerDisbrusmentConroller      : END - getPensionDisbursement
2022-05-18 17:09:31.949  INFO [PensionDisburesmentService,f9f05f2d67972fe4,64ab6886423afe64] 17504 --- [http-nio-9083-exec-1] c.c.c.PensionerDisbrusmentConroller      : STARTED - getPensionDisbursement
2022-05-18 17:09:31.962  INFO [PensionDisburesmentService,f9f05f2d67972fe4,64ab6886423afe64] 17504 --- [http-nio-9083-exec-1] c.c.service.PensionDisbrusmentService    : STARTED - statusCode
2022-05-18 17:09:31.962  INFO [PensionDisburesmentService,f9f05f2d67972fe4,64ab6886423afe64] 17504 --- [http-nio-9083-exec-1] c.c.service.PensionDisbrusmentService    : STARTED - inputBankCharge
2022-05-18 17:09:31.963  INFO [PensionDisburesmentService,f9f05f2d67972fe4,64ab6886423afe64] 17504 --- [http-nio-9083-exec-1] c.c.service.PensionDisbrusmentService    : END - inputBankCharge - private - true
2022-05-18 17:09:31.963  INFO [PensionDisburesmentService,f9f05f2d67972fe4,64ab6886423afe64] 17504 --- [http-nio-9083-exec-1] c.c.service.PensionDisbrusmentService    : STARTED - calculatePension
2022-05-18 17:09:31.963  INFO [PensionDisburesmentService,f9f05f2d67972fe4,64ab6886423afe64] 17504 --- [http-nio-9083-exec-1] c.c.service.PensionDisbrusmentService    : END - calculatePension
2022-05-18 17:09:31.963  INFO [PensionDisburesmentService,f9f05f2d67972fe4,64ab6886423afe64] 17504 --- [http-nio-9083-exec-1] c.c.service.PensionDisbrusmentService    : END - statusCode - fail
2022-05-18 17:09:31.963  INFO [PensionDisburesmentService,f9f05f2d67972fe4,64ab6886423afe64] 17504 --- [http-nio-9083-exec-1] c.c.c.PensionerDisbrusmentConroller      : END - getPensionDisbursement
2022-05-18 17:34:53.186  INFO [PensionDisburesmentService,,] 17504 --- [RMI TCP Connection(73)-127.0.0.1] inMXBeanRegistrar$SpringApplicationAdmin : Application shutdown requested.
2022-05-18 17:34:53.276  INFO [PensionDisburesmentService,,] 17504 --- [RMI TCP Connection(73)-127.0.0.1] j.LocalContainerEntityManagerFactoryBean : Closing JPA EntityManagerFactory for persistence unit 'default'
2022-05-18 17:34:53.280  INFO [PensionDisburesmentService,,] 17504 --- [RMI TCP Connection(73)-127.0.0.1] .SchemaDropperImpl$DelayedDropActionImpl : HHH000477: Starting delayed evictData of schema as part of SessionFactory shut-down'
2022-05-18 17:34:53.490  WARN [PensionDisburesmentService,,] 17504 --- [RMI TCP Connection(73)-127.0.0.1] o.s.b.f.support.DisposableBeanAdapter    : Invocation of destroy method failed on bean with name 'inMemoryDatabaseShutdownExecutor': org.h2.jdbc.JdbcSQLNonTransientConnectionException: Database is already closed (to disable automatic closing at VM shutdown, add ";DB_CLOSE_ON_EXIT=FALSE" to the db URL) [90121-200]
2022-05-18 17:34:54.495  INFO [PensionDisburesmentService,,] 17504 --- [RMI TCP Connection(73)-127.0.0.1] com.zaxxer.hikari.HikariDataSource       : HikariPool-2 - Shutdown initiated...
2022-05-18 17:34:54.501  INFO [PensionDisburesmentService,,] 17504 --- [RMI TCP Connection(73)-127.0.0.1] com.zaxxer.hikari.HikariDataSource       : HikariPool-2 - Shutdown completed.
2022-05-18 17:56:54.591  INFO [PensionDisburesmentService,,] 5216 --- [restartedMain] nsionDisbursementMicroserviceApplication : Starting PensionDisbursementMicroserviceApplication using Java 17.0.2 on LAPTOP-3BOKUJ1Q with PID 5216 (C:\Users\hp\git\PensionManagementSystem\pension-disbursement-microservice\target\classes started by hp in C:\Users\hp\git\PensionManagementSystem\pension-disbursement-microservice)
2022-05-18 17:56:54.629  INFO [PensionDisburesmentService,,] 5216 --- [restartedMain] nsionDisbursementMicroserviceApplication : No active profile set, falling back to default profiles: default
2022-05-18 17:56:55.170  INFO [PensionDisburesmentService,,] 5216 --- [restartedMain] .e.DevToolsPropertyDefaultsPostProcessor : Devtools property defaults active! Set 'spring.devtools.add-properties' to 'false' to disable
2022-05-18 17:56:55.171  INFO [PensionDisburesmentService,,] 5216 --- [restartedMain] .e.DevToolsPropertyDefaultsPostProcessor : For additional web related logging consider setting the 'logging.level.web' property to 'DEBUG'
2022-05-18 17:57:02.747  INFO [PensionDisburesmentService,,] 5216 --- [restartedMain] .s.d.r.c.RepositoryConfigurationDelegate : Bootstrapping Spring Data JPA repositories in DEFAULT mode.
2022-05-18 17:57:02.864  INFO [PensionDisburesmentService,,] 5216 --- [restartedMain] .s.d.r.c.RepositoryConfigurationDelegate : Finished Spring Data repository scanning in 52 ms. Found 0 JPA repository interfaces.
2022-05-18 17:57:04.227  INFO [PensionDisburesmentService,,] 5216 --- [restartedMain] o.s.cloud.context.scope.GenericScope     : BeanFactory id=de0ab27a-967f-3f99-93ef-47463521ea75
2022-05-18 17:57:15.845  INFO [PensionDisburesmentService,,] 5216 --- [restartedMain] o.s.b.w.embedded.tomcat.TomcatWebServer  : Tomcat initialized with port(s): 9083 (http)
2022-05-18 17:57:15.876  INFO [PensionDisburesmentService,,] 5216 --- [restartedMain] o.apache.catalina.core.StandardService   : Starting service [Tomcat]
2022-05-18 17:57:15.877  INFO [PensionDisburesmentService,,] 5216 --- [restartedMain] org.apache.catalina.core.StandardEngine  : Starting Servlet engine: [Apache Tomcat/9.0.50]
2022-05-18 17:57:16.554  INFO [PensionDisburesmentService,,] 5216 --- [restartedMain] o.a.c.c.C.[Tomcat].[localhost].[/]       : Initializing Spring embedded WebApplicationContext
2022-05-18 17:57:16.555  INFO [PensionDisburesmentService,,] 5216 --- [restartedMain] w.s.c.ServletWebServerApplicationContext : Root WebApplicationContext: initialization completed in 21383 ms
2022-05-18 17:57:16.844  INFO [PensionDisburesmentService,,] 5216 --- [restartedMain] com.zaxxer.hikari.HikariDataSource       : HikariPool-1 - Starting...
2022-05-18 17:57:17.650  INFO [PensionDisburesmentService,,] 5216 --- [restartedMain] com.zaxxer.hikari.HikariDataSource       : HikariPool-1 - Start completed.
2022-05-18 17:57:17.702  INFO [PensionDisburesmentService,,] 5216 --- [restartedMain] o.s.b.a.h2.H2ConsoleAutoConfiguration    : H2 console available at '/h2-console'. Database available at 'jdbc:h2:mem:c44d8dfa-fce7-409f-b84b-7d314b1da3ad'
2022-05-18 17:57:19.235  WARN [PensionDisburesmentService,,] 5216 --- [restartedMain] o.s.c.s.a.z.ZipkinAutoConfiguration      : Check result of the [RestTemplateSender{http://localhost:9411/api/v2/spans}] contains an error [CheckResult{ok=false, error=org.springframework.web.client.ResourceAccessException: I/O error on POST request for "http://localhost:9411/api/v2/spans": Connection refused: no further information; nested exception is java.net.ConnectException: Connection refused: no further information}]
2022-05-18 17:57:20.029  INFO [PensionDisburesmentService,,] 5216 --- [restartedMain] o.hibernate.jpa.internal.util.LogHelper  : HHH000204: Processing PersistenceUnitInfo [name: default]
2022-05-18 17:57:21.272  INFO [PensionDisburesmentService,,] 5216 --- [restartedMain] org.hibernate.Version                    : HHH000412: Hibernate ORM core version 5.4.32.Final
2022-05-18 17:57:29.253  INFO [PensionDisburesmentService,,] 5216 --- [restartedMain] o.hibernate.annotations.common.Version   : HCANN000001: Hibernate Commons Annotations {5.1.2.Final}
2022-05-18 17:57:33.933  INFO [PensionDisburesmentService,,] 5216 --- [restartedMain] org.hibernate.dialect.Dialect            : HHH000400: Using dialect: org.hibernate.dialect.H2Dialect
2022-05-18 17:57:37.587  INFO [PensionDisburesmentService,,] 5216 --- [restartedMain] o.h.e.t.j.p.i.JtaPlatformInitiator       : HHH000490: Using JtaPlatform implementation: [org.hibernate.engine.transaction.jta.platform.internal.NoJtaPlatform]
2022-05-18 17:57:37.780  INFO [PensionDisburesmentService,,] 5216 --- [restartedMain] j.LocalContainerEntityManagerFactoryBean : Initialized JPA EntityManagerFactory for persistence unit 'default'
2022-05-18 17:57:38.243  WARN [PensionDisburesmentService,,] 5216 --- [restartedMain] o.s.b.d.a.OptionalLiveReloadServer       : Unable to start LiveReload server
2022-05-18 17:57:39.135  WARN [PensionDisburesmentService,,] 5216 --- [restartedMain] JpaBaseConfiguration$JpaWebConfiguration : spring.jpa.open-in-view is enabled by default. Therefore, database queries may be performed during view rendering. Explicitly configure spring.jpa.open-in-view to disable this warning
2022-05-18 17:57:58.689  INFO [PensionDisburesmentService,,] 5216 --- [restartedMain] o.s.b.w.embedded.tomcat.TomcatWebServer  : Tomcat started on port(s): 9083 (http) with context path ''
2022-05-18 17:57:59.913  INFO [PensionDisburesmentService,,] 5216 --- [restartedMain] d.s.w.p.DocumentationPluginsBootstrapper : Context refreshed
2022-05-18 17:57:59.997  INFO [PensionDisburesmentService,,] 5216 --- [restartedMain] d.s.w.p.DocumentationPluginsBootstrapper : Found 1 custom documentation plugin(s)
2022-05-18 17:58:00.082  INFO [PensionDisburesmentService,,] 5216 --- [restartedMain] s.d.s.w.s.ApiListingReferenceScanner     : Scanning for api listing references
2022-05-18 17:58:01.047  INFO [PensionDisburesmentService,,] 5216 --- [restartedMain] nsionDisbursementMicroserviceApplication : Started PensionDisbursementMicroserviceApplication in 69.209 seconds (JVM running for 71.93)
