2021-08-19 12:23:15.393  INFO [,,] 7628 --- [restartedMain] c.c.PensionManagementPortalApplication   : Starting PensionManagementPortalApplication using Java 16.0.1 on DESKTOP-UBQ4MP1 with PID 7628 (C:\Users\Sanyam\Desktop\CTS-final-viva\PensionManagement\Pension-Management-portal\target\classes started by Sanyam in C:\Users\Sanyam\Desktop\CTS-final-viva\PensionManagement\Pension-Management-portal)
2021-08-19 12:23:15.402  INFO [,,] 7628 --- [restartedMain] c.c.PensionManagementPortalApplication   : No active profile set, falling back to default profiles: default
2021-08-19 12:23:15.506  INFO [,,] 7628 --- [restartedMain] .e.DevToolsPropertyDefaultsPostProcessor : Devtools property defaults active! Set 'spring.devtools.add-properties' to 'false' to disable
2021-08-19 12:23:15.507  INFO [,,] 7628 --- [restartedMain] .e.DevToolsPropertyDefaultsPostProcessor : For additional web related logging consider setting the 'logging.level.web' property to 'DEBUG'
2021-08-19 12:23:17.072  INFO [,,] 7628 --- [restartedMain] .s.d.r.c.RepositoryConfigurationDelegate : Bootstrapping Spring Data JPA repositories in DEFAULT mode.
2021-08-19 12:23:17.093  INFO [,,] 7628 --- [restartedMain] .s.d.r.c.RepositoryConfigurationDelegate : Finished Spring Data repository scanning in 7 ms. Found 0 JPA repository interfaces.
2021-08-19 12:23:17.496  INFO [,,] 7628 --- [restartedMain] o.s.cloud.context.scope.GenericScope     : BeanFactory id=8bbd7b7f-4f1e-3ea6-97bf-9168f5abcecf
2021-08-19 12:23:18.738  INFO [,,] 7628 --- [restartedMain] o.s.b.w.embedded.tomcat.TomcatWebServer  : Tomcat initialized with port(s): 9085 (http)
2021-08-19 12:23:18.756  INFO [,,] 7628 --- [restartedMain] o.apache.catalina.core.StandardService   : Starting service [Tomcat]
2021-08-19 12:23:18.758  INFO [,,] 7628 --- [restartedMain] org.apache.catalina.core.StandardEngine  : Starting Servlet engine: [Apache Tomcat/9.0.50]
2021-08-19 12:23:18.941  INFO [,,] 7628 --- [restartedMain] o.a.c.c.C.[Tomcat].[localhost].[/]       : Initializing Spring embedded WebApplicationContext
2021-08-19 12:23:18.942  INFO [,,] 7628 --- [restartedMain] w.s.c.ServletWebServerApplicationContext : Root WebApplicationContext: initialization completed in 3434 ms
2021-08-19 12:23:19.077  INFO [,,] 7628 --- [restartedMain] com.zaxxer.hikari.HikariDataSource       : HikariPool-1 - Starting...
2021-08-19 12:23:19.393  INFO [,,] 7628 --- [restartedMain] com.zaxxer.hikari.HikariDataSource       : HikariPool-1 - Start completed.
2021-08-19 12:23:19.404  INFO [,,] 7628 --- [restartedMain] o.s.b.a.h2.H2ConsoleAutoConfiguration    : H2 console available at '/h2-console'. Database available at 'jdbc:h2:mem:eb1e44e2-5298-4660-b611-affa10dea453'
2021-08-19 12:23:20.099  INFO [,,] 7628 --- [restartedMain] o.hibernate.jpa.internal.util.LogHelper  : HHH000204: Processing PersistenceUnitInfo [name: default]
2021-08-19 12:23:20.182  INFO [,,] 7628 --- [restartedMain] org.hibernate.Version                    : HHH000412: Hibernate ORM core version 5.4.32.Final
2021-08-19 12:23:20.411  INFO [,,] 7628 --- [restartedMain] o.hibernate.annotations.common.Version   : HCANN000001: Hibernate Commons Annotations {5.1.2.Final}
2021-08-19 12:23:20.670  INFO [,,] 7628 --- [restartedMain] org.hibernate.dialect.Dialect            : HHH000400: Using dialect: org.hibernate.dialect.H2Dialect
2021-08-19 12:23:21.043  INFO [,,] 7628 --- [restartedMain] o.h.e.t.j.p.i.JtaPlatformInitiator       : HHH000490: Using JtaPlatform implementation: [org.hibernate.engine.transaction.jta.platform.internal.NoJtaPlatform]
2021-08-19 12:23:21.060  INFO [,,] 7628 --- [restartedMain] j.LocalContainerEntityManagerFactoryBean : Initialized JPA EntityManagerFactory for persistence unit 'default'
2021-08-19 12:23:21.217  WARN [,,] 7628 --- [restartedMain] o.s.b.d.a.OptionalLiveReloadServer       : Unable to start LiveReload server
2021-08-19 12:23:21.479  WARN [,,] 7628 --- [restartedMain] JpaBaseConfiguration$JpaWebConfiguration : spring.jpa.open-in-view is enabled by default. Therefore, database queries may be performed during view rendering. Explicitly configure spring.jpa.open-in-view to disable this warning
2021-08-19 12:23:23.566  INFO [,,] 7628 --- [restartedMain] o.s.b.w.embedded.tomcat.TomcatWebServer  : Tomcat started on port(s): 9085 (http) with context path ''
2021-08-19 12:23:23.722  INFO [,,] 7628 --- [restartedMain] d.s.w.p.DocumentationPluginsBootstrapper : Context refreshed
2021-08-19 12:23:23.743  INFO [,,] 7628 --- [restartedMain] d.s.w.p.DocumentationPluginsBootstrapper : Found 1 custom documentation plugin(s)
2021-08-19 12:23:23.763  INFO [,,] 7628 --- [restartedMain] s.d.s.w.s.ApiListingReferenceScanner     : Scanning for api listing references
2021-08-19 12:23:24.105  INFO [,,] 7628 --- [restartedMain] c.c.PensionManagementPortalApplication   : Started PensionManagementPortalApplication in 9.538 seconds (JVM running for 11.151)
2021-08-19 12:33:33.507  INFO [,,] 7628 --- [http-nio-9085-exec-1] o.a.c.c.C.[Tomcat].[localhost].[/]       : Initializing Spring DispatcherServlet 'dispatcherServlet'
2021-08-19 12:33:33.510  INFO [,,] 7628 --- [http-nio-9085-exec-1] o.s.web.servlet.DispatcherServlet        : Initializing Servlet 'dispatcherServlet'
2021-08-19 12:33:33.530  INFO [,,] 7628 --- [http-nio-9085-exec-1] o.s.web.servlet.DispatcherServlet        : Completed initialization in 20 ms
2021-08-19 12:33:34.239  INFO [,06b6de7fd3ebe4a0,06b6de7fd3ebe4a0] 7628 --- [http-nio-9085-exec-2] c.c.controller.PensionController         : STARTED - doLogin
2021-08-19 12:33:34.543  INFO [,11014829f8556aae,11014829f8556aae] 7628 --- [http-nio-9085-exec-3] c.c.controller.PensionController         : STARTED - doLogin
2021-08-19 12:33:44.325 ERROR [,06b6de7fd3ebe4a0,06b6de7fd3ebe4a0] 7628 --- [http-nio-9085-exec-2] c.c.controller.PensionController         : EXCEPTION - doLogin
2021-08-19 12:33:44.325 ERROR [,11014829f8556aae,11014829f8556aae] 7628 --- [http-nio-9085-exec-3] c.c.controller.PensionController         : EXCEPTION - doLogin
2021-08-19 12:33:44.346  WARN [,06b6de7fd3ebe4a0,06b6de7fd3ebe4a0] 7628 --- [http-nio-9085-exec-2] .w.s.m.a.ResponseStatusExceptionResolver : Resolved [com.cognizant.exception.ResourceNotFoundException: token can't be generated]
2021-08-19 12:33:44.346  WARN [,11014829f8556aae,11014829f8556aae] 7628 --- [http-nio-9085-exec-3] .w.s.m.a.ResponseStatusExceptionResolver : Resolved [com.cognizant.exception.ResourceNotFoundException: token can't be generated]
2021-08-19 12:33:44.425  INFO [,13010f3474df6f59,13010f3474df6f59] 7628 --- [http-nio-9085-exec-4] c.c.controller.PensionController         : STARTED - doLogin
2021-08-19 12:33:44.434  INFO [,81c2b4935a5e68f6,81c2b4935a5e68f6] 7628 --- [http-nio-9085-exec-5] c.c.controller.PensionController         : STARTED - doLogin
2021-08-19 12:33:44.445 ERROR [,13010f3474df6f59,13010f3474df6f59] 7628 --- [http-nio-9085-exec-4] c.c.controller.PensionController         : EXCEPTION - doLogin
2021-08-19 12:33:44.446  WARN [,13010f3474df6f59,13010f3474df6f59] 7628 --- [http-nio-9085-exec-4] .w.s.m.a.ResponseStatusExceptionResolver : Resolved [com.cognizant.exception.ResourceNotFoundException: token can't be generated]
2021-08-19 12:33:44.454 ERROR [,81c2b4935a5e68f6,81c2b4935a5e68f6] 7628 --- [http-nio-9085-exec-5] c.c.controller.PensionController         : EXCEPTION - doLogin
2021-08-19 12:33:44.454  WARN [,81c2b4935a5e68f6,81c2b4935a5e68f6] 7628 --- [http-nio-9085-exec-5] .w.s.m.a.ResponseStatusExceptionResolver : Resolved [com.cognizant.exception.ResourceNotFoundException: token can't be generated]
2021-08-19 12:35:23.507  INFO [,,] 7628 --- [RMI TCP Connection(18)-127.0.0.1] inMXBeanRegistrar$SpringApplicationAdmin : Application shutdown requested.
2021-08-19 12:35:23.552  INFO [,,] 7628 --- [RMI TCP Connection(18)-127.0.0.1] j.LocalContainerEntityManagerFactoryBean : Closing JPA EntityManagerFactory for persistence unit 'default'
2021-08-19 12:35:23.554  INFO [,,] 7628 --- [RMI TCP Connection(18)-127.0.0.1] .SchemaDropperImpl$DelayedDropActionImpl : HHH000477: Starting delayed evictData of schema as part of SessionFactory shut-down'
2021-08-19 12:35:23.782  WARN [,,] 7628 --- [RMI TCP Connection(18)-127.0.0.1] o.s.b.f.support.DisposableBeanAdapter    : Invocation of destroy method failed on bean with name 'inMemoryDatabaseShutdownExecutor': org.h2.jdbc.JdbcSQLNonTransientConnectionException: Database is already closed (to disable automatic closing at VM shutdown, add ";DB_CLOSE_ON_EXIT=FALSE" to the db URL) [90121-200]
2021-08-19 12:35:23.783  INFO [,,] 7628 --- [RMI TCP Connection(18)-127.0.0.1] com.zaxxer.hikari.HikariDataSource       : HikariPool-1 - Shutdown initiated...
2021-08-19 12:35:23.790  INFO [,,] 7628 --- [RMI TCP Connection(18)-127.0.0.1] com.zaxxer.hikari.HikariDataSource       : HikariPool-1 - Shutdown completed.
2021-08-19 12:36:54.127  INFO [,,] 32 --- [restartedMain] c.c.PensionManagementPortalApplication   : Starting PensionManagementPortalApplication using Java 16.0.1 on DESKTOP-UBQ4MP1 with PID 32 (C:\Users\Sanyam\Desktop\CTS-final-viva\PensionManagement\Pension-Management-portal\target\classes started by Sanyam in C:\Users\Sanyam\Desktop\CTS-final-viva\PensionManagement\Pension-Management-portal)
2021-08-19 12:36:54.131  INFO [,,] 32 --- [restartedMain] c.c.PensionManagementPortalApplication   : No active profile set, falling back to default profiles: default
2021-08-19 12:36:54.201  INFO [,,] 32 --- [restartedMain] .e.DevToolsPropertyDefaultsPostProcessor : Devtools property defaults active! Set 'spring.devtools.add-properties' to 'false' to disable
2021-08-19 12:36:54.202  INFO [,,] 32 --- [restartedMain] .e.DevToolsPropertyDefaultsPostProcessor : For additional web related logging consider setting the 'logging.level.web' property to 'DEBUG'
2021-08-19 12:36:55.675  INFO [,,] 32 --- [restartedMain] .s.d.r.c.RepositoryConfigurationDelegate : Bootstrapping Spring Data JPA repositories in DEFAULT mode.
2021-08-19 12:36:55.699  INFO [,,] 32 --- [restartedMain] .s.d.r.c.RepositoryConfigurationDelegate : Finished Spring Data repository scanning in 10 ms. Found 0 JPA repository interfaces.
2021-08-19 12:36:56.081  INFO [,,] 32 --- [restartedMain] o.s.cloud.context.scope.GenericScope     : BeanFactory id=8bbd7b7f-4f1e-3ea6-97bf-9168f5abcecf
2021-08-19 12:36:57.197  INFO [,,] 32 --- [restartedMain] o.s.b.w.embedded.tomcat.TomcatWebServer  : Tomcat initialized with port(s): 9085 (http)
2021-08-19 12:36:57.214  INFO [,,] 32 --- [restartedMain] o.apache.catalina.core.StandardService   : Starting service [Tomcat]
2021-08-19 12:36:57.215  INFO [,,] 32 --- [restartedMain] org.apache.catalina.core.StandardEngine  : Starting Servlet engine: [Apache Tomcat/9.0.50]
2021-08-19 12:36:57.457  INFO [,,] 32 --- [restartedMain] o.a.c.c.C.[Tomcat].[localhost].[/]       : Initializing Spring embedded WebApplicationContext
2021-08-19 12:36:57.458  INFO [,,] 32 --- [restartedMain] w.s.c.ServletWebServerApplicationContext : Root WebApplicationContext: initialization completed in 3255 ms
2021-08-19 12:36:57.604  INFO [,,] 32 --- [restartedMain] com.zaxxer.hikari.HikariDataSource       : HikariPool-1 - Starting...
2021-08-19 12:36:57.898  INFO [,,] 32 --- [restartedMain] com.zaxxer.hikari.HikariDataSource       : HikariPool-1 - Start completed.
2021-08-19 12:36:57.911  INFO [,,] 32 --- [restartedMain] o.s.b.a.h2.H2ConsoleAutoConfiguration    : H2 console available at '/h2-console'. Database available at 'jdbc:h2:mem:5c9221ae-809c-4800-81b4-dd93f55d02a9'
2021-08-19 12:36:58.733  INFO [,,] 32 --- [restartedMain] o.hibernate.jpa.internal.util.LogHelper  : HHH000204: Processing PersistenceUnitInfo [name: default]
2021-08-19 12:36:58.836  INFO [,,] 32 --- [restartedMain] org.hibernate.Version                    : HHH000412: Hibernate ORM core version 5.4.32.Final
2021-08-19 12:36:59.093  INFO [,,] 32 --- [restartedMain] o.hibernate.annotations.common.Version   : HCANN000001: Hibernate Commons Annotations {5.1.2.Final}
2021-08-19 12:36:59.316  INFO [,,] 32 --- [restartedMain] org.hibernate.dialect.Dialect            : HHH000400: Using dialect: org.hibernate.dialect.H2Dialect
2021-08-19 12:36:59.708  INFO [,,] 32 --- [restartedMain] o.h.e.t.j.p.i.JtaPlatformInitiator       : HHH000490: Using JtaPlatform implementation: [org.hibernate.engine.transaction.jta.platform.internal.NoJtaPlatform]
2021-08-19 12:36:59.726  INFO [,,] 32 --- [restartedMain] j.LocalContainerEntityManagerFactoryBean : Initialized JPA EntityManagerFactory for persistence unit 'default'
2021-08-19 12:36:59.865  WARN [,,] 32 --- [restartedMain] o.s.b.d.a.OptionalLiveReloadServer       : Unable to start LiveReload server
2021-08-19 12:37:00.188  WARN [,,] 32 --- [restartedMain] JpaBaseConfiguration$JpaWebConfiguration : spring.jpa.open-in-view is enabled by default. Therefore, database queries may be performed during view rendering. Explicitly configure spring.jpa.open-in-view to disable this warning
2021-08-19 12:37:02.258  INFO [,,] 32 --- [restartedMain] o.s.b.w.embedded.tomcat.TomcatWebServer  : Tomcat started on port(s): 9085 (http) with context path ''
2021-08-19 12:37:02.430  INFO [,,] 32 --- [restartedMain] d.s.w.p.DocumentationPluginsBootstrapper : Context refreshed
2021-08-19 12:37:02.458  INFO [,,] 32 --- [restartedMain] d.s.w.p.DocumentationPluginsBootstrapper : Found 1 custom documentation plugin(s)
2021-08-19 12:37:02.473  INFO [,,] 32 --- [restartedMain] s.d.s.w.s.ApiListingReferenceScanner     : Scanning for api listing references
2021-08-19 12:37:02.767  INFO [,,] 32 --- [restartedMain] c.c.PensionManagementPortalApplication   : Started PensionManagementPortalApplication in 9.404 seconds (JVM running for 10.616)
2021-08-19 12:37:59.603  INFO [,,] 32 --- [http-nio-9085-exec-2] o.a.c.c.C.[Tomcat].[localhost].[/]       : Initializing Spring DispatcherServlet 'dispatcherServlet'
2021-08-19 12:37:59.604  INFO [,,] 32 --- [http-nio-9085-exec-2] o.s.web.servlet.DispatcherServlet        : Initializing Servlet 'dispatcherServlet'
2021-08-19 12:37:59.606  INFO [,,] 32 --- [http-nio-9085-exec-2] o.s.web.servlet.DispatcherServlet        : Completed initialization in 2 ms
2021-08-19 12:37:59.922  INFO [,4dfdc86c4c17e2d1,4dfdc86c4c17e2d1] 32 --- [http-nio-9085-exec-2] c.c.controller.PensionController         : STARTED - doLogin
2021-08-19 12:38:00.405  INFO [,5105dfa3000e3078,5105dfa3000e3078] 32 --- [http-nio-9085-exec-1] c.c.controller.PensionController         : STARTED - doLogin
2021-08-19 12:38:02.131  INFO [,5105dfa3000e3078,5105dfa3000e3078] 32 --- [http-nio-9085-exec-1] c.c.controller.PensionController         : END - doLogin
2021-08-19 12:38:02.131  INFO [,4dfdc86c4c17e2d1,4dfdc86c4c17e2d1] 32 --- [http-nio-9085-exec-2] c.c.controller.PensionController         : END - doLogin
2021-08-19 12:38:03.370  INFO [,368485747f2755f5,368485747f2755f5] 32 --- [http-nio-9085-exec-4] c.c.controller.PensionController         : STARTED - allDetail
2021-08-19 12:38:04.283  INFO [,368485747f2755f5,368485747f2755f5] 32 --- [http-nio-9085-exec-4] c.c.controller.PensionController         : END - allDetail
2021-08-19 12:40:37.761  INFO [,e6926b8820de9773,e6926b8820de9773] 32 --- [http-nio-9085-exec-8] c.c.controller.PensionController         : STARTED - getPensionDetail
2021-08-19 12:40:38.334  INFO [,e6926b8820de9773,e6926b8820de9773] 32 --- [http-nio-9085-exec-8] c.c.controller.PensionController         : END - getPensionDetail
2021-08-19 12:40:45.431  INFO [,680b70c9626b150b,680b70c9626b150b] 32 --- [http-nio-9085-exec-10] c.c.controller.PensionController         : STARTED - getPensionDetail
2021-08-19 12:40:45.477  INFO [,680b70c9626b150b,680b70c9626b150b] 32 --- [http-nio-9085-exec-10] c.c.controller.PensionController         : END - getPensionDetail
2021-08-19 12:41:26.110  INFO [,15455f131e97a272,15455f131e97a272] 32 --- [http-nio-9085-exec-3] c.c.controller.PensionController         : STARTED - getStatusCode
2021-08-19 12:41:26.130  INFO [,15455f131e97a272,15455f131e97a272] 32 --- [http-nio-9085-exec-3] c.c.controller.PensionController         : END - getStatusCode
2021-08-19 12:41:42.165  INFO [,fc4b3e859fdfffb1,fc4b3e859fdfffb1] 32 --- [http-nio-9085-exec-4] c.c.controller.PensionController         : STARTED - getStatusCode
2021-08-19 12:41:42.182  INFO [,fc4b3e859fdfffb1,fc4b3e859fdfffb1] 32 --- [http-nio-9085-exec-4] c.c.controller.PensionController         : END - getStatusCode
2021-08-19 12:41:45.331  INFO [,d886acafc17c34d4,d886acafc17c34d4] 32 --- [http-nio-9085-exec-7] c.c.controller.PensionController         : STARTED - allDetail
2021-08-19 12:41:45.371  INFO [,d886acafc17c34d4,d886acafc17c34d4] 32 --- [http-nio-9085-exec-7] c.c.controller.PensionController         : END - allDetail
2021-08-19 12:42:08.999  INFO [,4b25324ea6a70a41,4b25324ea6a70a41] 32 --- [http-nio-9085-exec-9] c.c.controller.PensionController         : STARTED - getPensionDetail
2021-08-19 12:42:09.243 ERROR [,,] 32 --- [http-nio-9085-exec-9] o.a.c.c.C.[.[.[/].[dispatcherServlet]    : Servlet.service() for servlet [dispatcherServlet] in context with path [] threw exception [Request processing failed; nested exception is feign.FeignException$NotFound: [404] during [POST] to [http://localhost:9084/pensionerInput] [ProcessPensionClient#getPensionDetail(String,PensionerInput)]: [{"message":"Pensioner Detail not coreect","statusCode":404,"exceptionTime":1629357129205}]] with root cause

feign.FeignException$NotFound: [404] during [POST] to [http://localhost:9084/pensionerInput] [ProcessPensionClient#getPensionDetail(String,PensionerInput)]: [{"message":"Pensioner Detail not coreect","statusCode":404,"exceptionTime":1629357129205}]
	at feign.FeignException.clientErrorStatus(FeignException.java:201) ~[feign-core-10.12.jar:na]
	at feign.FeignException.errorStatus(FeignException.java:177) ~[feign-core-10.12.jar:na]
	at feign.FeignException.errorStatus(FeignException.java:169) ~[feign-core-10.12.jar:na]
	at feign.codec.ErrorDecoder$Default.decode(ErrorDecoder.java:92) ~[feign-core-10.12.jar:na]
	at feign.AsyncResponseHandler.handleResponse(AsyncResponseHandler.java:96) ~[feign-core-10.12.jar:na]
	at feign.SynchronousMethodHandler.executeAndDecode(SynchronousMethodHandler.java:138) ~[feign-core-10.12.jar:na]
	at feign.SynchronousMethodHandler.invoke(SynchronousMethodHandler.java:89) ~[feign-core-10.12.jar:na]
	at feign.ReflectiveFeign$FeignInvocationHandler.invoke(ReflectiveFeign.java:100) ~[feign-core-10.12.jar:na]
	at jdk.proxy4/jdk.proxy4.$Proxy113.getPensionDetail(Unknown Source) ~[na:na]
	at com.cognizant.controller.PensionController.getPensionDetail(PensionController.java:104) ~[classes/:na]
	at java.base/jdk.internal.reflect.NativeMethodAccessorImpl.invoke0(Native Method) ~[na:na]
	at java.base/jdk.internal.reflect.NativeMethodAccessorImpl.invoke(NativeMethodAccessorImpl.java:78) ~[na:na]
	at java.base/jdk.internal.reflect.DelegatingMethodAccessorImpl.invoke(DelegatingMethodAccessorImpl.java:43) ~[na:na]
	at java.base/java.lang.reflect.Method.invoke(Method.java:567) ~[na:na]
	at org.springframework.web.method.support.InvocableHandlerMethod.doInvoke(InvocableHandlerMethod.java:197) ~[spring-web-5.3.9.jar:5.3.9]
	at org.springframework.web.method.support.InvocableHandlerMethod.invokeForRequest(InvocableHandlerMethod.java:141) ~[spring-web-5.3.9.jar:5.3.9]
	at org.springframework.web.servlet.mvc.method.annotation.ServletInvocableHandlerMethod.invokeAndHandle(ServletInvocableHandlerMethod.java:106) ~[spring-webmvc-5.3.9.jar:5.3.9]
	at org.springframework.web.servlet.mvc.method.annotation.RequestMappingHandlerAdapter.invokeHandlerMethod(RequestMappingHandlerAdapter.java:895) ~[spring-webmvc-5.3.9.jar:5.3.9]
	at org.springframework.web.servlet.mvc.method.annotation.RequestMappingHandlerAdapter.handleInternal(RequestMappingHandlerAdapter.java:808) ~[spring-webmvc-5.3.9.jar:5.3.9]
	at org.springframework.web.servlet.mvc.method.AbstractHandlerMethodAdapter.handle(AbstractHandlerMethodAdapter.java:87) ~[spring-webmvc-5.3.9.jar:5.3.9]
	at org.springframework.web.servlet.DispatcherServlet.doDispatch(DispatcherServlet.java:1064) ~[spring-webmvc-5.3.9.jar:5.3.9]
	at org.springframework.web.servlet.DispatcherServlet.doService(DispatcherServlet.java:963) ~[spring-webmvc-5.3.9.jar:5.3.9]
	at org.springframework.web.servlet.FrameworkServlet.processRequest(FrameworkServlet.java:1006) ~[spring-webmvc-5.3.9.jar:5.3.9]
	at org.springframework.web.servlet.FrameworkServlet.doPost(FrameworkServlet.java:909) ~[spring-webmvc-5.3.9.jar:5.3.9]
	at javax.servlet.http.HttpServlet.service(HttpServlet.java:681) ~[tomcat-embed-core-9.0.50.jar:4.0.FR]
	at org.springframework.web.servlet.FrameworkServlet.service(FrameworkServlet.java:883) ~[spring-webmvc-5.3.9.jar:5.3.9]
	at javax.servlet.http.HttpServlet.service(HttpServlet.java:764) ~[tomcat-embed-core-9.0.50.jar:4.0.FR]
	at org.apache.catalina.core.ApplicationFilterChain.internalDoFilter(ApplicationFilterChain.java:228) ~[tomcat-embed-core-9.0.50.jar:9.0.50]
	at org.apache.catalina.core.ApplicationFilterChain.doFilter(ApplicationFilterChain.java:163) ~[tomcat-embed-core-9.0.50.jar:9.0.50]
	at org.apache.tomcat.websocket.server.WsFilter.doFilter(WsFilter.java:53) ~[tomcat-embed-websocket-9.0.50.jar:9.0.50]
	at org.apache.catalina.core.ApplicationFilterChain.internalDoFilter(ApplicationFilterChain.java:190) ~[tomcat-embed-core-9.0.50.jar:9.0.50]
	at org.apache.catalina.core.ApplicationFilterChain.doFilter(ApplicationFilterChain.java:163) ~[tomcat-embed-core-9.0.50.jar:9.0.50]
	at org.springframework.web.filter.RequestContextFilter.doFilterInternal(RequestContextFilter.java:100) ~[spring-web-5.3.9.jar:5.3.9]
	at org.springframework.web.filter.OncePerRequestFilter.doFilter(OncePerRequestFilter.java:119) ~[spring-web-5.3.9.jar:5.3.9]
	at org.apache.catalina.core.ApplicationFilterChain.internalDoFilter(ApplicationFilterChain.java:190) ~[tomcat-embed-core-9.0.50.jar:9.0.50]
	at org.apache.catalina.core.ApplicationFilterChain.doFilter(ApplicationFilterChain.java:163) ~[tomcat-embed-core-9.0.50.jar:9.0.50]
	at org.springframework.web.filter.FormContentFilter.doFilterInternal(FormContentFilter.java:93) ~[spring-web-5.3.9.jar:5.3.9]
	at org.springframework.web.filter.OncePerRequestFilter.doFilter(OncePerRequestFilter.java:119) ~[spring-web-5.3.9.jar:5.3.9]
	at org.apache.catalina.core.ApplicationFilterChain.internalDoFilter(ApplicationFilterChain.java:190) ~[tomcat-embed-core-9.0.50.jar:9.0.50]
	at org.apache.catalina.core.ApplicationFilterChain.doFilter(ApplicationFilterChain.java:163) ~[tomcat-embed-core-9.0.50.jar:9.0.50]
	at org.springframework.cloud.sleuth.instrument.web.servlet.TracingFilter.doFilter(TracingFilter.java:89) ~[spring-cloud-sleuth-instrumentation-3.0.3.jar:3.0.3]
	at org.springframework.cloud.sleuth.autoconfig.instrument.web.LazyTracingFilter.doFilter(TraceWebServletConfiguration.java:114) ~[spring-cloud-sleuth-autoconfigure-3.0.3.jar:3.0.3]
	at org.apache.catalina.core.ApplicationFilterChain.internalDoFilter(ApplicationFilterChain.java:190) ~[tomcat-embed-core-9.0.50.jar:9.0.50]
	at org.apache.catalina.core.ApplicationFilterChain.doFilter(ApplicationFilterChain.java:163) ~[tomcat-embed-core-9.0.50.jar:9.0.50]
	at org.springframework.web.filter.CharacterEncodingFilter.doFilterInternal(CharacterEncodingFilter.java:201) ~[spring-web-5.3.9.jar:5.3.9]
	at org.springframework.web.filter.OncePerRequestFilter.doFilter(OncePerRequestFilter.java:119) ~[spring-web-5.3.9.jar:5.3.9]
	at org.apache.catalina.core.ApplicationFilterChain.internalDoFilter(ApplicationFilterChain.java:190) ~[tomcat-embed-core-9.0.50.jar:9.0.50]
	at org.apache.catalina.core.ApplicationFilterChain.doFilter(ApplicationFilterChain.java:163) ~[tomcat-embed-core-9.0.50.jar:9.0.50]
	at org.apache.catalina.core.StandardWrapperValve.invoke(StandardWrapperValve.java:202) ~[tomcat-embed-core-9.0.50.jar:9.0.50]
	at org.apache.catalina.core.StandardContextValve.invoke(StandardContextValve.java:97) ~[tomcat-embed-core-9.0.50.jar:9.0.50]
	at org.apache.catalina.authenticator.AuthenticatorBase.invoke(AuthenticatorBase.java:542) ~[tomcat-embed-core-9.0.50.jar:9.0.50]
	at org.apache.catalina.core.StandardHostValve.invoke(StandardHostValve.java:143) ~[tomcat-embed-core-9.0.50.jar:9.0.50]
	at org.apache.catalina.valves.ErrorReportValve.invoke(ErrorReportValve.java:92) ~[tomcat-embed-core-9.0.50.jar:9.0.50]
	at org.apache.catalina.core.StandardEngineValve.invoke(StandardEngineValve.java:78) ~[tomcat-embed-core-9.0.50.jar:9.0.50]
	at org.apache.catalina.connector.CoyoteAdapter.service(CoyoteAdapter.java:357) ~[tomcat-embed-core-9.0.50.jar:9.0.50]
	at org.apache.coyote.http11.Http11Processor.service(Http11Processor.java:382) ~[tomcat-embed-core-9.0.50.jar:9.0.50]
	at org.apache.coyote.AbstractProcessorLight.process(AbstractProcessorLight.java:65) ~[tomcat-embed-core-9.0.50.jar:9.0.50]
	at org.apache.coyote.AbstractProtocol$ConnectionHandler.process(AbstractProtocol.java:893) ~[tomcat-embed-core-9.0.50.jar:9.0.50]
	at org.apache.tomcat.util.net.NioEndpoint$SocketProcessor.doRun(NioEndpoint.java:1723) ~[tomcat-embed-core-9.0.50.jar:9.0.50]
	at org.apache.tomcat.util.net.SocketProcessorBase.run(SocketProcessorBase.java:49) ~[tomcat-embed-core-9.0.50.jar:9.0.50]
	at java.base/java.util.concurrent.ThreadPoolExecutor.runWorker(ThreadPoolExecutor.java:1130) ~[na:na]
	at java.base/java.util.concurrent.ThreadPoolExecutor$Worker.run(ThreadPoolExecutor.java:630) ~[na:na]
	at org.apache.tomcat.util.threads.TaskThread$WrappingRunnable.run(TaskThread.java:61) ~[tomcat-embed-core-9.0.50.jar:9.0.50]
	at java.base/java.lang.Thread.run(Thread.java:831) ~[na:na]

2021-08-19 12:42:09.314  INFO [,d39c156ce1927dc4,d39c156ce1927dc4] 32 --- [http-nio-9085-exec-10] c.c.controller.PensionController         : STARTED - getPensionDetail
2021-08-19 12:42:09.364 ERROR [,,] 32 --- [http-nio-9085-exec-10] o.a.c.c.C.[.[.[/].[dispatcherServlet]    : Servlet.service() for servlet [dispatcherServlet] in context with path [] threw exception [Request processing failed; nested exception is feign.FeignException$NotFound: [404] during [POST] to [http://localhost:9084/pensionerInput] [ProcessPensionClient#getPensionDetail(String,PensionerInput)]: [{"message":"Pensioner Detail not coreect","statusCode":404,"exceptionTime":1629357129360}]] with root cause

feign.FeignException$NotFound: [404] during [POST] to [http://localhost:9084/pensionerInput] [ProcessPensionClient#getPensionDetail(String,PensionerInput)]: [{"message":"Pensioner Detail not coreect","statusCode":404,"exceptionTime":1629357129360}]
	at feign.FeignException.clientErrorStatus(FeignException.java:201) ~[feign-core-10.12.jar:na]
	at feign.FeignException.errorStatus(FeignException.java:177) ~[feign-core-10.12.jar:na]
	at feign.FeignException.errorStatus(FeignException.java:169) ~[feign-core-10.12.jar:na]
	at feign.codec.ErrorDecoder$Default.decode(ErrorDecoder.java:92) ~[feign-core-10.12.jar:na]
	at feign.AsyncResponseHandler.handleResponse(AsyncResponseHandler.java:96) ~[feign-core-10.12.jar:na]
	at feign.SynchronousMethodHandler.executeAndDecode(SynchronousMethodHandler.java:138) ~[feign-core-10.12.jar:na]
	at feign.SynchronousMethodHandler.invoke(SynchronousMethodHandler.java:89) ~[feign-core-10.12.jar:na]
	at feign.ReflectiveFeign$FeignInvocationHandler.invoke(ReflectiveFeign.java:100) ~[feign-core-10.12.jar:na]
	at jdk.proxy4/jdk.proxy4.$Proxy113.getPensionDetail(Unknown Source) ~[na:na]
	at com.cognizant.controller.PensionController.getPensionDetail(PensionController.java:104) ~[classes/:na]
	at java.base/jdk.internal.reflect.NativeMethodAccessorImpl.invoke0(Native Method) ~[na:na]
	at java.base/jdk.internal.reflect.NativeMethodAccessorImpl.invoke(NativeMethodAccessorImpl.java:78) ~[na:na]
	at java.base/jdk.internal.reflect.DelegatingMethodAccessorImpl.invoke(DelegatingMethodAccessorImpl.java:43) ~[na:na]
	at java.base/java.lang.reflect.Method.invoke(Method.java:567) ~[na:na]
	at org.springframework.web.method.support.InvocableHandlerMethod.doInvoke(InvocableHandlerMethod.java:197) ~[spring-web-5.3.9.jar:5.3.9]
	at org.springframework.web.method.support.InvocableHandlerMethod.invokeForRequest(InvocableHandlerMethod.java:141) ~[spring-web-5.3.9.jar:5.3.9]
	at org.springframework.web.servlet.mvc.method.annotation.ServletInvocableHandlerMethod.invokeAndHandle(ServletInvocableHandlerMethod.java:106) ~[spring-webmvc-5.3.9.jar:5.3.9]
	at org.springframework.web.servlet.mvc.method.annotation.RequestMappingHandlerAdapter.invokeHandlerMethod(RequestMappingHandlerAdapter.java:895) ~[spring-webmvc-5.3.9.jar:5.3.9]
	at org.springframework.web.servlet.mvc.method.annotation.RequestMappingHandlerAdapter.handleInternal(RequestMappingHandlerAdapter.java:808) ~[spring-webmvc-5.3.9.jar:5.3.9]
	at org.springframework.web.servlet.mvc.method.AbstractHandlerMethodAdapter.handle(AbstractHandlerMethodAdapter.java:87) ~[spring-webmvc-5.3.9.jar:5.3.9]
	at org.springframework.web.servlet.DispatcherServlet.doDispatch(DispatcherServlet.java:1064) ~[spring-webmvc-5.3.9.jar:5.3.9]
	at org.springframework.web.servlet.DispatcherServlet.doService(DispatcherServlet.java:963) ~[spring-webmvc-5.3.9.jar:5.3.9]
	at org.springframework.web.servlet.FrameworkServlet.processRequest(FrameworkServlet.java:1006) ~[spring-webmvc-5.3.9.jar:5.3.9]
	at org.springframework.web.servlet.FrameworkServlet.doPost(FrameworkServlet.java:909) ~[spring-webmvc-5.3.9.jar:5.3.9]
	at javax.servlet.http.HttpServlet.service(HttpServlet.java:681) ~[tomcat-embed-core-9.0.50.jar:4.0.FR]
	at org.springframework.web.servlet.FrameworkServlet.service(FrameworkServlet.java:883) ~[spring-webmvc-5.3.9.jar:5.3.9]
	at javax.servlet.http.HttpServlet.service(HttpServlet.java:764) ~[tomcat-embed-core-9.0.50.jar:4.0.FR]
	at org.apache.catalina.core.ApplicationFilterChain.internalDoFilter(ApplicationFilterChain.java:228) ~[tomcat-embed-core-9.0.50.jar:9.0.50]
	at org.apache.catalina.core.ApplicationFilterChain.doFilter(ApplicationFilterChain.java:163) ~[tomcat-embed-core-9.0.50.jar:9.0.50]
	at org.apache.tomcat.websocket.server.WsFilter.doFilter(WsFilter.java:53) ~[tomcat-embed-websocket-9.0.50.jar:9.0.50]
	at org.apache.catalina.core.ApplicationFilterChain.internalDoFilter(ApplicationFilterChain.java:190) ~[tomcat-embed-core-9.0.50.jar:9.0.50]
	at org.apache.catalina.core.ApplicationFilterChain.doFilter(ApplicationFilterChain.java:163) ~[tomcat-embed-core-9.0.50.jar:9.0.50]
	at org.springframework.web.filter.RequestContextFilter.doFilterInternal(RequestContextFilter.java:100) ~[spring-web-5.3.9.jar:5.3.9]
	at org.springframework.web.filter.OncePerRequestFilter.doFilter(OncePerRequestFilter.java:119) ~[spring-web-5.3.9.jar:5.3.9]
	at org.apache.catalina.core.ApplicationFilterChain.internalDoFilter(ApplicationFilterChain.java:190) ~[tomcat-embed-core-9.0.50.jar:9.0.50]
	at org.apache.catalina.core.ApplicationFilterChain.doFilter(ApplicationFilterChain.java:163) ~[tomcat-embed-core-9.0.50.jar:9.0.50]
	at org.springframework.web.filter.FormContentFilter.doFilterInternal(FormContentFilter.java:93) ~[spring-web-5.3.9.jar:5.3.9]
	at org.springframework.web.filter.OncePerRequestFilter.doFilter(OncePerRequestFilter.java:119) ~[spring-web-5.3.9.jar:5.3.9]
	at org.apache.catalina.core.ApplicationFilterChain.internalDoFilter(ApplicationFilterChain.java:190) ~[tomcat-embed-core-9.0.50.jar:9.0.50]
	at org.apache.catalina.core.ApplicationFilterChain.doFilter(ApplicationFilterChain.java:163) ~[tomcat-embed-core-9.0.50.jar:9.0.50]
	at org.springframework.cloud.sleuth.instrument.web.servlet.TracingFilter.doFilter(TracingFilter.java:89) ~[spring-cloud-sleuth-instrumentation-3.0.3.jar:3.0.3]
	at org.springframework.cloud.sleuth.autoconfig.instrument.web.LazyTracingFilter.doFilter(TraceWebServletConfiguration.java:114) ~[spring-cloud-sleuth-autoconfigure-3.0.3.jar:3.0.3]
	at org.apache.catalina.core.ApplicationFilterChain.internalDoFilter(ApplicationFilterChain.java:190) ~[tomcat-embed-core-9.0.50.jar:9.0.50]
	at org.apache.catalina.core.ApplicationFilterChain.doFilter(ApplicationFilterChain.java:163) ~[tomcat-embed-core-9.0.50.jar:9.0.50]
	at org.springframework.web.filter.CharacterEncodingFilter.doFilterInternal(CharacterEncodingFilter.java:201) ~[spring-web-5.3.9.jar:5.3.9]
	at org.springframework.web.filter.OncePerRequestFilter.doFilter(OncePerRequestFilter.java:119) ~[spring-web-5.3.9.jar:5.3.9]
	at org.apache.catalina.core.ApplicationFilterChain.internalDoFilter(ApplicationFilterChain.java:190) ~[tomcat-embed-core-9.0.50.jar:9.0.50]
	at org.apache.catalina.core.ApplicationFilterChain.doFilter(ApplicationFilterChain.java:163) ~[tomcat-embed-core-9.0.50.jar:9.0.50]
	at org.apache.catalina.core.StandardWrapperValve.invoke(StandardWrapperValve.java:202) ~[tomcat-embed-core-9.0.50.jar:9.0.50]
	at org.apache.catalina.core.StandardContextValve.invoke(StandardContextValve.java:97) ~[tomcat-embed-core-9.0.50.jar:9.0.50]
	at org.apache.catalina.authenticator.AuthenticatorBase.invoke(AuthenticatorBase.java:542) ~[tomcat-embed-core-9.0.50.jar:9.0.50]
	at org.apache.catalina.core.StandardHostValve.invoke(StandardHostValve.java:143) ~[tomcat-embed-core-9.0.50.jar:9.0.50]
	at org.apache.catalina.valves.ErrorReportValve.invoke(ErrorReportValve.java:92) ~[tomcat-embed-core-9.0.50.jar:9.0.50]
	at org.apache.catalina.core.StandardEngineValve.invoke(StandardEngineValve.java:78) ~[tomcat-embed-core-9.0.50.jar:9.0.50]
	at org.apache.catalina.connector.CoyoteAdapter.service(CoyoteAdapter.java:357) ~[tomcat-embed-core-9.0.50.jar:9.0.50]
	at org.apache.coyote.http11.Http11Processor.service(Http11Processor.java:382) ~[tomcat-embed-core-9.0.50.jar:9.0.50]
	at org.apache.coyote.AbstractProcessorLight.process(AbstractProcessorLight.java:65) ~[tomcat-embed-core-9.0.50.jar:9.0.50]
	at org.apache.coyote.AbstractProtocol$ConnectionHandler.process(AbstractProtocol.java:893) ~[tomcat-embed-core-9.0.50.jar:9.0.50]
	at org.apache.tomcat.util.net.NioEndpoint$SocketProcessor.doRun(NioEndpoint.java:1723) ~[tomcat-embed-core-9.0.50.jar:9.0.50]
	at org.apache.tomcat.util.net.SocketProcessorBase.run(SocketProcessorBase.java:49) ~[tomcat-embed-core-9.0.50.jar:9.0.50]
	at java.base/java.util.concurrent.ThreadPoolExecutor.runWorker(ThreadPoolExecutor.java:1130) ~[na:na]
	at java.base/java.util.concurrent.ThreadPoolExecutor$Worker.run(ThreadPoolExecutor.java:630) ~[na:na]
	at org.apache.tomcat.util.threads.TaskThread$WrappingRunnable.run(TaskThread.java:61) ~[tomcat-embed-core-9.0.50.jar:9.0.50]
	at java.base/java.lang.Thread.run(Thread.java:831) ~[na:na]

2021-08-19 12:59:42.775  INFO [,,] 32 --- [RMI TCP Connection(31)-127.0.0.1] inMXBeanRegistrar$SpringApplicationAdmin : Application shutdown requested.
2021-08-19 12:59:42.887  INFO [,,] 32 --- [RMI TCP Connection(31)-127.0.0.1] j.LocalContainerEntityManagerFactoryBean : Closing JPA EntityManagerFactory for persistence unit 'default'
2021-08-19 12:59:42.888  INFO [,,] 32 --- [RMI TCP Connection(31)-127.0.0.1] .SchemaDropperImpl$DelayedDropActionImpl : HHH000477: Starting delayed evictData of schema as part of SessionFactory shut-down'
2021-08-19 12:59:43.117  WARN [,,] 32 --- [RMI TCP Connection(31)-127.0.0.1] o.s.b.f.support.DisposableBeanAdapter    : Invocation of destroy method failed on bean with name 'inMemoryDatabaseShutdownExecutor': org.h2.jdbc.JdbcSQLNonTransientConnectionException: Database is already closed (to disable automatic closing at VM shutdown, add ";DB_CLOSE_ON_EXIT=FALSE" to the db URL) [90121-200]
2021-08-19 12:59:43.120  INFO [,,] 32 --- [RMI TCP Connection(31)-127.0.0.1] com.zaxxer.hikari.HikariDataSource       : HikariPool-1 - Shutdown initiated...
2021-08-19 12:59:43.125  INFO [,,] 32 --- [RMI TCP Connection(31)-127.0.0.1] com.zaxxer.hikari.HikariDataSource       : HikariPool-1 - Shutdown completed.
2022-05-18 11:13:59.102  INFO [,,] 13520 --- [restartedMain] c.c.PensionManagementPortalApplication   : Starting PensionManagementPortalApplication using Java 17.0.2 on LAPTOP-3BOKUJ1Q with PID 13520 (C:\Users\hp\git\PensionManagementSystem\Pension-Management-portal\target\classes started by hp in C:\Users\hp\git\PensionManagementSystem\Pension-Management-portal)
2022-05-18 11:13:59.129  INFO [,,] 13520 --- [restartedMain] c.c.PensionManagementPortalApplication   : No active profile set, falling back to default profiles: default
2022-05-18 11:13:59.231  INFO [,,] 13520 --- [restartedMain] .e.DevToolsPropertyDefaultsPostProcessor : Devtools property defaults active! Set 'spring.devtools.add-properties' to 'false' to disable
2022-05-18 11:13:59.232  INFO [,,] 13520 --- [restartedMain] .e.DevToolsPropertyDefaultsPostProcessor : For additional web related logging consider setting the 'logging.level.web' property to 'DEBUG'
2022-05-18 11:14:01.810  INFO [,,] 13520 --- [restartedMain] .s.d.r.c.RepositoryConfigurationDelegate : Bootstrapping Spring Data JPA repositories in DEFAULT mode.
2022-05-18 11:14:01.838  INFO [,,] 13520 --- [restartedMain] .s.d.r.c.RepositoryConfigurationDelegate : Finished Spring Data repository scanning in 12 ms. Found 0 JPA repository interfaces.
2022-05-18 11:14:02.923  INFO [,,] 13520 --- [restartedMain] o.s.cloud.context.scope.GenericScope     : BeanFactory id=8bbd7b7f-4f1e-3ea6-97bf-9168f5abcecf
2022-05-18 11:14:04.647  INFO [,,] 13520 --- [restartedMain] o.s.b.w.embedded.tomcat.TomcatWebServer  : Tomcat initialized with port(s): 9085 (http)
2022-05-18 11:14:04.674  INFO [,,] 13520 --- [restartedMain] o.apache.catalina.core.StandardService   : Starting service [Tomcat]
2022-05-18 11:14:04.676  INFO [,,] 13520 --- [restartedMain] org.apache.catalina.core.StandardEngine  : Starting Servlet engine: [Apache Tomcat/9.0.50]
2022-05-18 11:14:04.821  INFO [,,] 13520 --- [restartedMain] o.a.c.c.C.[Tomcat].[localhost].[/]       : Initializing Spring embedded WebApplicationContext
2022-05-18 11:14:04.822  INFO [,,] 13520 --- [restartedMain] w.s.c.ServletWebServerApplicationContext : Root WebApplicationContext: initialization completed in 5589 ms
2022-05-18 11:14:04.924  INFO [,,] 13520 --- [restartedMain] com.zaxxer.hikari.HikariDataSource       : HikariPool-1 - Starting...
2022-05-18 11:14:05.329  INFO [,,] 13520 --- [restartedMain] com.zaxxer.hikari.HikariDataSource       : HikariPool-1 - Start completed.
2022-05-18 11:14:05.377  INFO [,,] 13520 --- [restartedMain] o.s.b.a.h2.H2ConsoleAutoConfiguration    : H2 console available at '/h2-console'. Database available at 'jdbc:h2:mem:22df1965-0cca-4be9-9544-5f434166d5f5'
2022-05-18 11:14:06.426  INFO [,,] 13520 --- [restartedMain] o.hibernate.jpa.internal.util.LogHelper  : HHH000204: Processing PersistenceUnitInfo [name: default]
2022-05-18 11:14:06.540  INFO [,,] 13520 --- [restartedMain] org.hibernate.Version                    : HHH000412: Hibernate ORM core version 5.4.32.Final
2022-05-18 11:14:06.796  INFO [,,] 13520 --- [restartedMain] o.hibernate.annotations.common.Version   : HCANN000001: Hibernate Commons Annotations {5.1.2.Final}
2022-05-18 11:14:07.019  INFO [,,] 13520 --- [restartedMain] org.hibernate.dialect.Dialect            : HHH000400: Using dialect: org.hibernate.dialect.H2Dialect
2022-05-18 11:14:07.519  INFO [,,] 13520 --- [restartedMain] o.h.e.t.j.p.i.JtaPlatformInitiator       : HHH000490: Using JtaPlatform implementation: [org.hibernate.engine.transaction.jta.platform.internal.NoJtaPlatform]
2022-05-18 11:14:07.556  INFO [,,] 13520 --- [restartedMain] j.LocalContainerEntityManagerFactoryBean : Initialized JPA EntityManagerFactory for persistence unit 'default'
2022-05-18 11:14:07.784  WARN [,,] 13520 --- [restartedMain] o.s.b.d.a.OptionalLiveReloadServer       : Unable to start LiveReload server
2022-05-18 11:14:08.218  WARN [,,] 13520 --- [restartedMain] JpaBaseConfiguration$JpaWebConfiguration : spring.jpa.open-in-view is enabled by default. Therefore, database queries may be performed during view rendering. Explicitly configure spring.jpa.open-in-view to disable this warning
2022-05-18 11:14:11.513  INFO [,,] 13520 --- [restartedMain] o.s.b.w.embedded.tomcat.TomcatWebServer  : Tomcat started on port(s): 9085 (http) with context path ''
2022-05-18 11:14:11.854  INFO [,,] 13520 --- [restartedMain] d.s.w.p.DocumentationPluginsBootstrapper : Context refreshed
2022-05-18 11:14:11.885  INFO [,,] 13520 --- [restartedMain] d.s.w.p.DocumentationPluginsBootstrapper : Found 1 custom documentation plugin(s)
2022-05-18 11:14:11.916  INFO [,,] 13520 --- [restartedMain] s.d.s.w.s.ApiListingReferenceScanner     : Scanning for api listing references
2022-05-18 11:14:12.390  INFO [,,] 13520 --- [restartedMain] c.c.PensionManagementPortalApplication   : Started PensionManagementPortalApplication in 14.57 seconds (JVM running for 16.441)
2022-05-18 11:16:05.325  INFO [,,] 13520 --- [http-nio-9085-exec-2] o.a.c.c.C.[Tomcat].[localhost].[/]       : Initializing Spring DispatcherServlet 'dispatcherServlet'
2022-05-18 11:16:05.326  INFO [,,] 13520 --- [http-nio-9085-exec-2] o.s.web.servlet.DispatcherServlet        : Initializing Servlet 'dispatcherServlet'
2022-05-18 11:16:05.328  INFO [,,] 13520 --- [http-nio-9085-exec-2] o.s.web.servlet.DispatcherServlet        : Completed initialization in 2 ms
2022-05-18 11:16:05.826  INFO [,ef5ac227d910c08b,ef5ac227d910c08b] 13520 --- [http-nio-9085-exec-1] c.c.controller.PensionController         : STARTED - doLogin
2022-05-18 11:16:09.012  INFO [,ef5ac227d910c08b,ef5ac227d910c08b] 13520 --- [http-nio-9085-exec-1] c.c.controller.PensionController         : END - doLogin
2022-05-18 11:16:11.018  INFO [,4740c254c9edb17b,4740c254c9edb17b] 13520 --- [http-nio-9085-exec-5] c.c.controller.PensionController         : STARTED - allDetail
2022-05-18 11:16:12.019  INFO [,4740c254c9edb17b,4740c254c9edb17b] 13520 --- [http-nio-9085-exec-5] c.c.controller.PensionController         : END - allDetail
2022-05-18 11:28:41.547  INFO [,0d4e1b58d5092f59,0d4e1b58d5092f59] 13520 --- [http-nio-9085-exec-7] c.c.controller.PensionController         : STARTED - allDetail
2022-05-18 11:28:41.871  INFO [,0d4e1b58d5092f59,0d4e1b58d5092f59] 13520 --- [http-nio-9085-exec-7] c.c.controller.PensionController         : END - allDetail
2022-05-18 11:29:34.676  INFO [,6ec0c7cb3e36d216,6ec0c7cb3e36d216] 13520 --- [http-nio-9085-exec-9] c.c.controller.PensionController         : STARTED - allDetail
2022-05-18 11:29:34.701  INFO [,6ec0c7cb3e36d216,6ec0c7cb3e36d216] 13520 --- [http-nio-9085-exec-9] c.c.controller.PensionController         : END - allDetail
2022-05-18 11:30:59.229  INFO [,aa8e0a9b36f3e9e1,aa8e0a9b36f3e9e1] 13520 --- [http-nio-9085-exec-1] c.c.controller.PensionController         : STARTED - getPensionDetail
2022-05-18 11:31:02.004  INFO [,aa8e0a9b36f3e9e1,aa8e0a9b36f3e9e1] 13520 --- [http-nio-9085-exec-1] c.c.controller.PensionController         : END - getPensionDetail
2022-05-18 11:31:44.314  INFO [,8151494443251644,8151494443251644] 13520 --- [http-nio-9085-exec-5] c.c.controller.PensionController         : STARTED - getStatusCode
2022-05-18 11:31:44.327  INFO [,8151494443251644,8151494443251644] 13520 --- [http-nio-9085-exec-5] c.c.controller.PensionController         : END - getStatusCode
2022-05-18 13:09:54.830  INFO [,c4c4ac198e27a75d,c4c4ac198e27a75d] 13520 --- [http-nio-9085-exec-8] c.c.controller.PensionController         : STARTED - getStatusCode
2022-05-18 13:09:56.890  INFO [,c4c4ac198e27a75d,c4c4ac198e27a75d] 13520 --- [http-nio-9085-exec-8] c.c.controller.PensionController         : END - getStatusCode
2022-05-18 13:10:02.778  INFO [,3d22280d9f360226,3d22280d9f360226] 13520 --- [http-nio-9085-exec-10] c.c.controller.PensionController         : STARTED - allDetail
2022-05-18 13:10:03.116  INFO [,3d22280d9f360226,3d22280d9f360226] 13520 --- [http-nio-9085-exec-10] c.c.controller.PensionController         : END - allDetail
2022-05-18 13:10:13.575  INFO [,,] 13520 --- [RMI TCP Connection(129)-127.0.0.1] inMXBeanRegistrar$SpringApplicationAdmin : Application shutdown requested.
2022-05-18 13:10:17.166  INFO [,,] 13520 --- [RMI TCP Connection(131)-127.0.0.1] inMXBeanRegistrar$SpringApplicationAdmin : Application shutdown requested.
2022-05-18 13:10:17.409  INFO [,,] 13520 --- [RMI TCP Connection(129)-127.0.0.1] j.LocalContainerEntityManagerFactoryBean : Closing JPA EntityManagerFactory for persistence unit 'default'
2022-05-18 13:10:17.460  INFO [,,] 13520 --- [RMI TCP Connection(129)-127.0.0.1] .SchemaDropperImpl$DelayedDropActionImpl : HHH000477: Starting delayed evictData of schema as part of SessionFactory shut-down'
2022-05-18 13:10:18.443  WARN [,,] 13520 --- [RMI TCP Connection(129)-127.0.0.1] o.s.b.f.support.DisposableBeanAdapter    : Invocation of destroy method failed on bean with name 'inMemoryDatabaseShutdownExecutor': org.h2.jdbc.JdbcSQLNonTransientConnectionException: Database is already closed (to disable automatic closing at VM shutdown, add ";DB_CLOSE_ON_EXIT=FALSE" to the db URL) [90121-200]
2022-05-18 13:10:18.446  INFO [,,] 13520 --- [RMI TCP Connection(129)-127.0.0.1] com.zaxxer.hikari.HikariDataSource       : HikariPool-1 - Shutdown initiated...
2022-05-18 16:43:59.820  INFO [,,] 4084 --- [restartedMain] c.c.PensionManagementPortalApplication   : Starting PensionManagementPortalApplication using Java 17.0.2 on LAPTOP-3BOKUJ1Q with PID 4084 (C:\Users\hp\git\PensionManagementSystem\Pension-Management-portal\target\classes started by hp in C:\Users\hp\git\PensionManagementSystem\Pension-Management-portal)
2022-05-18 16:44:00.293  INFO [,,] 4084 --- [restartedMain] c.c.PensionManagementPortalApplication   : No active profile set, falling back to default profiles: default
2022-05-18 16:44:00.431  INFO [,,] 4084 --- [restartedMain] .e.DevToolsPropertyDefaultsPostProcessor : Devtools property defaults active! Set 'spring.devtools.add-properties' to 'false' to disable
2022-05-18 16:44:00.431  INFO [,,] 4084 --- [restartedMain] .e.DevToolsPropertyDefaultsPostProcessor : For additional web related logging consider setting the 'logging.level.web' property to 'DEBUG'
2022-05-18 16:44:03.641  INFO [,,] 4084 --- [restartedMain] .s.d.r.c.RepositoryConfigurationDelegate : Bootstrapping Spring Data JPA repositories in DEFAULT mode.
2022-05-18 16:44:03.669  INFO [,,] 4084 --- [restartedMain] .s.d.r.c.RepositoryConfigurationDelegate : Finished Spring Data repository scanning in 14 ms. Found 0 JPA repository interfaces.
2022-05-18 16:44:04.415  INFO [,,] 4084 --- [restartedMain] o.s.cloud.context.scope.GenericScope     : BeanFactory id=8bbd7b7f-4f1e-3ea6-97bf-9168f5abcecf
2022-05-18 16:44:07.691  INFO [,,] 4084 --- [restartedMain] o.s.b.w.embedded.tomcat.TomcatWebServer  : Tomcat initialized with port(s): 9085 (http)
2022-05-18 16:44:07.710  INFO [,,] 4084 --- [restartedMain] o.apache.catalina.core.StandardService   : Starting service [Tomcat]
2022-05-18 16:44:07.711  INFO [,,] 4084 --- [restartedMain] org.apache.catalina.core.StandardEngine  : Starting Servlet engine: [Apache Tomcat/9.0.50]
2022-05-18 16:44:08.355  INFO [,,] 4084 --- [restartedMain] o.a.c.c.C.[Tomcat].[localhost].[/]       : Initializing Spring embedded WebApplicationContext
2022-05-18 16:44:08.356  INFO [,,] 4084 --- [restartedMain] w.s.c.ServletWebServerApplicationContext : Root WebApplicationContext: initialization completed in 7923 ms
2022-05-18 16:44:08.617  INFO [,,] 4084 --- [restartedMain] com.zaxxer.hikari.HikariDataSource       : HikariPool-1 - Starting...
2022-05-18 16:44:09.377  INFO [,,] 4084 --- [restartedMain] com.zaxxer.hikari.HikariDataSource       : HikariPool-1 - Start completed.
2022-05-18 16:44:09.415  INFO [,,] 4084 --- [restartedMain] o.s.b.a.h2.H2ConsoleAutoConfiguration    : H2 console available at '/h2-console'. Database available at 'jdbc:h2:mem:22c3a9e8-1666-497b-a966-0d2e8683fd2f'
2022-05-18 16:44:11.270  INFO [,,] 4084 --- [restartedMain] o.hibernate.jpa.internal.util.LogHelper  : HHH000204: Processing PersistenceUnitInfo [name: default]
2022-05-18 16:44:11.418  INFO [,,] 4084 --- [restartedMain] org.hibernate.Version                    : HHH000412: Hibernate ORM core version 5.4.32.Final
2022-05-18 16:44:11.930  INFO [,,] 4084 --- [restartedMain] o.hibernate.annotations.common.Version   : HCANN000001: Hibernate Commons Annotations {5.1.2.Final}
2022-05-18 16:44:12.343  INFO [,,] 4084 --- [restartedMain] org.hibernate.dialect.Dialect            : HHH000400: Using dialect: org.hibernate.dialect.H2Dialect
2022-05-18 16:44:12.967  INFO [,,] 4084 --- [restartedMain] o.h.e.t.j.p.i.JtaPlatformInitiator       : HHH000490: Using JtaPlatform implementation: [org.hibernate.engine.transaction.jta.platform.internal.NoJtaPlatform]
2022-05-18 16:44:12.996  INFO [,,] 4084 --- [restartedMain] j.LocalContainerEntityManagerFactoryBean : Initialized JPA EntityManagerFactory for persistence unit 'default'
2022-05-18 16:44:13.216  WARN [,,] 4084 --- [restartedMain] o.s.b.d.a.OptionalLiveReloadServer       : Unable to start LiveReload server
2022-05-18 16:44:13.610  WARN [,,] 4084 --- [restartedMain] JpaBaseConfiguration$JpaWebConfiguration : spring.jpa.open-in-view is enabled by default. Therefore, database queries may be performed during view rendering. Explicitly configure spring.jpa.open-in-view to disable this warning
2022-05-18 16:44:17.951  INFO [,,] 4084 --- [restartedMain] o.s.b.w.embedded.tomcat.TomcatWebServer  : Tomcat started on port(s): 9085 (http) with context path ''
2022-05-18 16:44:18.353  INFO [,,] 4084 --- [restartedMain] d.s.w.p.DocumentationPluginsBootstrapper : Context refreshed
2022-05-18 16:44:18.413  INFO [,,] 4084 --- [restartedMain] d.s.w.p.DocumentationPluginsBootstrapper : Found 1 custom documentation plugin(s)
2022-05-18 16:44:18.451  INFO [,,] 4084 --- [restartedMain] s.d.s.w.s.ApiListingReferenceScanner     : Scanning for api listing references
2022-05-18 16:44:18.973  INFO [,,] 4084 --- [restartedMain] c.c.PensionManagementPortalApplication   : Started PensionManagementPortalApplication in 21.249 seconds (JVM running for 24.501)
2022-05-18 16:45:28.772  INFO [,,] 4084 --- [http-nio-9085-exec-2] o.a.c.c.C.[Tomcat].[localhost].[/]       : Initializing Spring DispatcherServlet 'dispatcherServlet'
2022-05-18 16:45:28.773  INFO [,,] 4084 --- [http-nio-9085-exec-2] o.s.web.servlet.DispatcherServlet        : Initializing Servlet 'dispatcherServlet'
2022-05-18 16:45:28.775  INFO [,,] 4084 --- [http-nio-9085-exec-2] o.s.web.servlet.DispatcherServlet        : Completed initialization in 2 ms
2022-05-18 16:45:29.007  INFO [,f6b7bb136e12e87a,f6b7bb136e12e87a] 4084 --- [http-nio-9085-exec-1] c.c.controller.PensionController         : STARTED - doLogin
2022-05-18 16:45:30.187  INFO [,f6b7bb136e12e87a,f6b7bb136e12e87a] 4084 --- [http-nio-9085-exec-1] c.c.controller.PensionController         : END - doLogin
2022-05-18 16:45:31.007  INFO [,33a4ea398f9c096b,33a4ea398f9c096b] 4084 --- [http-nio-9085-exec-4] c.c.controller.PensionController         : STARTED - allDetail
2022-05-18 16:45:31.758  INFO [,33a4ea398f9c096b,33a4ea398f9c096b] 4084 --- [http-nio-9085-exec-4] c.c.controller.PensionController         : END - allDetail
2022-05-18 16:45:44.224  INFO [,7554bf14ff27d7cc,7554bf14ff27d7cc] 4084 --- [http-nio-9085-exec-5] c.c.controller.PensionController         : STARTED - allDetail
2022-05-18 16:45:44.250  INFO [,7554bf14ff27d7cc,7554bf14ff27d7cc] 4084 --- [http-nio-9085-exec-5] c.c.controller.PensionController         : END - allDetail
2022-05-18 16:46:49.911  INFO [,89ba9137a3d2b9cb,89ba9137a3d2b9cb] 4084 --- [http-nio-9085-exec-8] c.c.controller.PensionController         : STARTED - getPensionDetail
2022-05-18 16:46:50.151  INFO [,89ba9137a3d2b9cb,89ba9137a3d2b9cb] 4084 --- [http-nio-9085-exec-8] c.c.controller.PensionController         : END - getPensionDetail
2022-05-18 16:46:59.741  INFO [,1002f737f45dbe4e,1002f737f45dbe4e] 4084 --- [http-nio-9085-exec-9] c.c.controller.PensionController         : STARTED - allDetail
2022-05-18 16:46:59.762  INFO [,1002f737f45dbe4e,1002f737f45dbe4e] 4084 --- [http-nio-9085-exec-9] c.c.controller.PensionController         : END - allDetail
2022-05-18 16:49:20.161  INFO [,dc4ff6148c049521,dc4ff6148c049521] 4084 --- [http-nio-9085-exec-1] c.c.controller.PensionController         : STARTED - getStatusCode
2022-05-18 16:49:20.175  INFO [,dc4ff6148c049521,dc4ff6148c049521] 4084 --- [http-nio-9085-exec-1] c.c.controller.PensionController         : END - getStatusCode
2022-05-18 16:49:30.562  INFO [,069a2e2d4357a171,069a2e2d4357a171] 4084 --- [http-nio-9085-exec-3] c.c.controller.PensionController         : STARTED - getStatusCode
2022-05-18 16:49:30.574  INFO [,069a2e2d4357a171,069a2e2d4357a171] 4084 --- [http-nio-9085-exec-3] c.c.controller.PensionController         : END - getStatusCode
2022-05-18 16:55:15.740  INFO [,5a082b77aa9f2655,5a082b77aa9f2655] 4084 --- [http-nio-9085-exec-5] c.c.controller.PensionController         : STARTED - getStatusCode
2022-05-18 16:55:15.754  INFO [,5a082b77aa9f2655,5a082b77aa9f2655] 4084 --- [http-nio-9085-exec-5] c.c.controller.PensionController         : END - getStatusCode
2022-05-18 16:55:33.139  INFO [,f0a1a9643a462be1,f0a1a9643a462be1] 4084 --- [http-nio-9085-exec-6] c.c.controller.PensionController         : STARTED - getStatusCode
2022-05-18 16:55:33.151  INFO [,f0a1a9643a462be1,f0a1a9643a462be1] 4084 --- [http-nio-9085-exec-6] c.c.controller.PensionController         : END - getStatusCode
2022-05-18 16:58:42.947  INFO [,50d8e48b6efc88a3,50d8e48b6efc88a3] 4084 --- [http-nio-9085-exec-8] c.c.controller.PensionController         : STARTED - getPensionDetail
2022-05-18 16:58:43.012  INFO [,50d8e48b6efc88a3,50d8e48b6efc88a3] 4084 --- [http-nio-9085-exec-8] c.c.controller.PensionController         : END - getPensionDetail
2022-05-18 17:02:11.075  INFO [,4cf94c6dac559964,4cf94c6dac559964] 4084 --- [http-nio-9085-exec-10] c.c.controller.PensionController         : STARTED - getStatusCode
2022-05-18 17:02:11.087  INFO [,4cf94c6dac559964,4cf94c6dac559964] 4084 --- [http-nio-9085-exec-10] c.c.controller.PensionController         : END - getStatusCode
2022-05-18 17:02:23.309  INFO [,63551df852fc72c7,63551df852fc72c7] 4084 --- [http-nio-9085-exec-2] c.c.controller.PensionController         : STARTED - getStatusCode
2022-05-18 17:02:23.321  INFO [,63551df852fc72c7,63551df852fc72c7] 4084 --- [http-nio-9085-exec-2] c.c.controller.PensionController         : END - getStatusCode
2022-05-18 17:03:37.268  INFO [,b06d85364dcab82d,b06d85364dcab82d] 4084 --- [http-nio-9085-exec-3] c.c.controller.PensionController         : STARTED - getStatusCode
2022-05-18 17:03:37.280  INFO [,b06d85364dcab82d,b06d85364dcab82d] 4084 --- [http-nio-9085-exec-3] c.c.controller.PensionController         : END - getStatusCode
2022-05-18 17:04:15.453  INFO [,ba0ae76fd408ab33,ba0ae76fd408ab33] 4084 --- [http-nio-9085-exec-4] c.c.controller.PensionController         : STARTED - getStatusCode
2022-05-18 17:04:15.465  INFO [,ba0ae76fd408ab33,ba0ae76fd408ab33] 4084 --- [http-nio-9085-exec-4] c.c.controller.PensionController         : END - getStatusCode
2022-05-18 17:09:17.120  INFO [,6c89df8fa9f7685e,6c89df8fa9f7685e] 4084 --- [http-nio-9085-exec-6] c.c.controller.PensionController         : STARTED - getStatusCode
2022-05-18 17:09:17.134  INFO [,6c89df8fa9f7685e,6c89df8fa9f7685e] 4084 --- [http-nio-9085-exec-6] c.c.controller.PensionController         : END - getStatusCode
2022-05-18 17:09:31.935  INFO [,f9f05f2d67972fe4,f9f05f2d67972fe4] 4084 --- [http-nio-9085-exec-7] c.c.controller.PensionController         : STARTED - getStatusCode
2022-05-18 17:09:31.946  INFO [,f9f05f2d67972fe4,f9f05f2d67972fe4] 4084 --- [http-nio-9085-exec-7] c.c.controller.PensionController         : END - getStatusCode
2022-05-18 17:09:41.329  INFO [,a07d26da948d861f,a07d26da948d861f] 4084 --- [http-nio-9085-exec-8] c.c.controller.PensionController         : STARTED - allDetail
2022-05-18 17:09:41.364  INFO [,a07d26da948d861f,a07d26da948d861f] 4084 --- [http-nio-9085-exec-8] c.c.controller.PensionController         : END - allDetail
2022-05-18 17:15:00.481  INFO [,370696340e2f89f9,370696340e2f89f9] 4084 --- [http-nio-9085-exec-10] c.c.controller.PensionController         : STARTED - allDetail
2022-05-18 17:15:00.505  INFO [,370696340e2f89f9,370696340e2f89f9] 4084 --- [http-nio-9085-exec-10] c.c.controller.PensionController         : END - allDetail
2022-05-18 17:34:41.990  INFO [,,] 4084 --- [RMI TCP Connection(70)-127.0.0.1] inMXBeanRegistrar$SpringApplicationAdmin : Application shutdown requested.
2022-05-18 17:34:44.763  INFO [,,] 4084 --- [RMI TCP Connection(70)-127.0.0.1] j.LocalContainerEntityManagerFactoryBean : Closing JPA EntityManagerFactory for persistence unit 'default'
2022-05-18 17:34:45.037  INFO [,,] 4084 --- [RMI TCP Connection(70)-127.0.0.1] .SchemaDropperImpl$DelayedDropActionImpl : HHH000477: Starting delayed evictData of schema as part of SessionFactory shut-down'
2022-05-18 17:34:45.662  WARN [,,] 4084 --- [RMI TCP Connection(70)-127.0.0.1] o.s.b.f.support.DisposableBeanAdapter    : Invocation of destroy method failed on bean with name 'inMemoryDatabaseShutdownExecutor': org.h2.jdbc.JdbcSQLNonTransientConnectionException: Database is already closed (to disable automatic closing at VM shutdown, add ";DB_CLOSE_ON_EXIT=FALSE" to the db URL) [90121-200]
2022-05-18 17:34:45.679  INFO [,,] 4084 --- [RMI TCP Connection(70)-127.0.0.1] com.zaxxer.hikari.HikariDataSource       : HikariPool-1 - Shutdown initiated...
2022-05-18 17:34:45.710  INFO [,,] 4084 --- [RMI TCP Connection(70)-127.0.0.1] com.zaxxer.hikari.HikariDataSource       : HikariPool-1 - Shutdown completed.
2022-05-18 17:56:54.456  INFO [,,] 16716 --- [restartedMain] c.c.PensionManagementPortalApplication   : Starting PensionManagementPortalApplication using Java 17.0.2 on LAPTOP-3BOKUJ1Q with PID 16716 (C:\Users\hp\git\PensionManagementSystem\Pension-Management-portal\target\classes started by hp in C:\Users\hp\git\PensionManagementSystem\Pension-Management-portal)
2022-05-18 17:56:54.478  INFO [,,] 16716 --- [restartedMain] c.c.PensionManagementPortalApplication   : No active profile set, falling back to default profiles: default
2022-05-18 17:56:55.148  INFO [,,] 16716 --- [restartedMain] .e.DevToolsPropertyDefaultsPostProcessor : Devtools property defaults active! Set 'spring.devtools.add-properties' to 'false' to disable
2022-05-18 17:56:55.170  INFO [,,] 16716 --- [restartedMain] .e.DevToolsPropertyDefaultsPostProcessor : For additional web related logging consider setting the 'logging.level.web' property to 'DEBUG'
2022-05-18 17:57:02.748  INFO [,,] 16716 --- [restartedMain] .s.d.r.c.RepositoryConfigurationDelegate : Bootstrapping Spring Data JPA repositories in DEFAULT mode.
2022-05-18 17:57:02.841  INFO [,,] 16716 --- [restartedMain] .s.d.r.c.RepositoryConfigurationDelegate : Finished Spring Data repository scanning in 23 ms. Found 0 JPA repository interfaces.
2022-05-18 17:57:04.218  INFO [,,] 16716 --- [restartedMain] o.s.cloud.context.scope.GenericScope     : BeanFactory id=8bbd7b7f-4f1e-3ea6-97bf-9168f5abcecf
2022-05-18 17:57:15.845  INFO [,,] 16716 --- [restartedMain] o.s.b.w.embedded.tomcat.TomcatWebServer  : Tomcat initialized with port(s): 9085 (http)
2022-05-18 17:57:15.865  INFO [,,] 16716 --- [restartedMain] o.apache.catalina.core.StandardService   : Starting service [Tomcat]
2022-05-18 17:57:15.866  INFO [,,] 16716 --- [restartedMain] org.apache.catalina.core.StandardEngine  : Starting Servlet engine: [Apache Tomcat/9.0.50]
2022-05-18 17:57:16.579  INFO [,,] 16716 --- [restartedMain] o.a.c.c.C.[Tomcat].[localhost].[/]       : Initializing Spring embedded WebApplicationContext
2022-05-18 17:57:16.580  INFO [,,] 16716 --- [restartedMain] w.s.c.ServletWebServerApplicationContext : Root WebApplicationContext: initialization completed in 21408 ms
2022-05-18 17:57:16.885  INFO [,,] 16716 --- [restartedMain] com.zaxxer.hikari.HikariDataSource       : HikariPool-1 - Starting...
2022-05-18 17:57:17.604  INFO [,,] 16716 --- [restartedMain] com.zaxxer.hikari.HikariDataSource       : HikariPool-1 - Start completed.
2022-05-18 17:57:17.621  INFO [,,] 16716 --- [restartedMain] o.s.b.a.h2.H2ConsoleAutoConfiguration    : H2 console available at '/h2-console'. Database available at 'jdbc:h2:mem:9908824d-2ebc-4c7a-9b37-30bba9876848'
2022-05-18 17:57:19.414  INFO [,,] 16716 --- [restartedMain] o.hibernate.jpa.internal.util.LogHelper  : HHH000204: Processing PersistenceUnitInfo [name: default]
2022-05-18 17:57:21.276  INFO [,,] 16716 --- [restartedMain] org.hibernate.Version                    : HHH000412: Hibernate ORM core version 5.4.32.Final
2022-05-18 17:57:29.253  INFO [,,] 16716 --- [restartedMain] o.hibernate.annotations.common.Version   : HCANN000001: Hibernate Commons Annotations {5.1.2.Final}
2022-05-18 17:57:33.945  INFO [,,] 16716 --- [restartedMain] org.hibernate.dialect.Dialect            : HHH000400: Using dialect: org.hibernate.dialect.H2Dialect
2022-05-18 17:57:37.587  INFO [,,] 16716 --- [restartedMain] o.h.e.t.j.p.i.JtaPlatformInitiator       : HHH000490: Using JtaPlatform implementation: [org.hibernate.engine.transaction.jta.platform.internal.NoJtaPlatform]
2022-05-18 17:57:37.755  INFO [,,] 16716 --- [restartedMain] j.LocalContainerEntityManagerFactoryBean : Initialized JPA EntityManagerFactory for persistence unit 'default'
2022-05-18 17:57:38.241  INFO [,,] 16716 --- [restartedMain] o.s.b.d.a.OptionalLiveReloadServer       : LiveReload server is running on port 35729
2022-05-18 17:57:39.160  WARN [,,] 16716 --- [restartedMain] JpaBaseConfiguration$JpaWebConfiguration : spring.jpa.open-in-view is enabled by default. Therefore, database queries may be performed during view rendering. Explicitly configure spring.jpa.open-in-view to disable this warning
2022-05-18 17:57:58.649  INFO [,,] 16716 --- [restartedMain] o.s.b.w.embedded.tomcat.TomcatWebServer  : Tomcat started on port(s): 9085 (http) with context path ''
2022-05-18 17:57:59.821  INFO [,,] 16716 --- [restartedMain] d.s.w.p.DocumentationPluginsBootstrapper : Context refreshed
2022-05-18 17:57:59.938  INFO [,,] 16716 --- [restartedMain] d.s.w.p.DocumentationPluginsBootstrapper : Found 1 custom documentation plugin(s)
2022-05-18 17:58:00.000  INFO [,,] 16716 --- [restartedMain] s.d.s.w.s.ApiListingReferenceScanner     : Scanning for api listing references
2022-05-18 17:58:00.968  INFO [,,] 16716 --- [restartedMain] c.c.PensionManagementPortalApplication   : Started PensionManagementPortalApplication in 68.5 seconds (JVM running for 71.412)
2022-05-18 18:29:09.843  INFO [,,] 16716 --- [http-nio-9085-exec-1] o.a.c.c.C.[Tomcat].[localhost].[/]       : Initializing Spring DispatcherServlet 'dispatcherServlet'
2022-05-18 18:29:09.894  INFO [,,] 16716 --- [http-nio-9085-exec-1] o.s.web.servlet.DispatcherServlet        : Initializing Servlet 'dispatcherServlet'
2022-05-18 18:29:11.226  INFO [,,] 16716 --- [http-nio-9085-exec-1] o.s.web.servlet.DispatcherServlet        : Completed initialization in 1331 ms
2022-05-18 18:29:14.723  INFO [,b8cbe93033e7d393,b8cbe93033e7d393] 16716 --- [http-nio-9085-exec-3] c.c.controller.PensionController         : STARTED - allDetail
2022-05-18 18:29:29.057  INFO [,b8cbe93033e7d393,b8cbe93033e7d393] 16716 --- [http-nio-9085-exec-3] c.c.controller.PensionController         : END - allDetail
2022-05-18 18:29:29.121  INFO [,c642a57e6abad8d5,c642a57e6abad8d5] 16716 --- [http-nio-9085-exec-4] c.c.controller.PensionController         : STARTED - allDetail
2022-05-18 18:29:29.228  INFO [,c642a57e6abad8d5,c642a57e6abad8d5] 16716 --- [http-nio-9085-exec-4] c.c.controller.PensionController         : END - allDetail
2022-05-18 18:54:41.952  INFO [,a3fa7aa2bcd4b449,a3fa7aa2bcd4b449] 16716 --- [http-nio-9085-exec-7] c.c.controller.PensionController         : STARTED - allDetail
2022-05-18 18:54:42.166  INFO [,a3fa7aa2bcd4b449,a3fa7aa2bcd4b449] 16716 --- [http-nio-9085-exec-7] c.c.controller.PensionController         : END - allDetail
