2021-08-19 12:23:31.552  INFO [ProcessPensionService,,] 5928 --- [restartedMain] .c.ProcessPensionMicroserviceApplication : Starting ProcessPensionMicroserviceApplication using Java 16.0.1 on DESKTOP-UBQ4MP1 with PID 5928 (C:\Users\Sanyam\Desktop\CTS-final-viva\PensionManagement\process-pension-microservice\target\classes started by Sanyam in C:\Users\Sanyam\Desktop\CTS-final-viva\PensionManagement\process-pension-microservice)
2021-08-19 12:23:31.557  INFO [ProcessPensionService,,] 5928 --- [restartedMain] .c.ProcessPensionMicroserviceApplication : No active profile set, falling back to default profiles: default
2021-08-19 12:23:31.674  INFO [ProcessPensionService,,] 5928 --- [restartedMain] .e.DevToolsPropertyDefaultsPostProcessor : Devtools property defaults active! Set 'spring.devtools.add-properties' to 'false' to disable
2021-08-19 12:23:31.675  INFO [ProcessPensionService,,] 5928 --- [restartedMain] .e.DevToolsPropertyDefaultsPostProcessor : For additional web related logging consider setting the 'logging.level.web' property to 'DEBUG'
2021-08-19 12:23:33.188  INFO [ProcessPensionService,,] 5928 --- [restartedMain] .s.d.r.c.RepositoryConfigurationDelegate : Bootstrapping Spring Data JPA repositories in DEFAULT mode.
2021-08-19 12:23:33.263  INFO [ProcessPensionService,,] 5928 --- [restartedMain] .s.d.r.c.RepositoryConfigurationDelegate : Finished Spring Data repository scanning in 61 ms. Found 1 JPA repository interfaces.
2021-08-19 12:23:33.769  INFO [ProcessPensionService,,] 5928 --- [restartedMain] o.s.cloud.context.scope.GenericScope     : BeanFactory id=b11fb4b4-e015-3294-9e32-177de9831041
2021-08-19 12:23:35.137  INFO [ProcessPensionService,,] 5928 --- [restartedMain] o.s.b.w.embedded.tomcat.TomcatWebServer  : Tomcat initialized with port(s): 9084 (http)
2021-08-19 12:23:35.153  INFO [ProcessPensionService,,] 5928 --- [restartedMain] o.apache.catalina.core.StandardService   : Starting service [Tomcat]
2021-08-19 12:23:35.153  INFO [ProcessPensionService,,] 5928 --- [restartedMain] org.apache.catalina.core.StandardEngine  : Starting Servlet engine: [Apache Tomcat/9.0.50]
2021-08-19 12:23:35.392  INFO [ProcessPensionService,,] 5928 --- [restartedMain] o.a.c.c.C.[Tomcat].[localhost].[/]       : Initializing Spring embedded WebApplicationContext
2021-08-19 12:23:35.393  INFO [ProcessPensionService,,] 5928 --- [restartedMain] w.s.c.ServletWebServerApplicationContext : Root WebApplicationContext: initialization completed in 3717 ms
2021-08-19 12:23:35.498  INFO [ProcessPensionService,,] 5928 --- [restartedMain] com.zaxxer.hikari.HikariDataSource       : HikariPool-1 - Starting...
2021-08-19 12:23:35.871  INFO [ProcessPensionService,,] 5928 --- [restartedMain] com.zaxxer.hikari.HikariDataSource       : HikariPool-1 - Start completed.
2021-08-19 12:23:35.880  INFO [ProcessPensionService,,] 5928 --- [restartedMain] o.s.b.a.h2.H2ConsoleAutoConfiguration    : H2 console available at '/h2-console'. Database available at 'jdbc:h2:mem:testDB'
2021-08-19 12:23:36.527  INFO [ProcessPensionService,,] 5928 --- [restartedMain] o.hibernate.jpa.internal.util.LogHelper  : HHH000204: Processing PersistenceUnitInfo [name: default]
2021-08-19 12:23:36.629  INFO [ProcessPensionService,,] 5928 --- [restartedMain] org.hibernate.Version                    : HHH000412: Hibernate ORM core version 5.4.32.Final
2021-08-19 12:23:36.858  INFO [ProcessPensionService,,] 5928 --- [restartedMain] o.hibernate.annotations.common.Version   : HCANN000001: Hibernate Commons Annotations {5.1.2.Final}
2021-08-19 12:23:37.070  INFO [ProcessPensionService,,] 5928 --- [restartedMain] org.hibernate.dialect.Dialect            : HHH000400: Using dialect: org.hibernate.dialect.H2Dialect
2021-08-19 12:23:38.085  INFO [ProcessPensionService,,] 5928 --- [restartedMain] o.h.e.t.j.p.i.JtaPlatformInitiator       : HHH000490: Using JtaPlatform implementation: [org.hibernate.engine.transaction.jta.platform.internal.NoJtaPlatform]
2021-08-19 12:23:38.104  INFO [ProcessPensionService,,] 5928 --- [restartedMain] j.LocalContainerEntityManagerFactoryBean : Initialized JPA EntityManagerFactory for persistence unit 'default'
2021-08-19 12:23:38.327  WARN [ProcessPensionService,,] 5928 --- [restartedMain] o.s.b.d.a.OptionalLiveReloadServer       : Unable to start LiveReload server
2021-08-19 12:23:38.810  WARN [ProcessPensionService,,] 5928 --- [restartedMain] JpaBaseConfiguration$JpaWebConfiguration : spring.jpa.open-in-view is enabled by default. Therefore, database queries may be performed during view rendering. Explicitly configure spring.jpa.open-in-view to disable this warning
2021-08-19 12:23:41.346  INFO [ProcessPensionService,,] 5928 --- [restartedMain] o.s.b.w.embedded.tomcat.TomcatWebServer  : Tomcat started on port(s): 9084 (http) with context path ''
2021-08-19 12:23:41.496  INFO [ProcessPensionService,,] 5928 --- [restartedMain] d.s.w.p.DocumentationPluginsBootstrapper : Context refreshed
2021-08-19 12:23:41.539  INFO [ProcessPensionService,,] 5928 --- [restartedMain] d.s.w.p.DocumentationPluginsBootstrapper : Found 1 custom documentation plugin(s)
2021-08-19 12:23:41.550  INFO [ProcessPensionService,,] 5928 --- [restartedMain] s.d.s.w.s.ApiListingReferenceScanner     : Scanning for api listing references
2021-08-19 12:23:41.801  INFO [ProcessPensionService,,] 5928 --- [restartedMain] .c.ProcessPensionMicroserviceApplication : Started ProcessPensionMicroserviceApplication in 11.035 seconds (JVM running for 12.497)
2021-08-19 12:35:32.052  INFO [ProcessPensionService,,] 5928 --- [RMI TCP Connection(16)-127.0.0.1] inMXBeanRegistrar$SpringApplicationAdmin : Application shutdown requested.
2021-08-19 12:35:32.240  INFO [ProcessPensionService,,] 5928 --- [RMI TCP Connection(16)-127.0.0.1] j.LocalContainerEntityManagerFactoryBean : Closing JPA EntityManagerFactory for persistence unit 'default'
2021-08-19 12:35:32.255  INFO [ProcessPensionService,,] 5928 --- [RMI TCP Connection(16)-127.0.0.1] .SchemaDropperImpl$DelayedDropActionImpl : HHH000477: Starting delayed evictData of schema as part of SessionFactory shut-down'
2021-08-19 12:35:32.542  WARN [ProcessPensionService,,] 5928 --- [RMI TCP Connection(16)-127.0.0.1] o.s.b.f.support.DisposableBeanAdapter    : Invocation of destroy method failed on bean with name 'inMemoryDatabaseShutdownExecutor': org.h2.jdbc.JdbcSQLNonTransientConnectionException: Database is already closed (to disable automatic closing at VM shutdown, add ";DB_CLOSE_ON_EXIT=FALSE" to the db URL) [90121-200]
2021-08-19 12:35:32.544  INFO [ProcessPensionService,,] 5928 --- [RMI TCP Connection(16)-127.0.0.1] com.zaxxer.hikari.HikariDataSource       : HikariPool-1 - Shutdown initiated...
2021-08-19 12:35:32.551  INFO [ProcessPensionService,,] 5928 --- [RMI TCP Connection(16)-127.0.0.1] com.zaxxer.hikari.HikariDataSource       : HikariPool-1 - Shutdown completed.
2021-08-19 12:37:16.706  INFO [ProcessPensionService,,] 12564 --- [restartedMain] .c.ProcessPensionMicroserviceApplication : Starting ProcessPensionMicroserviceApplication using Java 16.0.1 on DESKTOP-UBQ4MP1 with PID 12564 (C:\Users\Sanyam\Desktop\CTS-final-viva\PensionManagement\process-pension-microservice\target\classes started by Sanyam in C:\Users\Sanyam\Desktop\CTS-final-viva\PensionManagement\process-pension-microservice)
2021-08-19 12:37:16.723  INFO [ProcessPensionService,,] 12564 --- [restartedMain] .c.ProcessPensionMicroserviceApplication : No active profile set, falling back to default profiles: default
2021-08-19 12:37:16.819  INFO [ProcessPensionService,,] 12564 --- [restartedMain] .e.DevToolsPropertyDefaultsPostProcessor : Devtools property defaults active! Set 'spring.devtools.add-properties' to 'false' to disable
2021-08-19 12:37:16.820  INFO [ProcessPensionService,,] 12564 --- [restartedMain] .e.DevToolsPropertyDefaultsPostProcessor : For additional web related logging consider setting the 'logging.level.web' property to 'DEBUG'
2021-08-19 12:37:18.869  INFO [ProcessPensionService,,] 12564 --- [restartedMain] .s.d.r.c.RepositoryConfigurationDelegate : Bootstrapping Spring Data JPA repositories in DEFAULT mode.
2021-08-19 12:37:19.024  INFO [ProcessPensionService,,] 12564 --- [restartedMain] .s.d.r.c.RepositoryConfigurationDelegate : Finished Spring Data repository scanning in 143 ms. Found 1 JPA repository interfaces.
2021-08-19 12:37:19.433  INFO [ProcessPensionService,,] 12564 --- [restartedMain] o.s.cloud.context.scope.GenericScope     : BeanFactory id=b11fb4b4-e015-3294-9e32-177de9831041
2021-08-19 12:37:21.575  INFO [ProcessPensionService,,] 12564 --- [restartedMain] o.s.b.w.embedded.tomcat.TomcatWebServer  : Tomcat initialized with port(s): 9084 (http)
2021-08-19 12:37:21.674  INFO [ProcessPensionService,,] 12564 --- [restartedMain] o.apache.catalina.core.StandardService   : Starting service [Tomcat]
2021-08-19 12:37:21.675  INFO [ProcessPensionService,,] 12564 --- [restartedMain] org.apache.catalina.core.StandardEngine  : Starting Servlet engine: [Apache Tomcat/9.0.50]
2021-08-19 12:37:22.369  INFO [ProcessPensionService,,] 12564 --- [restartedMain] o.a.c.c.C.[Tomcat].[localhost].[/]       : Initializing Spring embedded WebApplicationContext
2021-08-19 12:37:22.370  INFO [ProcessPensionService,,] 12564 --- [restartedMain] w.s.c.ServletWebServerApplicationContext : Root WebApplicationContext: initialization completed in 5549 ms
2021-08-19 12:37:22.601  INFO [ProcessPensionService,,] 12564 --- [restartedMain] com.zaxxer.hikari.HikariDataSource       : HikariPool-1 - Starting...
2021-08-19 12:37:23.080  INFO [ProcessPensionService,,] 12564 --- [restartedMain] com.zaxxer.hikari.HikariDataSource       : HikariPool-1 - Start completed.
2021-08-19 12:37:23.093  INFO [ProcessPensionService,,] 12564 --- [restartedMain] o.s.b.a.h2.H2ConsoleAutoConfiguration    : H2 console available at '/h2-console'. Database available at 'jdbc:h2:mem:testDB'
2021-08-19 12:37:24.118  INFO [ProcessPensionService,,] 12564 --- [restartedMain] o.hibernate.jpa.internal.util.LogHelper  : HHH000204: Processing PersistenceUnitInfo [name: default]
2021-08-19 12:37:24.347  INFO [ProcessPensionService,,] 12564 --- [restartedMain] org.hibernate.Version                    : HHH000412: Hibernate ORM core version 5.4.32.Final
2021-08-19 12:37:24.996  INFO [ProcessPensionService,,] 12564 --- [restartedMain] o.hibernate.annotations.common.Version   : HCANN000001: Hibernate Commons Annotations {5.1.2.Final}
2021-08-19 12:37:25.485  INFO [ProcessPensionService,,] 12564 --- [restartedMain] org.hibernate.dialect.Dialect            : HHH000400: Using dialect: org.hibernate.dialect.H2Dialect
2021-08-19 12:37:28.200  INFO [ProcessPensionService,,] 12564 --- [restartedMain] o.h.e.t.j.p.i.JtaPlatformInitiator       : HHH000490: Using JtaPlatform implementation: [org.hibernate.engine.transaction.jta.platform.internal.NoJtaPlatform]
2021-08-19 12:37:28.252  INFO [ProcessPensionService,,] 12564 --- [restartedMain] j.LocalContainerEntityManagerFactoryBean : Initialized JPA EntityManagerFactory for persistence unit 'default'
2021-08-19 12:37:28.435  WARN [ProcessPensionService,,] 12564 --- [restartedMain] o.s.b.d.a.OptionalLiveReloadServer       : Unable to start LiveReload server
2021-08-19 12:37:28.836  WARN [ProcessPensionService,,] 12564 --- [restartedMain] JpaBaseConfiguration$JpaWebConfiguration : spring.jpa.open-in-view is enabled by default. Therefore, database queries may be performed during view rendering. Explicitly configure spring.jpa.open-in-view to disable this warning
2021-08-19 12:37:32.135  INFO [ProcessPensionService,,] 12564 --- [restartedMain] o.s.b.w.embedded.tomcat.TomcatWebServer  : Tomcat started on port(s): 9084 (http) with context path ''
2021-08-19 12:37:32.303  INFO [ProcessPensionService,,] 12564 --- [restartedMain] d.s.w.p.DocumentationPluginsBootstrapper : Context refreshed
2021-08-19 12:37:32.390  INFO [ProcessPensionService,,] 12564 --- [restartedMain] d.s.w.p.DocumentationPluginsBootstrapper : Found 1 custom documentation plugin(s)
2021-08-19 12:37:32.413  INFO [ProcessPensionService,,] 12564 --- [restartedMain] s.d.s.w.s.ApiListingReferenceScanner     : Scanning for api listing references
2021-08-19 12:37:32.920  INFO [ProcessPensionService,,] 12564 --- [restartedMain] .c.ProcessPensionMicroserviceApplication : Started ProcessPensionMicroserviceApplication in 17.412 seconds (JVM running for 18.615)
2021-08-19 12:38:03.498  INFO [ProcessPensionService,,] 12564 --- [http-nio-9084-exec-2] o.a.c.c.C.[Tomcat].[localhost].[/]       : Initializing Spring DispatcherServlet 'dispatcherServlet'
2021-08-19 12:38:03.499  INFO [ProcessPensionService,,] 12564 --- [http-nio-9084-exec-2] o.s.web.servlet.DispatcherServlet        : Initializing Servlet 'dispatcherServlet'
2021-08-19 12:38:03.503  INFO [ProcessPensionService,,] 12564 --- [http-nio-9084-exec-2] o.s.web.servlet.DispatcherServlet        : Completed initialization in 4 ms
2021-08-19 12:38:03.551  INFO [ProcessPensionService,368485747f2755f5,3d56bca41a8d120b] 12564 --- [http-nio-9084-exec-2] c.c.controller.ProcessPensionController  : STARTED - allDetail
2021-08-19 12:38:04.204  INFO [ProcessPensionService,368485747f2755f5,3d56bca41a8d120b] 12564 --- [http-nio-9084-exec-2] c.c.controller.ProcessPensionController  : END - allDetail
2021-08-19 12:40:37.998  INFO [ProcessPensionService,e6926b8820de9773,6b20ad133141f9b6] 12564 --- [http-nio-9084-exec-3] c.c.controller.ProcessPensionController  : STARTED - allDetail
2021-08-19 12:40:38.107  INFO [ProcessPensionService,e6926b8820de9773,6b20ad133141f9b6] 12564 --- [http-nio-9084-exec-3] c.c.service.ProcessPensionService        : STARTED - getPensionDetail
2021-08-19 12:40:38.107  INFO [ProcessPensionService,e6926b8820de9773,6b20ad133141f9b6] 12564 --- [http-nio-9084-exec-3] c.c.service.ProcessPensionService        : END - getPensionDetail
2021-08-19 12:40:38.108  INFO [ProcessPensionService,e6926b8820de9773,6b20ad133141f9b6] 12564 --- [http-nio-9084-exec-3] c.c.controller.ProcessPensionController  : END - allDetail
2021-08-19 12:40:38.108  INFO [ProcessPensionService,e6926b8820de9773,6b20ad133141f9b6] 12564 --- [http-nio-9084-exec-3] c.c.service.ProcessPensionService        : STARTED - savePensionDetail
2021-08-19 12:40:38.110  INFO [ProcessPensionService,e6926b8820de9773,6b20ad133141f9b6] 12564 --- [http-nio-9084-exec-3] c.c.service.ProcessPensionService        : END - savePensionDetail
2021-08-19 12:40:45.454  INFO [ProcessPensionService,680b70c9626b150b,4d096c34ee15a4c8] 12564 --- [http-nio-9084-exec-4] c.c.controller.ProcessPensionController  : STARTED - allDetail
2021-08-19 12:40:45.473  INFO [ProcessPensionService,680b70c9626b150b,4d096c34ee15a4c8] 12564 --- [http-nio-9084-exec-4] c.c.service.ProcessPensionService        : STARTED - getPensionDetail
2021-08-19 12:40:45.474  INFO [ProcessPensionService,680b70c9626b150b,4d096c34ee15a4c8] 12564 --- [http-nio-9084-exec-4] c.c.service.ProcessPensionService        : END - getPensionDetail
2021-08-19 12:40:45.474  INFO [ProcessPensionService,680b70c9626b150b,4d096c34ee15a4c8] 12564 --- [http-nio-9084-exec-4] c.c.controller.ProcessPensionController  : END - allDetail
2021-08-19 12:40:45.474  INFO [ProcessPensionService,680b70c9626b150b,4d096c34ee15a4c8] 12564 --- [http-nio-9084-exec-4] c.c.service.ProcessPensionService        : STARTED - savePensionDetail
2021-08-19 12:40:45.474  INFO [ProcessPensionService,680b70c9626b150b,4d096c34ee15a4c8] 12564 --- [http-nio-9084-exec-4] c.c.service.ProcessPensionService        : END - savePensionDetail
2021-08-19 12:41:45.343  INFO [ProcessPensionService,d886acafc17c34d4,f720f6b61816837e] 12564 --- [http-nio-9084-exec-5] c.c.controller.ProcessPensionController  : STARTED - allDetail
2021-08-19 12:41:45.362  INFO [ProcessPensionService,d886acafc17c34d4,f720f6b61816837e] 12564 --- [http-nio-9084-exec-5] c.c.controller.ProcessPensionController  : END - allDetail
2021-08-19 12:42:09.017  INFO [ProcessPensionService,4b25324ea6a70a41,c91d8549fcc58405] 12564 --- [http-nio-9084-exec-6] c.c.controller.ProcessPensionController  : STARTED - allDetail
2021-08-19 12:42:09.175 ERROR [ProcessPensionService,4b25324ea6a70a41,c91d8549fcc58405] 12564 --- [http-nio-9084-exec-6] c.c.controller.ProcessPensionController  : EXCEPTION - allDetail
2021-08-19 12:42:09.176  INFO [ProcessPensionService,4b25324ea6a70a41,c91d8549fcc58405] 12564 --- [http-nio-9084-exec-6] c.c.exception.ControllerAdviceClass      : START
2021-08-19 12:42:09.205  INFO [ProcessPensionService,4b25324ea6a70a41,c91d8549fcc58405] 12564 --- [http-nio-9084-exec-6] c.c.exception.ControllerAdviceClass      : END
2021-08-19 12:42:09.214  WARN [ProcessPensionService,4b25324ea6a70a41,c91d8549fcc58405] 12564 --- [http-nio-9084-exec-6] .m.m.a.ExceptionHandlerExceptionResolver : Resolved [com.cognizant.exception.ProcessPensionException: Pensioner Detail not coreect]
2021-08-19 12:42:09.335  INFO [ProcessPensionService,d39c156ce1927dc4,f285fd074262017b] 12564 --- [http-nio-9084-exec-8] c.c.controller.ProcessPensionController  : STARTED - allDetail
2021-08-19 12:42:09.359 ERROR [ProcessPensionService,d39c156ce1927dc4,f285fd074262017b] 12564 --- [http-nio-9084-exec-8] c.c.controller.ProcessPensionController  : EXCEPTION - allDetail
2021-08-19 12:42:09.360  INFO [ProcessPensionService,d39c156ce1927dc4,f285fd074262017b] 12564 --- [http-nio-9084-exec-8] c.c.exception.ControllerAdviceClass      : START
2021-08-19 12:42:09.360  INFO [ProcessPensionService,d39c156ce1927dc4,f285fd074262017b] 12564 --- [http-nio-9084-exec-8] c.c.exception.ControllerAdviceClass      : END
2021-08-19 12:42:09.361  WARN [ProcessPensionService,d39c156ce1927dc4,f285fd074262017b] 12564 --- [http-nio-9084-exec-8] .m.m.a.ExceptionHandlerExceptionResolver : Resolved [com.cognizant.exception.ProcessPensionException: Pensioner Detail not coreect]
2021-08-19 12:59:36.964  INFO [ProcessPensionService,,] 12564 --- [RMI TCP Connection(34)-127.0.0.1] inMXBeanRegistrar$SpringApplicationAdmin : Application shutdown requested.
2021-08-19 12:59:37.993  INFO [ProcessPensionService,,] 12564 --- [RMI TCP Connection(34)-127.0.0.1] j.LocalContainerEntityManagerFactoryBean : Closing JPA EntityManagerFactory for persistence unit 'default'
2021-08-19 12:59:37.996  INFO [ProcessPensionService,,] 12564 --- [RMI TCP Connection(34)-127.0.0.1] .SchemaDropperImpl$DelayedDropActionImpl : HHH000477: Starting delayed evictData of schema as part of SessionFactory shut-down'
2021-08-19 12:59:38.608  WARN [ProcessPensionService,,] 12564 --- [RMI TCP Connection(34)-127.0.0.1] o.s.b.f.support.DisposableBeanAdapter    : Invocation of destroy method failed on bean with name 'inMemoryDatabaseShutdownExecutor': org.h2.jdbc.JdbcSQLNonTransientConnectionException: Database is already closed (to disable automatic closing at VM shutdown, add ";DB_CLOSE_ON_EXIT=FALSE" to the db URL) [90121-200]
2021-08-19 12:59:38.612  INFO [ProcessPensionService,,] 12564 --- [RMI TCP Connection(34)-127.0.0.1] com.zaxxer.hikari.HikariDataSource       : HikariPool-1 - Shutdown initiated...
2021-08-19 12:59:38.642  INFO [ProcessPensionService,,] 12564 --- [RMI TCP Connection(34)-127.0.0.1] com.zaxxer.hikari.HikariDataSource       : HikariPool-1 - Shutdown completed.
2022-05-18 11:14:10.251  INFO [ProcessPensionService,,] 7472 --- [restartedMain] .c.ProcessPensionMicroserviceApplication : Starting ProcessPensionMicroserviceApplication using Java 17.0.2 on LAPTOP-3BOKUJ1Q with PID 7472 (C:\Users\hp\git\PensionManagementSystem\process-pension-microservice\target\classes started by hp in C:\Users\hp\git\PensionManagementSystem\process-pension-microservice)
2022-05-18 11:14:10.281  INFO [ProcessPensionService,,] 7472 --- [restartedMain] .c.ProcessPensionMicroserviceApplication : No active profile set, falling back to default profiles: default
2022-05-18 11:14:10.387  INFO [ProcessPensionService,,] 7472 --- [restartedMain] .e.DevToolsPropertyDefaultsPostProcessor : Devtools property defaults active! Set 'spring.devtools.add-properties' to 'false' to disable
2022-05-18 11:14:10.388  INFO [ProcessPensionService,,] 7472 --- [restartedMain] .e.DevToolsPropertyDefaultsPostProcessor : For additional web related logging consider setting the 'logging.level.web' property to 'DEBUG'
2022-05-18 11:14:12.803  INFO [ProcessPensionService,,] 7472 --- [restartedMain] .s.d.r.c.RepositoryConfigurationDelegate : Bootstrapping Spring Data JPA repositories in DEFAULT mode.
2022-05-18 11:14:13.009  INFO [ProcessPensionService,,] 7472 --- [restartedMain] .s.d.r.c.RepositoryConfigurationDelegate : Finished Spring Data repository scanning in 172 ms. Found 1 JPA repository interfaces.
2022-05-18 11:14:13.659  INFO [ProcessPensionService,,] 7472 --- [restartedMain] o.s.cloud.context.scope.GenericScope     : BeanFactory id=b11fb4b4-e015-3294-9e32-177de9831041
2022-05-18 11:14:14.815  INFO [ProcessPensionService,,] 7472 --- [restartedMain] o.s.b.w.embedded.tomcat.TomcatWebServer  : Tomcat initialized with port(s): 9084 (http)
2022-05-18 11:14:14.827  INFO [ProcessPensionService,,] 7472 --- [restartedMain] o.apache.catalina.core.StandardService   : Starting service [Tomcat]
2022-05-18 11:14:14.828  INFO [ProcessPensionService,,] 7472 --- [restartedMain] org.apache.catalina.core.StandardEngine  : Starting Servlet engine: [Apache Tomcat/9.0.50]
2022-05-18 11:14:15.008  INFO [ProcessPensionService,,] 7472 --- [restartedMain] o.a.c.c.C.[Tomcat].[localhost].[/]       : Initializing Spring embedded WebApplicationContext
2022-05-18 11:14:15.009  INFO [ProcessPensionService,,] 7472 --- [restartedMain] w.s.c.ServletWebServerApplicationContext : Root WebApplicationContext: initialization completed in 4620 ms
2022-05-18 11:14:15.119  INFO [ProcessPensionService,,] 7472 --- [restartedMain] com.zaxxer.hikari.HikariDataSource       : HikariPool-1 - Starting...
2022-05-18 11:14:15.392  INFO [ProcessPensionService,,] 7472 --- [restartedMain] com.zaxxer.hikari.HikariDataSource       : HikariPool-1 - Start completed.
2022-05-18 11:14:15.400  INFO [ProcessPensionService,,] 7472 --- [restartedMain] o.s.b.a.h2.H2ConsoleAutoConfiguration    : H2 console available at '/h2-console'. Database available at 'jdbc:h2:mem:testDB'
2022-05-18 11:14:16.061  INFO [ProcessPensionService,,] 7472 --- [restartedMain] o.hibernate.jpa.internal.util.LogHelper  : HHH000204: Processing PersistenceUnitInfo [name: default]
2022-05-18 11:14:16.124  INFO [ProcessPensionService,,] 7472 --- [restartedMain] org.hibernate.Version                    : HHH000412: Hibernate ORM core version 5.4.32.Final
2022-05-18 11:14:16.310  INFO [ProcessPensionService,,] 7472 --- [restartedMain] o.hibernate.annotations.common.Version   : HCANN000001: Hibernate Commons Annotations {5.1.2.Final}
2022-05-18 11:14:16.519  INFO [ProcessPensionService,,] 7472 --- [restartedMain] org.hibernate.dialect.Dialect            : HHH000400: Using dialect: org.hibernate.dialect.H2Dialect
2022-05-18 11:14:17.324  INFO [ProcessPensionService,,] 7472 --- [restartedMain] o.h.e.t.j.p.i.JtaPlatformInitiator       : HHH000490: Using JtaPlatform implementation: [org.hibernate.engine.transaction.jta.platform.internal.NoJtaPlatform]
2022-05-18 11:14:17.338  INFO [ProcessPensionService,,] 7472 --- [restartedMain] j.LocalContainerEntityManagerFactoryBean : Initialized JPA EntityManagerFactory for persistence unit 'default'
2022-05-18 11:14:17.463  WARN [ProcessPensionService,,] 7472 --- [restartedMain] o.s.b.d.a.OptionalLiveReloadServer       : Unable to start LiveReload server
2022-05-18 11:14:17.783  WARN [ProcessPensionService,,] 7472 --- [restartedMain] JpaBaseConfiguration$JpaWebConfiguration : spring.jpa.open-in-view is enabled by default. Therefore, database queries may be performed during view rendering. Explicitly configure spring.jpa.open-in-view to disable this warning
2022-05-18 11:14:20.382  INFO [ProcessPensionService,,] 7472 --- [restartedMain] o.s.b.w.embedded.tomcat.TomcatWebServer  : Tomcat started on port(s): 9084 (http) with context path ''
2022-05-18 11:14:20.614  INFO [ProcessPensionService,,] 7472 --- [restartedMain] d.s.w.p.DocumentationPluginsBootstrapper : Context refreshed
2022-05-18 11:14:20.640  INFO [ProcessPensionService,,] 7472 --- [restartedMain] d.s.w.p.DocumentationPluginsBootstrapper : Found 1 custom documentation plugin(s)
2022-05-18 11:14:20.655  INFO [ProcessPensionService,,] 7472 --- [restartedMain] s.d.s.w.s.ApiListingReferenceScanner     : Scanning for api listing references
2022-05-18 11:14:20.864  INFO [ProcessPensionService,,] 7472 --- [restartedMain] .c.ProcessPensionMicroserviceApplication : Started ProcessPensionMicroserviceApplication in 11.712 seconds (JVM running for 13.798)
2022-05-18 11:16:11.147  INFO [ProcessPensionService,,] 7472 --- [http-nio-9084-exec-1] o.a.c.c.C.[Tomcat].[localhost].[/]       : Initializing Spring DispatcherServlet 'dispatcherServlet'
2022-05-18 11:16:11.148  INFO [ProcessPensionService,,] 7472 --- [http-nio-9084-exec-1] o.s.web.servlet.DispatcherServlet        : Initializing Servlet 'dispatcherServlet'
2022-05-18 11:16:11.152  INFO [ProcessPensionService,,] 7472 --- [http-nio-9084-exec-1] o.s.web.servlet.DispatcherServlet        : Completed initialization in 4 ms
2022-05-18 11:16:11.253  INFO [ProcessPensionService,4740c254c9edb17b,8191cd55754c3901] 7472 --- [http-nio-9084-exec-1] c.c.controller.ProcessPensionController  : STARTED - allDetail
2022-05-18 11:16:11.939  INFO [ProcessPensionService,4740c254c9edb17b,8191cd55754c3901] 7472 --- [http-nio-9084-exec-1] c.c.controller.ProcessPensionController  : END - allDetail
2022-05-18 11:28:41.556  INFO [ProcessPensionService,0d4e1b58d5092f59,3b714b6c39c6799a] 7472 --- [http-nio-9084-exec-3] c.c.controller.ProcessPensionController  : STARTED - allDetail
2022-05-18 11:28:41.863  INFO [ProcessPensionService,0d4e1b58d5092f59,3b714b6c39c6799a] 7472 --- [http-nio-9084-exec-3] c.c.controller.ProcessPensionController  : END - allDetail
2022-05-18 11:29:34.680  INFO [ProcessPensionService,6ec0c7cb3e36d216,447177191bde20ab] 7472 --- [http-nio-9084-exec-4] c.c.controller.ProcessPensionController  : STARTED - allDetail
2022-05-18 11:29:34.696  INFO [ProcessPensionService,6ec0c7cb3e36d216,447177191bde20ab] 7472 --- [http-nio-9084-exec-4] c.c.controller.ProcessPensionController  : END - allDetail
2022-05-18 11:30:59.794  INFO [ProcessPensionService,aa8e0a9b36f3e9e1,747d4df13ac91892] 7472 --- [http-nio-9084-exec-6] c.c.controller.ProcessPensionController  : STARTED - allDetail
2022-05-18 11:31:00.102  INFO [ProcessPensionService,aa8e0a9b36f3e9e1,747d4df13ac91892] 7472 --- [http-nio-9084-exec-6] c.c.service.ProcessPensionService        : STARTED - getPensionDetail
2022-05-18 11:31:00.103  INFO [ProcessPensionService,aa8e0a9b36f3e9e1,747d4df13ac91892] 7472 --- [http-nio-9084-exec-6] c.c.service.ProcessPensionService        : END - getPensionDetail
2022-05-18 11:31:00.103  INFO [ProcessPensionService,aa8e0a9b36f3e9e1,747d4df13ac91892] 7472 --- [http-nio-9084-exec-6] c.c.controller.ProcessPensionController  : END - allDetail
2022-05-18 11:31:00.103  INFO [ProcessPensionService,aa8e0a9b36f3e9e1,747d4df13ac91892] 7472 --- [http-nio-9084-exec-6] c.c.service.ProcessPensionService        : STARTED - savePensionDetail
2022-05-18 11:31:00.103  INFO [ProcessPensionService,aa8e0a9b36f3e9e1,747d4df13ac91892] 7472 --- [http-nio-9084-exec-6] c.c.service.ProcessPensionService        : END - savePensionDetail
2022-05-18 13:10:02.818  INFO [ProcessPensionService,3d22280d9f360226,7b4c9662fc5eb046] 7472 --- [http-nio-9084-exec-8] c.c.controller.ProcessPensionController  : STARTED - allDetail
2022-05-18 13:10:02.985  INFO [ProcessPensionService,3d22280d9f360226,7b4c9662fc5eb046] 7472 --- [http-nio-9084-exec-8] c.c.controller.ProcessPensionController  : END - allDetail
2022-05-18 13:11:42.307  INFO [ProcessPensionService,,] 7472 --- [RMI TCP Connection(126)-127.0.0.1] inMXBeanRegistrar$SpringApplicationAdmin : Application shutdown requested.
2022-05-18 13:11:44.018  INFO [ProcessPensionService,,] 7472 --- [RMI TCP Connection(126)-127.0.0.1] j.LocalContainerEntityManagerFactoryBean : Closing JPA EntityManagerFactory for persistence unit 'default'
2022-05-18 13:11:44.022  INFO [ProcessPensionService,,] 7472 --- [RMI TCP Connection(126)-127.0.0.1] .SchemaDropperImpl$DelayedDropActionImpl : HHH000477: Starting delayed evictData of schema as part of SessionFactory shut-down'
2022-05-18 13:11:44.744  WARN [ProcessPensionService,,] 7472 --- [RMI TCP Connection(126)-127.0.0.1] o.s.b.f.support.DisposableBeanAdapter    : Invocation of destroy method failed on bean with name 'inMemoryDatabaseShutdownExecutor': org.h2.jdbc.JdbcSQLNonTransientConnectionException: Database is already closed (to disable automatic closing at VM shutdown, add ";DB_CLOSE_ON_EXIT=FALSE" to the db URL) [90121-200]
2022-05-18 13:11:44.746  INFO [ProcessPensionService,,] 7472 --- [RMI TCP Connection(126)-127.0.0.1] com.zaxxer.hikari.HikariDataSource       : HikariPool-1 - Shutdown initiated...
2022-05-18 13:11:44.750  INFO [ProcessPensionService,,] 7472 --- [RMI TCP Connection(126)-127.0.0.1] com.zaxxer.hikari.HikariDataSource       : HikariPool-1 - Shutdown completed.
2022-05-18 16:44:13.797  INFO [ProcessPensionService,,] 9896 --- [restartedMain] .c.ProcessPensionMicroserviceApplication : Starting ProcessPensionMicroserviceApplication using Java 17.0.2 on LAPTOP-3BOKUJ1Q with PID 9896 (C:\Users\hp\git\PensionManagementSystem\process-pension-microservice\target\classes started by hp in C:\Users\hp\git\PensionManagementSystem\process-pension-microservice)
2022-05-18 16:44:13.816  INFO [ProcessPensionService,,] 9896 --- [restartedMain] .c.ProcessPensionMicroserviceApplication : No active profile set, falling back to default profiles: default
2022-05-18 16:44:13.912  INFO [ProcessPensionService,,] 9896 --- [restartedMain] .e.DevToolsPropertyDefaultsPostProcessor : Devtools property defaults active! Set 'spring.devtools.add-properties' to 'false' to disable
2022-05-18 16:44:13.913  INFO [ProcessPensionService,,] 9896 --- [restartedMain] .e.DevToolsPropertyDefaultsPostProcessor : For additional web related logging consider setting the 'logging.level.web' property to 'DEBUG'
2022-05-18 16:44:17.062  INFO [ProcessPensionService,,] 9896 --- [restartedMain] .s.d.r.c.RepositoryConfigurationDelegate : Bootstrapping Spring Data JPA repositories in DEFAULT mode.
2022-05-18 16:44:17.165  INFO [ProcessPensionService,,] 9896 --- [restartedMain] .s.d.r.c.RepositoryConfigurationDelegate : Finished Spring Data repository scanning in 91 ms. Found 1 JPA repository interfaces.
2022-05-18 16:44:18.206  INFO [ProcessPensionService,,] 9896 --- [restartedMain] o.s.cloud.context.scope.GenericScope     : BeanFactory id=b11fb4b4-e015-3294-9e32-177de9831041
2022-05-18 16:44:20.474  INFO [ProcessPensionService,,] 9896 --- [restartedMain] o.s.b.w.embedded.tomcat.TomcatWebServer  : Tomcat initialized with port(s): 9084 (http)
2022-05-18 16:44:20.515  INFO [ProcessPensionService,,] 9896 --- [restartedMain] o.apache.catalina.core.StandardService   : Starting service [Tomcat]
2022-05-18 16:44:20.517  INFO [ProcessPensionService,,] 9896 --- [restartedMain] org.apache.catalina.core.StandardEngine  : Starting Servlet engine: [Apache Tomcat/9.0.50]
2022-05-18 16:44:20.824  INFO [ProcessPensionService,,] 9896 --- [restartedMain] o.a.c.c.C.[Tomcat].[localhost].[/]       : Initializing Spring embedded WebApplicationContext
2022-05-18 16:44:20.825  INFO [ProcessPensionService,,] 9896 --- [restartedMain] w.s.c.ServletWebServerApplicationContext : Root WebApplicationContext: initialization completed in 6911 ms
2022-05-18 16:44:20.956  INFO [ProcessPensionService,,] 9896 --- [restartedMain] com.zaxxer.hikari.HikariDataSource       : HikariPool-1 - Starting...
2022-05-18 16:44:21.236  INFO [ProcessPensionService,,] 9896 --- [restartedMain] com.zaxxer.hikari.HikariDataSource       : HikariPool-1 - Start completed.
2022-05-18 16:44:21.244  INFO [ProcessPensionService,,] 9896 --- [restartedMain] o.s.b.a.h2.H2ConsoleAutoConfiguration    : H2 console available at '/h2-console'. Database available at 'jdbc:h2:mem:testDB'
2022-05-18 16:44:21.841  INFO [ProcessPensionService,,] 9896 --- [restartedMain] o.hibernate.jpa.internal.util.LogHelper  : HHH000204: Processing PersistenceUnitInfo [name: default]
2022-05-18 16:44:21.907  INFO [ProcessPensionService,,] 9896 --- [restartedMain] org.hibernate.Version                    : HHH000412: Hibernate ORM core version 5.4.32.Final
2022-05-18 16:44:22.102  INFO [ProcessPensionService,,] 9896 --- [restartedMain] o.hibernate.annotations.common.Version   : HCANN000001: Hibernate Commons Annotations {5.1.2.Final}
2022-05-18 16:44:22.283  INFO [ProcessPensionService,,] 9896 --- [restartedMain] org.hibernate.dialect.Dialect            : HHH000400: Using dialect: org.hibernate.dialect.H2Dialect
2022-05-18 16:44:23.113  INFO [ProcessPensionService,,] 9896 --- [restartedMain] o.h.e.t.j.p.i.JtaPlatformInitiator       : HHH000490: Using JtaPlatform implementation: [org.hibernate.engine.transaction.jta.platform.internal.NoJtaPlatform]
2022-05-18 16:44:23.122  INFO [ProcessPensionService,,] 9896 --- [restartedMain] j.LocalContainerEntityManagerFactoryBean : Initialized JPA EntityManagerFactory for persistence unit 'default'
2022-05-18 16:44:23.413  WARN [ProcessPensionService,,] 9896 --- [restartedMain] o.s.b.d.a.OptionalLiveReloadServer       : Unable to start LiveReload server
2022-05-18 16:44:23.637  WARN [ProcessPensionService,,] 9896 --- [restartedMain] JpaBaseConfiguration$JpaWebConfiguration : spring.jpa.open-in-view is enabled by default. Therefore, database queries may be performed during view rendering. Explicitly configure spring.jpa.open-in-view to disable this warning
2022-05-18 16:44:25.887  INFO [ProcessPensionService,,] 9896 --- [restartedMain] o.s.b.w.embedded.tomcat.TomcatWebServer  : Tomcat started on port(s): 9084 (http) with context path ''
2022-05-18 16:44:26.120  INFO [ProcessPensionService,,] 9896 --- [restartedMain] d.s.w.p.DocumentationPluginsBootstrapper : Context refreshed
2022-05-18 16:44:26.147  INFO [ProcessPensionService,,] 9896 --- [restartedMain] d.s.w.p.DocumentationPluginsBootstrapper : Found 1 custom documentation plugin(s)
2022-05-18 16:44:26.162  INFO [ProcessPensionService,,] 9896 --- [restartedMain] s.d.s.w.s.ApiListingReferenceScanner     : Scanning for api listing references
2022-05-18 16:44:26.349  INFO [ProcessPensionService,,] 9896 --- [restartedMain] .c.ProcessPensionMicroserviceApplication : Started ProcessPensionMicroserviceApplication in 14.261 seconds (JVM running for 17.034)
2022-05-18 16:45:31.139  INFO [ProcessPensionService,,] 9896 --- [http-nio-9084-exec-1] o.a.c.c.C.[Tomcat].[localhost].[/]       : Initializing Spring DispatcherServlet 'dispatcherServlet'
2022-05-18 16:45:31.140  INFO [ProcessPensionService,,] 9896 --- [http-nio-9084-exec-1] o.s.web.servlet.DispatcherServlet        : Initializing Servlet 'dispatcherServlet'
2022-05-18 16:45:31.143  INFO [ProcessPensionService,,] 9896 --- [http-nio-9084-exec-1] o.s.web.servlet.DispatcherServlet        : Completed initialization in 3 ms
2022-05-18 16:45:31.204  INFO [ProcessPensionService,33a4ea398f9c096b,c974f44883be1a66] 9896 --- [http-nio-9084-exec-1] c.c.controller.ProcessPensionController  : STARTED - allDetail
2022-05-18 16:45:31.681  INFO [ProcessPensionService,33a4ea398f9c096b,c974f44883be1a66] 9896 --- [http-nio-9084-exec-1] c.c.controller.ProcessPensionController  : END - allDetail
2022-05-18 16:45:44.228  INFO [ProcessPensionService,7554bf14ff27d7cc,28283565e5c28d71] 9896 --- [http-nio-9084-exec-2] c.c.controller.ProcessPensionController  : STARTED - allDetail
2022-05-18 16:45:44.243  INFO [ProcessPensionService,7554bf14ff27d7cc,28283565e5c28d71] 9896 --- [http-nio-9084-exec-2] c.c.controller.ProcessPensionController  : END - allDetail
2022-05-18 16:46:49.992  INFO [ProcessPensionService,89ba9137a3d2b9cb,4087e7f1d1498c5e] 9896 --- [http-nio-9084-exec-4] c.c.controller.ProcessPensionController  : STARTED - allDetail
2022-05-18 16:46:50.066  INFO [ProcessPensionService,89ba9137a3d2b9cb,4087e7f1d1498c5e] 9896 --- [http-nio-9084-exec-4] c.c.service.ProcessPensionService        : STARTED - getPensionDetail
2022-05-18 16:46:50.067  INFO [ProcessPensionService,89ba9137a3d2b9cb,4087e7f1d1498c5e] 9896 --- [http-nio-9084-exec-4] c.c.service.ProcessPensionService        : END - getPensionDetail
2022-05-18 16:46:50.067  INFO [ProcessPensionService,89ba9137a3d2b9cb,4087e7f1d1498c5e] 9896 --- [http-nio-9084-exec-4] c.c.controller.ProcessPensionController  : END - allDetail
2022-05-18 16:46:50.067  INFO [ProcessPensionService,89ba9137a3d2b9cb,4087e7f1d1498c5e] 9896 --- [http-nio-9084-exec-4] c.c.service.ProcessPensionService        : STARTED - savePensionDetail
2022-05-18 16:46:50.067  INFO [ProcessPensionService,89ba9137a3d2b9cb,4087e7f1d1498c5e] 9896 --- [http-nio-9084-exec-4] c.c.service.ProcessPensionService        : END - savePensionDetail
2022-05-18 16:46:59.744  INFO [ProcessPensionService,1002f737f45dbe4e,60fc2877a32fe2d0] 9896 --- [http-nio-9084-exec-5] c.c.controller.ProcessPensionController  : STARTED - allDetail
2022-05-18 16:46:59.756  INFO [ProcessPensionService,1002f737f45dbe4e,60fc2877a32fe2d0] 9896 --- [http-nio-9084-exec-5] c.c.controller.ProcessPensionController  : END - allDetail
2022-05-18 16:51:09.174  INFO [ProcessPensionService,,] 9896 --- [Thread-1] j.LocalContainerEntityManagerFactoryBean : Closing JPA EntityManagerFactory for persistence unit 'default'
2022-05-18 16:51:09.175  INFO [ProcessPensionService,,] 9896 --- [Thread-1] .SchemaDropperImpl$DelayedDropActionImpl : HHH000477: Starting delayed evictData of schema as part of SessionFactory shut-down'
2022-05-18 16:51:09.425  WARN [ProcessPensionService,,] 9896 --- [Thread-1] o.s.b.f.support.DisposableBeanAdapter    : Invocation of destroy method failed on bean with name 'inMemoryDatabaseShutdownExecutor': org.h2.jdbc.JdbcSQLNonTransientConnectionException: Database is already closed (to disable automatic closing at VM shutdown, add ";DB_CLOSE_ON_EXIT=FALSE" to the db URL) [90121-200]
2022-05-18 16:51:09.426  INFO [ProcessPensionService,,] 9896 --- [Thread-1] com.zaxxer.hikari.HikariDataSource       : HikariPool-1 - Shutdown initiated...
2022-05-18 16:51:09.429  INFO [ProcessPensionService,,] 9896 --- [Thread-1] com.zaxxer.hikari.HikariDataSource       : HikariPool-1 - Shutdown completed.
2022-05-18 16:51:09.821  INFO [ProcessPensionService,,] 9896 --- [restartedMain] .c.ProcessPensionMicroserviceApplication : Starting ProcessPensionMicroserviceApplication using Java 17.0.2 on LAPTOP-3BOKUJ1Q with PID 9896 (C:\Users\hp\git\PensionManagementSystem\process-pension-microservice\target\classes started by hp in C:\Users\hp\git\PensionManagementSystem\process-pension-microservice)
2022-05-18 16:51:09.821  INFO [ProcessPensionService,,] 9896 --- [restartedMain] .c.ProcessPensionMicroserviceApplication : No active profile set, falling back to default profiles: default
2022-05-18 16:51:10.465  INFO [ProcessPensionService,,] 9896 --- [restartedMain] .s.d.r.c.RepositoryConfigurationDelegate : Bootstrapping Spring Data JPA repositories in DEFAULT mode.
2022-05-18 16:51:10.477  INFO [ProcessPensionService,,] 9896 --- [restartedMain] .s.d.r.c.RepositoryConfigurationDelegate : Finished Spring Data repository scanning in 11 ms. Found 1 JPA repository interfaces.
2022-05-18 16:51:10.616  INFO [ProcessPensionService,,] 9896 --- [restartedMain] o.s.cloud.context.scope.GenericScope     : BeanFactory id=b11fb4b4-e015-3294-9e32-177de9831041
2022-05-18 16:51:10.829  INFO [ProcessPensionService,,] 9896 --- [restartedMain] o.s.b.w.embedded.tomcat.TomcatWebServer  : Tomcat initialized with port(s): 9084 (http)
2022-05-18 16:51:10.830  INFO [ProcessPensionService,,] 9896 --- [restartedMain] o.apache.catalina.core.StandardService   : Starting service [Tomcat]
2022-05-18 16:51:10.830  INFO [ProcessPensionService,,] 9896 --- [restartedMain] org.apache.catalina.core.StandardEngine  : Starting Servlet engine: [Apache Tomcat/9.0.50]
2022-05-18 16:51:10.862  INFO [ProcessPensionService,,] 9896 --- [restartedMain] o.a.c.c.C.[Tomcat].[localhost].[/]       : Initializing Spring embedded WebApplicationContext
2022-05-18 16:51:10.862  INFO [ProcessPensionService,,] 9896 --- [restartedMain] w.s.c.ServletWebServerApplicationContext : Root WebApplicationContext: initialization completed in 1038 ms
2022-05-18 16:51:10.904  INFO [ProcessPensionService,,] 9896 --- [restartedMain] com.zaxxer.hikari.HikariDataSource       : HikariPool-2 - Starting...
2022-05-18 16:51:10.907  INFO [ProcessPensionService,,] 9896 --- [restartedMain] com.zaxxer.hikari.HikariDataSource       : HikariPool-2 - Start completed.
2022-05-18 16:51:10.908  INFO [ProcessPensionService,,] 9896 --- [restartedMain] o.s.b.a.h2.H2ConsoleAutoConfiguration    : H2 console available at '/h2-console'. Database available at 'jdbc:h2:mem:testDB'
2022-05-18 16:51:11.222  INFO [ProcessPensionService,,] 9896 --- [restartedMain] o.hibernate.jpa.internal.util.LogHelper  : HHH000204: Processing PersistenceUnitInfo [name: default]
2022-05-18 16:51:11.231  INFO [ProcessPensionService,,] 9896 --- [restartedMain] org.hibernate.dialect.Dialect            : HHH000400: Using dialect: org.hibernate.dialect.H2Dialect
2022-05-18 16:51:11.271  INFO [ProcessPensionService,,] 9896 --- [restartedMain] o.h.e.t.j.p.i.JtaPlatformInitiator       : HHH000490: Using JtaPlatform implementation: [org.hibernate.engine.transaction.jta.platform.internal.NoJtaPlatform]
2022-05-18 16:51:11.271  INFO [ProcessPensionService,,] 9896 --- [restartedMain] j.LocalContainerEntityManagerFactoryBean : Initialized JPA EntityManagerFactory for persistence unit 'default'
2022-05-18 16:51:11.342  WARN [ProcessPensionService,,] 9896 --- [restartedMain] o.s.b.d.a.OptionalLiveReloadServer       : Unable to start LiveReload server
2022-05-18 16:51:11.447  WARN [ProcessPensionService,,] 9896 --- [restartedMain] JpaBaseConfiguration$JpaWebConfiguration : spring.jpa.open-in-view is enabled by default. Therefore, database queries may be performed during view rendering. Explicitly configure spring.jpa.open-in-view to disable this warning
2022-05-18 16:51:12.743  INFO [ProcessPensionService,,] 9896 --- [restartedMain] o.s.b.w.embedded.tomcat.TomcatWebServer  : Tomcat started on port(s): 9084 (http) with context path ''
2022-05-18 16:51:12.960  INFO [ProcessPensionService,,] 9896 --- [restartedMain] d.s.w.p.DocumentationPluginsBootstrapper : Context refreshed
2022-05-18 16:51:12.961  INFO [ProcessPensionService,,] 9896 --- [restartedMain] d.s.w.p.DocumentationPluginsBootstrapper : Found 1 custom documentation plugin(s)
2022-05-18 16:51:12.964  INFO [ProcessPensionService,,] 9896 --- [restartedMain] s.d.s.w.s.ApiListingReferenceScanner     : Scanning for api listing references
2022-05-18 16:51:13.013  INFO [ProcessPensionService,,] 9896 --- [restartedMain] .c.ProcessPensionMicroserviceApplication : Started ProcessPensionMicroserviceApplication in 3.487 seconds (JVM running for 423.699)
2022-05-18 16:51:13.017  INFO [ProcessPensionService,,] 9896 --- [restartedMain] .ConditionEvaluationDeltaLoggingListener : Condition evaluation unchanged
2022-05-18 16:58:42.968  INFO [ProcessPensionService,,] 9896 --- [http-nio-9084-exec-1] o.a.c.c.C.[Tomcat].[localhost].[/]       : Initializing Spring DispatcherServlet 'dispatcherServlet'
2022-05-18 16:58:42.968  INFO [ProcessPensionService,,] 9896 --- [http-nio-9084-exec-1] o.s.web.servlet.DispatcherServlet        : Initializing Servlet 'dispatcherServlet'
2022-05-18 16:58:42.970  INFO [ProcessPensionService,,] 9896 --- [http-nio-9084-exec-1] o.s.web.servlet.DispatcherServlet        : Completed initialization in 1 ms
2022-05-18 16:58:42.974  INFO [ProcessPensionService,50d8e48b6efc88a3,a48c58de7761387e] 9896 --- [http-nio-9084-exec-1] c.c.controller.ProcessPensionController  : STARTED - allDetail
2022-05-18 16:58:42.999  INFO [ProcessPensionService,50d8e48b6efc88a3,a48c58de7761387e] 9896 --- [http-nio-9084-exec-1] c.c.service.ProcessPensionService        : STARTED - getPensionDetail
2022-05-18 16:58:42.999  INFO [ProcessPensionService,50d8e48b6efc88a3,a48c58de7761387e] 9896 --- [http-nio-9084-exec-1] c.c.service.ProcessPensionService        : END - getPensionDetail
2022-05-18 16:58:42.999  INFO [ProcessPensionService,50d8e48b6efc88a3,a48c58de7761387e] 9896 --- [http-nio-9084-exec-1] c.c.controller.ProcessPensionController  : END - allDetail
2022-05-18 16:58:43.000  INFO [ProcessPensionService,50d8e48b6efc88a3,a48c58de7761387e] 9896 --- [http-nio-9084-exec-1] c.c.service.ProcessPensionService        : STARTED - savePensionDetail
2022-05-18 16:58:43.000  INFO [ProcessPensionService,50d8e48b6efc88a3,a48c58de7761387e] 9896 --- [http-nio-9084-exec-1] c.c.service.ProcessPensionService        : END - savePensionDetail
2022-05-18 17:09:41.336  INFO [ProcessPensionService,a07d26da948d861f,6376cf230fd3ad44] 9896 --- [http-nio-9084-exec-2] c.c.controller.ProcessPensionController  : STARTED - allDetail
2022-05-18 17:09:41.356  INFO [ProcessPensionService,a07d26da948d861f,6376cf230fd3ad44] 9896 --- [http-nio-9084-exec-2] c.c.controller.ProcessPensionController  : END - allDetail
2022-05-18 17:15:00.487  INFO [ProcessPensionService,370696340e2f89f9,8f9db1d0012ceeb1] 9896 --- [http-nio-9084-exec-3] c.c.controller.ProcessPensionController  : STARTED - allDetail
2022-05-18 17:15:00.501  INFO [ProcessPensionService,370696340e2f89f9,8f9db1d0012ceeb1] 9896 --- [http-nio-9084-exec-3] c.c.controller.ProcessPensionController  : END - allDetail
2022-05-18 17:34:49.470  INFO [ProcessPensionService,,] 9896 --- [RMI TCP Connection(62)-127.0.0.1] inMXBeanRegistrar$SpringApplicationAdmin : Application shutdown requested.
2022-05-18 17:34:49.593  INFO [ProcessPensionService,,] 9896 --- [RMI TCP Connection(62)-127.0.0.1] j.LocalContainerEntityManagerFactoryBean : Closing JPA EntityManagerFactory for persistence unit 'default'
2022-05-18 17:34:49.596  INFO [ProcessPensionService,,] 9896 --- [RMI TCP Connection(62)-127.0.0.1] .SchemaDropperImpl$DelayedDropActionImpl : HHH000477: Starting delayed evictData of schema as part of SessionFactory shut-down'
2022-05-18 17:34:49.809  WARN [ProcessPensionService,,] 9896 --- [RMI TCP Connection(62)-127.0.0.1] o.s.b.f.support.DisposableBeanAdapter    : Invocation of destroy method failed on bean with name 'inMemoryDatabaseShutdownExecutor': org.h2.jdbc.JdbcSQLNonTransientConnectionException: Database is already closed (to disable automatic closing at VM shutdown, add ";DB_CLOSE_ON_EXIT=FALSE" to the db URL) [90121-200]
2022-05-18 17:34:49.811  INFO [ProcessPensionService,,] 9896 --- [RMI TCP Connection(62)-127.0.0.1] com.zaxxer.hikari.HikariDataSource       : HikariPool-2 - Shutdown initiated...
2022-05-18 17:34:49.812  INFO [ProcessPensionService,,] 9896 --- [RMI TCP Connection(62)-127.0.0.1] com.zaxxer.hikari.HikariDataSource       : HikariPool-2 - Shutdown completed.
2022-05-18 17:57:06.327  INFO [ProcessPensionService,,] 10460 --- [restartedMain] .c.ProcessPensionMicroserviceApplication : Starting ProcessPensionMicroserviceApplication using Java 17.0.2 on LAPTOP-3BOKUJ1Q with PID 10460 (C:\Users\hp\git\PensionManagementSystem\process-pension-microservice\target\classes started by hp in C:\Users\hp\git\PensionManagementSystem\process-pension-microservice)
2022-05-18 17:57:06.345  INFO [ProcessPensionService,,] 10460 --- [restartedMain] .c.ProcessPensionMicroserviceApplication : No active profile set, falling back to default profiles: default
2022-05-18 17:57:06.429  INFO [ProcessPensionService,,] 10460 --- [restartedMain] .e.DevToolsPropertyDefaultsPostProcessor : Devtools property defaults active! Set 'spring.devtools.add-properties' to 'false' to disable
2022-05-18 17:57:06.429  INFO [ProcessPensionService,,] 10460 --- [restartedMain] .e.DevToolsPropertyDefaultsPostProcessor : For additional web related logging consider setting the 'logging.level.web' property to 'DEBUG'
2022-05-18 17:57:08.541  INFO [ProcessPensionService,,] 10460 --- [restartedMain] .s.d.r.c.RepositoryConfigurationDelegate : Bootstrapping Spring Data JPA repositories in DEFAULT mode.
2022-05-18 17:57:08.608  INFO [ProcessPensionService,,] 10460 --- [restartedMain] .s.d.r.c.RepositoryConfigurationDelegate : Finished Spring Data repository scanning in 54 ms. Found 1 JPA repository interfaces.
2022-05-18 17:57:09.228  INFO [ProcessPensionService,,] 10460 --- [restartedMain] o.s.cloud.context.scope.GenericScope     : BeanFactory id=b11fb4b4-e015-3294-9e32-177de9831041
2022-05-18 17:57:15.852  INFO [ProcessPensionService,,] 10460 --- [restartedMain] o.s.b.w.embedded.tomcat.TomcatWebServer  : Tomcat initialized with port(s): 9084 (http)
2022-05-18 17:57:15.871  INFO [ProcessPensionService,,] 10460 --- [restartedMain] o.apache.catalina.core.StandardService   : Starting service [Tomcat]
2022-05-18 17:57:15.871  INFO [ProcessPensionService,,] 10460 --- [restartedMain] org.apache.catalina.core.StandardEngine  : Starting Servlet engine: [Apache Tomcat/9.0.50]
2022-05-18 17:57:16.565  INFO [ProcessPensionService,,] 10460 --- [restartedMain] o.a.c.c.C.[Tomcat].[localhost].[/]       : Initializing Spring embedded WebApplicationContext
2022-05-18 17:57:16.567  INFO [ProcessPensionService,,] 10460 --- [restartedMain] w.s.c.ServletWebServerApplicationContext : Root WebApplicationContext: initialization completed in 10137 ms
2022-05-18 17:57:16.860  INFO [ProcessPensionService,,] 10460 --- [restartedMain] com.zaxxer.hikari.HikariDataSource       : HikariPool-1 - Starting...
2022-05-18 17:57:17.528  INFO [ProcessPensionService,,] 10460 --- [restartedMain] com.zaxxer.hikari.HikariDataSource       : HikariPool-1 - Start completed.
2022-05-18 17:57:17.540  INFO [ProcessPensionService,,] 10460 --- [restartedMain] o.s.b.a.h2.H2ConsoleAutoConfiguration    : H2 console available at '/h2-console'. Database available at 'jdbc:h2:mem:testDB'
2022-05-18 17:57:19.408  INFO [ProcessPensionService,,] 10460 --- [restartedMain] o.hibernate.jpa.internal.util.LogHelper  : HHH000204: Processing PersistenceUnitInfo [name: default]
2022-05-18 17:57:21.268  INFO [ProcessPensionService,,] 10460 --- [restartedMain] org.hibernate.Version                    : HHH000412: Hibernate ORM core version 5.4.32.Final
2022-05-18 17:57:29.256  INFO [ProcessPensionService,,] 10460 --- [restartedMain] o.hibernate.annotations.common.Version   : HCANN000001: Hibernate Commons Annotations {5.1.2.Final}
2022-05-18 17:57:33.955  INFO [ProcessPensionService,,] 10460 --- [restartedMain] org.hibernate.dialect.Dialect            : HHH000400: Using dialect: org.hibernate.dialect.H2Dialect
2022-05-18 17:57:45.754  INFO [ProcessPensionService,,] 10460 --- [restartedMain] o.h.e.t.j.p.i.JtaPlatformInitiator       : HHH000490: Using JtaPlatform implementation: [org.hibernate.engine.transaction.jta.platform.internal.NoJtaPlatform]
2022-05-18 17:57:45.769  INFO [ProcessPensionService,,] 10460 --- [restartedMain] j.LocalContainerEntityManagerFactoryBean : Initialized JPA EntityManagerFactory for persistence unit 'default'
2022-05-18 17:57:45.957  WARN [ProcessPensionService,,] 10460 --- [restartedMain] o.s.b.d.a.OptionalLiveReloadServer       : Unable to start LiveReload server
2022-05-18 17:57:46.414  WARN [ProcessPensionService,,] 10460 --- [restartedMain] JpaBaseConfiguration$JpaWebConfiguration : spring.jpa.open-in-view is enabled by default. Therefore, database queries may be performed during view rendering. Explicitly configure spring.jpa.open-in-view to disable this warning
2022-05-18 17:57:58.697  INFO [ProcessPensionService,,] 10460 --- [restartedMain] o.s.b.w.embedded.tomcat.TomcatWebServer  : Tomcat started on port(s): 9084 (http) with context path ''
2022-05-18 17:57:59.920  INFO [ProcessPensionService,,] 10460 --- [restartedMain] d.s.w.p.DocumentationPluginsBootstrapper : Context refreshed
2022-05-18 17:57:59.981  INFO [ProcessPensionService,,] 10460 --- [restartedMain] d.s.w.p.DocumentationPluginsBootstrapper : Found 1 custom documentation plugin(s)
2022-05-18 17:58:00.054  INFO [ProcessPensionService,,] 10460 --- [restartedMain] s.d.s.w.s.ApiListingReferenceScanner     : Scanning for api listing references
2022-05-18 17:58:00.948  INFO [ProcessPensionService,,] 10460 --- [restartedMain] .c.ProcessPensionMicroserviceApplication : Started ProcessPensionMicroserviceApplication in 55.823 seconds (JVM running for 58.26)
2022-05-18 18:29:17.252  INFO [ProcessPensionService,,] 10460 --- [http-nio-9084-exec-1] o.a.c.c.C.[Tomcat].[localhost].[/]       : Initializing Spring DispatcherServlet 'dispatcherServlet'
2022-05-18 18:29:17.268  INFO [ProcessPensionService,,] 10460 --- [http-nio-9084-exec-1] o.s.web.servlet.DispatcherServlet        : Initializing Servlet 'dispatcherServlet'
2022-05-18 18:29:17.448  INFO [ProcessPensionService,,] 10460 --- [http-nio-9084-exec-1] o.s.web.servlet.DispatcherServlet        : Completed initialization in 159 ms
2022-05-18 18:29:18.598  INFO [ProcessPensionService,b8cbe93033e7d393,bff374575ba1d9cf] 10460 --- [http-nio-9084-exec-1] c.c.controller.ProcessPensionController  : STARTED - allDetail
2022-05-18 18:29:28.673  INFO [ProcessPensionService,b8cbe93033e7d393,bff374575ba1d9cf] 10460 --- [http-nio-9084-exec-1] c.c.controller.ProcessPensionController  : END - allDetail
2022-05-18 18:29:29.151  INFO [ProcessPensionService,c642a57e6abad8d5,eba954176dc59084] 10460 --- [http-nio-9084-exec-2] c.c.controller.ProcessPensionController  : STARTED - allDetail
2022-05-18 18:29:29.221  INFO [ProcessPensionService,c642a57e6abad8d5,eba954176dc59084] 10460 --- [http-nio-9084-exec-2] c.c.controller.ProcessPensionController  : END - allDetail
2022-05-18 18:54:42.001  INFO [ProcessPensionService,a3fa7aa2bcd4b449,c7364ea1d69310a4] 10460 --- [http-nio-9084-exec-4] c.c.controller.ProcessPensionController  : STARTED - allDetail
2022-05-18 18:54:42.129  INFO [ProcessPensionService,a3fa7aa2bcd4b449,c7364ea1d69310a4] 10460 --- [http-nio-9084-exec-4] c.c.controller.ProcessPensionController  : END - allDetail
